{
"/Users/pleerock/www/opensource/nodejs/typeorm/build/es5/src/index.js":{"path":"/Users/pleerock/www/opensource/nodejs/typeorm/build/es5/src/index.js","s":{"1":1,"2":1,"3":1,"4":1,"5":283,"6":14,"7":283,"8":1,"9":0,"10":1,"11":1,"12":281,"13":1,"14":1,"15":1,"16":241,"17":1,"18":240,"19":0,"20":241,"21":1,"22":1,"23":1,"24":28,"25":1,"26":27,"27":0,"28":28,"29":1,"30":1,"31":14,"32":1,"33":1,"34":1,"35":1,"36":1,"37":1,"38":1,"39":1,"40":1,"41":1,"42":1,"43":1,"44":1},"b":{"1":[14,269],"2":[1,240],"3":[241,1],"4":[0,240],"5":[1,27],"6":[28,1],"7":[0,27]},"f":{"1":1,"2":283,"3":0,"4":281,"5":241,"6":28,"7":14},"fnMap":{"1":{"name":"(anonymous_1)","line":15,"loc":{"start":{"line":15,"column":15},"end":{"line":15,"column":18}}},"2":{"name":"(anonymous_2)","line":18,"loc":{"start":{"line":18,"column":7},"end":{"line":18,"column":19}}},"3":{"name":"useContainer","line":30,"loc":{"start":{"line":30,"column":0},"end":{"line":30,"column":36}}},"4":{"name":"getFromContainer","line":37,"loc":{"start":{"line":37,"column":0},"end":{"line":37,"column":37}}},"5":{"name":"getMetadataArgsStorage","line":51,"loc":{"start":{"line":51,"column":0},"end":{"line":51,"column":34}}},"6":{"name":"getConnectionManager","line":71,"loc":{"start":{"line":71,"column":0},"end":{"line":71,"column":32}}},"7":{"name":"createConnection","line":84,"loc":{"start":{"line":84,"column":0},"end":{"line":84,"column":35}}}},"statementMap":{"1":{"start":{"line":5,"column":0},"end":{"line":5,"column":78}},"2":{"start":{"line":6,"column":0},"end":{"line":6,"column":77}},"3":{"start":{"line":14,"column":0},"end":{"line":24,"column":4}},"4":{"start":{"line":16,"column":8},"end":{"line":16,"column":28}},"5":{"start":{"line":19,"column":8},"end":{"line":20,"column":56}},"6":{"start":{"line":20,"column":12},"end":{"line":20,"column":56}},"7":{"start":{"line":21,"column":8},"end":{"line":21,"column":41}},"8":{"start":{"line":30,"column":0},"end":{"line":32,"column":1}},"9":{"start":{"line":31,"column":4},"end":{"line":31,"column":29}},"10":{"start":{"line":33,"column":0},"end":{"line":33,"column":36}},"11":{"start":{"line":37,"column":0},"end":{"line":39,"column":1}},"12":{"start":{"line":38,"column":4},"end":{"line":38,"column":36}},"13":{"start":{"line":40,"column":0},"end":{"line":40,"column":44}},"14":{"start":{"line":47,"column":0},"end":{"line":47,"column":24}},"15":{"start":{"line":51,"column":0},"end":{"line":59,"column":1}},"16":{"start":{"line":52,"column":4},"end":{"line":57,"column":5}},"17":{"start":{"line":53,"column":8},"end":{"line":53,"column":87}},"18":{"start":{"line":55,"column":9},"end":{"line":57,"column":5}},"19":{"start":{"line":56,"column":8},"end":{"line":56,"column":78}},"20":{"start":{"line":58,"column":4},"end":{"line":58,"column":31}},"21":{"start":{"line":60,"column":0},"end":{"line":60,"column":56}},"22":{"start":{"line":67,"column":0},"end":{"line":67,"column":22}},"23":{"start":{"line":71,"column":0},"end":{"line":79,"column":1}},"24":{"start":{"line":72,"column":4},"end":{"line":77,"column":5}},"25":{"start":{"line":73,"column":8},"end":{"line":73,"column":81}},"26":{"start":{"line":75,"column":9},"end":{"line":77,"column":5}},"27":{"start":{"line":76,"column":8},"end":{"line":76,"column":72}},"28":{"start":{"line":78,"column":4},"end":{"line":78,"column":29}},"29":{"start":{"line":80,"column":0},"end":{"line":80,"column":52}},"30":{"start":{"line":84,"column":0},"end":{"line":86,"column":1}},"31":{"start":{"line":85,"column":4},"end":{"line":85,"column":60}},"32":{"start":{"line":87,"column":0},"end":{"line":87,"column":44}},"33":{"start":{"line":91,"column":0},"end":{"line":91,"column":54}},"34":{"start":{"line":92,"column":0},"end":{"line":92,"column":45}},"35":{"start":{"line":93,"column":0},"end":{"line":93,"column":76}},"36":{"start":{"line":94,"column":0},"end":{"line":94,"column":66}},"37":{"start":{"line":95,"column":0},"end":{"line":95,"column":52}},"38":{"start":{"line":96,"column":0},"end":{"line":96,"column":48}},"39":{"start":{"line":97,"column":0},"end":{"line":97,"column":61}},"40":{"start":{"line":98,"column":0},"end":{"line":98,"column":51}},"41":{"start":{"line":99,"column":0},"end":{"line":99,"column":64}},"42":{"start":{"line":100,"column":0},"end":{"line":100,"column":54}},"43":{"start":{"line":101,"column":0},"end":{"line":101,"column":54}},"44":{"start":{"line":102,"column":0},"end":{"line":102,"column":45}}},"branchMap":{"1":{"line":19,"type":"if","locations":[{"start":{"line":19,"column":8},"end":{"line":19,"column":8}},{"start":{"line":19,"column":8},"end":{"line":19,"column":8}}]},"2":{"line":52,"type":"if","locations":[{"start":{"line":52,"column":4},"end":{"line":52,"column":4}},{"start":{"line":52,"column":4},"end":{"line":52,"column":4}}]},"3":{"line":52,"type":"binary-expr","locations":[{"start":{"line":52,"column":8},"end":{"line":52,"column":28}},{"start":{"line":52,"column":32},"end":{"line":52,"column":41}}]},"4":{"line":55,"type":"if","locations":[{"start":{"line":55,"column":9},"end":{"line":55,"column":9}},{"start":{"line":55,"column":9},"end":{"line":55,"column":9}}]},"5":{"line":72,"type":"if","locations":[{"start":{"line":72,"column":4},"end":{"line":72,"column":4}},{"start":{"line":72,"column":4},"end":{"line":72,"column":4}}]},"6":{"line":72,"type":"binary-expr","locations":[{"start":{"line":72,"column":8},"end":{"line":72,"column":26}},{"start":{"line":72,"column":30},"end":{"line":72,"column":39}}]},"7":{"line":75,"type":"if","locations":[{"start":{"line":75,"column":9},"end":{"line":75,"column":9}},{"start":{"line":75,"column":9},"end":{"line":75,"column":9}}]}},"l":{"5":1,"6":1,"14":1,"16":1,"19":283,"20":14,"21":283,"30":1,"31":0,"33":1,"37":1,"38":281,"40":1,"47":1,"51":1,"52":241,"53":1,"55":240,"56":0,"58":241,"60":1,"67":1,"71":1,"72":28,"73":1,"75":27,"76":0,"78":28,"80":1,"84":1,"85":14,"87":1,"91":1,"92":1,"93":1,"94":1,"95":1,"96":1,"97":1,"98":1,"99":1,"100":1,"101":1,"102":1}},
"/Users/pleerock/www/opensource/nodejs/typeorm/build/es5/src/connection-manager/ConnectionManager.js":{"path":"/Users/pleerock/www/opensource/nodejs/typeorm/build/es5/src/connection-manager/ConnectionManager.js","s":{"1":1,"2":1,"3":1,"4":1,"5":1,"6":1,"7":28,"8":28,"9":28,"10":0,"11":28,"12":0,"13":28,"14":1,"15":28,"16":14,"17":28,"18":0,"19":28,"20":0,"21":28,"22":0,"23":28,"24":0,"25":28,"26":0,"27":28,"28":0,"29":28,"30":0,"31":0,"32":0,"33":0,"34":0,"35":0,"36":0,"37":28,"38":28,"39":0,"40":0,"41":28,"42":27,"43":28,"44":27,"45":28,"46":28,"47":28,"48":1},"b":{"1":[28,28],"2":[0,28],"3":[28,0],"4":[0,28],"5":[1,27],"6":[28,6],"7":[14,14],"8":[0,28],"9":[28,0],"10":[0,28],"11":[0,28],"12":[28,0],"13":[0,28],"14":[0,28],"15":[28,0],"16":[0,28],"17":[28,0],"18":[0,0],"19":[0,0],"20":[28,0,0],"21":[27,1]},"f":{"1":1,"2":28,"3":0,"4":28,"5":28},"fnMap":{"1":{"name":"(anonymous_1)","line":12,"loc":{"start":{"line":12,"column":15},"end":{"line":12,"column":18}}},"2":{"name":"(anonymous_2)","line":24,"loc":{"start":{"line":24,"column":10},"end":{"line":24,"column":20}}},"3":{"name":"(anonymous_3)","line":53,"loc":{"start":{"line":53,"column":7},"end":{"line":53,"column":26}}},"4":{"name":"(anonymous_4)","line":64,"loc":{"start":{"line":64,"column":16},"end":{"line":64,"column":29}}},"5":{"name":"(anonymous_5)","line":77,"loc":{"start":{"line":77,"column":20},"end":{"line":77,"column":44}}}},"statementMap":{"1":{"start":{"line":2,"column":0},"end":{"line":2,"column":57}},"2":{"start":{"line":3,"column":0},"end":{"line":3,"column":77}},"3":{"start":{"line":4,"column":0},"end":{"line":4,"column":55}},"4":{"start":{"line":5,"column":0},"end":{"line":5,"column":67}},"5":{"start":{"line":6,"column":0},"end":{"line":6,"column":61}},"6":{"start":{"line":16,"column":8},"end":{"line":16,"column":30}},"7":{"start":{"line":25,"column":8},"end":{"line":25,"column":57}},"8":{"start":{"line":26,"column":8},"end":{"line":26,"column":114}},"9":{"start":{"line":27,"column":8},"end":{"line":28,"column":90}},"10":{"start":{"line":28,"column":12},"end":{"line":28,"column":90}},"11":{"start":{"line":29,"column":8},"end":{"line":30,"column":66}},"12":{"start":{"line":30,"column":12},"end":{"line":30,"column":66}},"13":{"start":{"line":31,"column":8},"end":{"line":32,"column":80}},"14":{"start":{"line":32,"column":12},"end":{"line":32,"column":80}},"15":{"start":{"line":33,"column":8},"end":{"line":34,"column":56}},"16":{"start":{"line":34,"column":12},"end":{"line":34,"column":56}},"17":{"start":{"line":35,"column":8},"end":{"line":36,"column":87}},"18":{"start":{"line":36,"column":12},"end":{"line":36,"column":87}},"19":{"start":{"line":37,"column":8},"end":{"line":38,"column":62}},"20":{"start":{"line":38,"column":12},"end":{"line":38,"column":62}},"21":{"start":{"line":39,"column":8},"end":{"line":40,"column":96}},"22":{"start":{"line":40,"column":12},"end":{"line":40,"column":96}},"23":{"start":{"line":41,"column":8},"end":{"line":42,"column":72}},"24":{"start":{"line":42,"column":12},"end":{"line":42,"column":72}},"25":{"start":{"line":43,"column":8},"end":{"line":44,"column":69}},"26":{"start":{"line":44,"column":12},"end":{"line":44,"column":69}},"27":{"start":{"line":45,"column":8},"end":{"line":46,"column":69}},"28":{"start":{"line":46,"column":12},"end":{"line":46,"column":69}},"29":{"start":{"line":47,"column":8},"end":{"line":47,"column":26}},"30":{"start":{"line":54,"column":8},"end":{"line":55,"column":29}},"31":{"start":{"line":55,"column":12},"end":{"line":55,"column":29}},"32":{"start":{"line":56,"column":8},"end":{"line":56,"column":89}},"33":{"start":{"line":56,"column":63},"end":{"line":56,"column":87}},"34":{"start":{"line":57,"column":8},"end":{"line":58,"column":78}},"35":{"start":{"line":58,"column":12},"end":{"line":58,"column":78}},"36":{"start":{"line":59,"column":8},"end":{"line":59,"column":26}},"37":{"start":{"line":65,"column":8},"end":{"line":72,"column":9}},"38":{"start":{"line":67,"column":16},"end":{"line":67,"column":55}},"39":{"start":{"line":69,"column":16},"end":{"line":69,"column":61}},"40":{"start":{"line":71,"column":16},"end":{"line":71,"column":78}},"41":{"start":{"line":78,"column":8},"end":{"line":78,"column":94}},"42":{"start":{"line":78,"column":68},"end":{"line":78,"column":92}},"43":{"start":{"line":79,"column":8},"end":{"line":80,"column":82}},"44":{"start":{"line":80,"column":12},"end":{"line":80,"column":82}},"45":{"start":{"line":81,"column":8},"end":{"line":81,"column":78}},"46":{"start":{"line":82,"column":8},"end":{"line":82,"column":42}},"47":{"start":{"line":83,"column":8},"end":{"line":83,"column":26}},"48":{"start":{"line":86,"column":0},"end":{"line":86,"column":46}}},"branchMap":{"1":{"line":26,"type":"binary-expr","locations":[{"start":{"line":26,"column":49},"end":{"line":26,"column":71}},{"start":{"line":26,"column":75},"end":{"line":26,"column":84}}]},"2":{"line":27,"type":"if","locations":[{"start":{"line":27,"column":8},"end":{"line":27,"column":8}},{"start":{"line":27,"column":8},"end":{"line":27,"column":8}}]},"3":{"line":27,"type":"binary-expr","locations":[{"start":{"line":27,"column":12},"end":{"line":27,"column":43}},{"start":{"line":27,"column":47},"end":{"line":27,"column":89}}]},"4":{"line":29,"type":"if","locations":[{"start":{"line":29,"column":8},"end":{"line":29,"column":8}},{"start":{"line":29,"column":8},"end":{"line":29,"column":8}}]},"5":{"line":31,"type":"if","locations":[{"start":{"line":31,"column":8},"end":{"line":31,"column":8}},{"start":{"line":31,"column":8},"end":{"line":31,"column":8}}]},"6":{"line":31,"type":"binary-expr","locations":[{"start":{"line":31,"column":12},"end":{"line":31,"column":37}},{"start":{"line":31,"column":41},"end":{"line":31,"column":77}}]},"7":{"line":33,"type":"if","locations":[{"start":{"line":33,"column":8},"end":{"line":33,"column":8}},{"start":{"line":33,"column":8},"end":{"line":33,"column":8}}]},"8":{"line":35,"type":"if","locations":[{"start":{"line":35,"column":8},"end":{"line":35,"column":8}},{"start":{"line":35,"column":8},"end":{"line":35,"column":8}}]},"9":{"line":35,"type":"binary-expr","locations":[{"start":{"line":35,"column":12},"end":{"line":35,"column":41}},{"start":{"line":35,"column":45},"end":{"line":35,"column":85}}]},"10":{"line":37,"type":"if","locations":[{"start":{"line":37,"column":8},"end":{"line":37,"column":8}},{"start":{"line":37,"column":8},"end":{"line":37,"column":8}}]},"11":{"line":39,"type":"if","locations":[{"start":{"line":39,"column":8},"end":{"line":39,"column":8}},{"start":{"line":39,"column":8},"end":{"line":39,"column":8}}]},"12":{"line":39,"type":"binary-expr","locations":[{"start":{"line":39,"column":12},"end":{"line":39,"column":45}},{"start":{"line":39,"column":49},"end":{"line":39,"column":93}}]},"13":{"line":41,"type":"if","locations":[{"start":{"line":41,"column":8},"end":{"line":41,"column":8}},{"start":{"line":41,"column":8},"end":{"line":41,"column":8}}]},"14":{"line":43,"type":"if","locations":[{"start":{"line":43,"column":8},"end":{"line":43,"column":8}},{"start":{"line":43,"column":8},"end":{"line":43,"column":8}}]},"15":{"line":43,"type":"binary-expr","locations":[{"start":{"line":43,"column":12},"end":{"line":43,"column":38}},{"start":{"line":43,"column":42},"end":{"line":43,"column":88}}]},"16":{"line":45,"type":"if","locations":[{"start":{"line":45,"column":8},"end":{"line":45,"column":8}},{"start":{"line":45,"column":8},"end":{"line":45,"column":8}}]},"17":{"line":45,"type":"binary-expr","locations":[{"start":{"line":45,"column":12},"end":{"line":45,"column":38}},{"start":{"line":45,"column":42},"end":{"line":45,"column":88}}]},"18":{"line":54,"type":"if","locations":[{"start":{"line":54,"column":8},"end":{"line":54,"column":8}},{"start":{"line":54,"column":8},"end":{"line":54,"column":8}}]},"19":{"line":57,"type":"if","locations":[{"start":{"line":57,"column":8},"end":{"line":57,"column":8}},{"start":{"line":57,"column":8},"end":{"line":57,"column":8}}]},"20":{"line":65,"type":"switch","locations":[{"start":{"line":66,"column":12},"end":{"line":67,"column":55}},{"start":{"line":68,"column":12},"end":{"line":69,"column":61}},{"start":{"line":70,"column":12},"end":{"line":71,"column":78}}]},"21":{"line":79,"type":"if","locations":[{"start":{"line":79,"column":8},"end":{"line":79,"column":8}},{"start":{"line":79,"column":8},"end":{"line":79,"column":8}}]}},"l":{"2":1,"3":1,"4":1,"5":1,"6":1,"16":1,"25":28,"26":28,"27":28,"28":0,"29":28,"30":0,"31":28,"32":1,"33":28,"34":14,"35":28,"36":0,"37":28,"38":0,"39":28,"40":0,"41":28,"42":0,"43":28,"44":0,"45":28,"46":0,"47":28,"54":0,"55":0,"56":0,"57":0,"58":0,"59":0,"65":28,"67":28,"69":0,"71":0,"78":28,"79":28,"80":27,"81":28,"82":28,"83":28,"86":1}},
"/Users/pleerock/www/opensource/nodejs/typeorm/build/es5/src/connection/Connection.js":{"path":"/Users/pleerock/www/opensource/nodejs/typeorm/build/es5/src/connection/Connection.js","s":{"1":1,"2":187,"3":1,"4":117,"5":117,"6":2,"7":1,"8":0,"9":0,"10":0,"11":1,"12":290,"13":118,"14":187,"15":1,"16":1,"17":1,"18":1,"19":1,"20":1,"21":1,"22":1,"23":1,"24":1,"25":1,"26":1,"27":1,"28":1,"29":1,"30":1,"31":1,"32":1,"33":1,"34":1,"35":1,"36":28,"37":28,"38":28,"39":28,"40":28,"41":28,"42":28,"43":28,"44":28,"45":28,"46":28,"47":28,"48":28,"49":28,"50":28,"51":28,"52":294,"53":25,"54":25,"55":1,"56":24,"57":24,"58":22,"59":22,"60":22,"61":22,"62":24,"63":24,"64":2,"65":22,"66":21,"67":78,"68":78,"69":1,"70":77,"71":50,"72":77,"73":77,"74":77,"75":77,"76":4,"77":4,"78":4,"79":3,"80":3,"81":3,"82":3,"83":3,"84":3,"85":3,"86":3,"87":3,"88":29,"89":29,"90":3,"91":26,"92":52,"93":26,"94":7,"95":7,"96":2,"97":5,"98":4,"99":5,"100":5,"101":5,"102":2,"103":3,"104":2,"105":3,"106":6,"107":6,"108":1,"109":5,"110":4,"111":5,"112":5,"113":1,"114":4,"115":4,"116":2,"117":96,"118":1,"119":95,"120":4,"121":91,"122":91,"123":204,"124":91,"125":0,"126":91,"127":3,"128":1,"129":2,"130":2,"131":4,"132":2,"133":0,"134":2,"135":0,"136":2,"137":4,"138":1,"139":3,"140":3,"141":3,"142":3,"143":0,"144":3,"145":3,"146":1,"147":2,"148":2,"149":4,"150":2,"151":0,"152":2,"153":0,"154":2,"155":24,"156":22,"157":1,"158":2,"159":2,"160":22,"161":20,"162":0,"163":22,"164":20,"165":61,"166":61,"167":22,"168":3,"169":4,"170":4,"171":24,"172":4,"173":4,"174":2,"175":2,"176":2,"177":1,"178":1,"179":2,"180":2,"181":2,"182":1,"183":1,"184":20,"185":65,"186":65,"187":5,"188":5,"189":5,"190":5,"191":60,"192":60,"193":60,"194":60,"195":1},"b":{"1":[1,1,1],"2":[187,187],"3":[172,118],"4":[1,24],"5":[22,0],"6":[2,22],"7":[1,77],"8":[50,27],"9":[3,26],"10":[2,5],"11":[2,3],"12":[1,5],"13":[1,4],"14":[1,95],"15":[4,91],"16":[0,91],"17":[1,2],"18":[0,2],"19":[0,2],"20":[1,3],"21":[0,3],"22":[1,2],"23":[0,2],"24":[0,2],"25":[1,21],"26":[22,22],"27":[20,2],"28":[22,22],"29":[20,2],"30":[22,22],"31":[3,19],"32":[22,22],"33":[4,20],"34":[24,24,4],"35":[2,2],"36":[1,1],"37":[1,1],"38":[5,60]},"f":{"1":187,"2":187,"3":117,"4":0,"5":290,"6":118,"7":28,"8":294,"9":25,"10":25,"11":24,"12":24,"13":78,"14":78,"15":4,"16":4,"17":3,"18":3,"19":3,"20":3,"21":3,"22":3,"23":29,"24":29,"25":7,"26":7,"27":5,"28":5,"29":6,"30":6,"31":5,"32":2,"33":96,"34":3,"35":4,"36":3,"37":24,"38":24,"39":65},"fnMap":{"1":{"name":"(anonymous_1)","line":2,"loc":{"start":{"line":2,"column":44},"end":{"line":2,"column":89}}},"2":{"name":"(anonymous_2)","line":3,"loc":{"start":{"line":3,"column":36},"end":{"line":3,"column":63}}},"3":{"name":"fulfilled","line":4,"loc":{"start":{"line":4,"column":8},"end":{"line":4,"column":34}}},"4":{"name":"rejected","line":5,"loc":{"start":{"line":5,"column":8},"end":{"line":5,"column":33}}},"5":{"name":"step","line":6,"loc":{"start":{"line":6,"column":8},"end":{"line":6,"column":30}}},"6":{"name":"(anonymous_6)","line":6,"loc":{"start":{"line":6,"column":76},"end":{"line":6,"column":95}}},"7":{"name":"(anonymous_7)","line":38,"loc":{"start":{"line":38,"column":15},"end":{"line":38,"column":39}}},"8":{"name":"(anonymous_8)","line":92,"loc":{"start":{"line":92,"column":19},"end":{"line":92,"column":22}}},"9":{"name":"(anonymous_9)","line":101,"loc":{"start":{"line":101,"column":11},"end":{"line":101,"column":14}}},"10":{"name":"(anonymous_10)","line":102,"loc":{"start":{"line":102,"column":47},"end":{"line":102,"column":60}}},"11":{"name":"(anonymous_11)","line":120,"loc":{"start":{"line":120,"column":9},"end":{"line":120,"column":12}}},"12":{"name":"(anonymous_12)","line":121,"loc":{"start":{"line":121,"column":47},"end":{"line":121,"column":60}}},"13":{"name":"(anonymous_13)","line":131,"loc":{"start":{"line":131,"column":14},"end":{"line":131,"column":39}}},"14":{"name":"(anonymous_14)","line":132,"loc":{"start":{"line":132,"column":47},"end":{"line":132,"column":60}}},"15":{"name":"(anonymous_15)","line":146,"loc":{"start":{"line":146,"column":33},"end":{"line":146,"column":41}}},"16":{"name":"(anonymous_16)","line":147,"loc":{"start":{"line":147,"column":47},"end":{"line":147,"column":60}}},"17":{"name":"(anonymous_17)","line":155,"loc":{"start":{"line":155,"column":37},"end":{"line":155,"column":45}}},"18":{"name":"(anonymous_18)","line":156,"loc":{"start":{"line":156,"column":47},"end":{"line":156,"column":60}}},"19":{"name":"(anonymous_19)","line":164,"loc":{"start":{"line":164,"column":36},"end":{"line":164,"column":44}}},"20":{"name":"(anonymous_20)","line":165,"loc":{"start":{"line":165,"column":47},"end":{"line":165,"column":60}}},"21":{"name":"(anonymous_21)","line":173,"loc":{"start":{"line":173,"column":41},"end":{"line":173,"column":49}}},"22":{"name":"(anonymous_22)","line":174,"loc":{"start":{"line":174,"column":47},"end":{"line":174,"column":60}}},"23":{"name":"(anonymous_23)","line":182,"loc":{"start":{"line":182,"column":18},"end":{"line":182,"column":29}}},"24":{"name":"(anonymous_24)","line":183,"loc":{"start":{"line":183,"column":47},"end":{"line":183,"column":60}}},"25":{"name":"(anonymous_25)","line":193,"loc":{"start":{"line":193,"column":23},"end":{"line":193,"column":33}}},"26":{"name":"(anonymous_26)","line":194,"loc":{"start":{"line":194,"column":47},"end":{"line":194,"column":60}}},"27":{"name":"(anonymous_27)","line":204,"loc":{"start":{"line":204,"column":21},"end":{"line":204,"column":41}}},"28":{"name":"(anonymous_28)","line":205,"loc":{"start":{"line":205,"column":47},"end":{"line":205,"column":60}}},"29":{"name":"(anonymous_29)","line":215,"loc":{"start":{"line":215,"column":26},"end":{"line":215,"column":39}}},"30":{"name":"(anonymous_30)","line":216,"loc":{"start":{"line":216,"column":47},"end":{"line":216,"column":60}}},"31":{"name":"(anonymous_31)","line":226,"loc":{"start":{"line":226,"column":21},"end":{"line":226,"column":43}}},"32":{"name":"(anonymous_32)","line":235,"loc":{"start":{"line":235,"column":15},"end":{"line":235,"column":24}}},"33":{"name":"(anonymous_33)","line":241,"loc":{"start":{"line":241,"column":17},"end":{"line":241,"column":37}}},"34":{"name":"(anonymous_34)","line":255,"loc":{"start":{"line":255,"column":21},"end":{"line":255,"column":41}}},"35":{"name":"(anonymous_35)","line":269,"loc":{"start":{"line":269,"column":25},"end":{"line":269,"column":39}}},"36":{"name":"(anonymous_36)","line":281,"loc":{"start":{"line":281,"column":29},"end":{"line":281,"column":43}}},"37":{"name":"(anonymous_37)","line":298,"loc":{"start":{"line":298,"column":18},"end":{"line":298,"column":21}}},"38":{"name":"(anonymous_38)","line":337,"loc":{"start":{"line":337,"column":24},"end":{"line":337,"column":27}}},"39":{"name":"(anonymous_39)","line":360,"loc":{"start":{"line":360,"column":20},"end":{"line":360,"column":35}}}},"statementMap":{"1":{"start":{"line":2,"column":0},"end":{"line":9,"column":2}},"2":{"start":{"line":3,"column":4},"end":{"line":8,"column":7}},"3":{"start":{"line":4,"column":8},"end":{"line":4,"column":99}},"4":{"start":{"line":4,"column":36},"end":{"line":4,"column":97}},"5":{"start":{"line":4,"column":42},"end":{"line":4,"column":70}},"6":{"start":{"line":4,"column":85},"end":{"line":4,"column":95}},"7":{"start":{"line":5,"column":8},"end":{"line":5,"column":99}},"8":{"start":{"line":5,"column":35},"end":{"line":5,"column":97}},"9":{"start":{"line":5,"column":41},"end":{"line":5,"column":70}},"10":{"start":{"line":5,"column":85},"end":{"line":5,"column":95}},"11":{"start":{"line":6,"column":8},"end":{"line":6,"column":151}},"12":{"start":{"line":6,"column":32},"end":{"line":6,"column":149}},"13":{"start":{"line":6,"column":97},"end":{"line":6,"column":119}},"14":{"start":{"line":7,"column":8},"end":{"line":7,"column":72}},"15":{"start":{"line":10,"column":0},"end":{"line":10,"column":57}},"16":{"start":{"line":11,"column":0},"end":{"line":11,"column":77}},"17":{"start":{"line":12,"column":0},"end":{"line":12,"column":79}},"18":{"start":{"line":13,"column":0},"end":{"line":13,"column":91}},"19":{"start":{"line":14,"column":0},"end":{"line":14,"column":36}},"20":{"start":{"line":15,"column":0},"end":{"line":15,"column":85}},"21":{"start":{"line":16,"column":0},"end":{"line":16,"column":84}},"22":{"start":{"line":17,"column":0},"end":{"line":17,"column":99}},"23":{"start":{"line":18,"column":0},"end":{"line":18,"column":91}},"24":{"start":{"line":19,"column":0},"end":{"line":19,"column":97}},"25":{"start":{"line":20,"column":0},"end":{"line":20,"column":87}},"26":{"start":{"line":21,"column":0},"end":{"line":21,"column":99}},"27":{"start":{"line":22,"column":0},"end":{"line":22,"column":73}},"28":{"start":{"line":23,"column":0},"end":{"line":23,"column":85}},"29":{"start":{"line":24,"column":0},"end":{"line":24,"column":81}},"30":{"start":{"line":25,"column":0},"end":{"line":25,"column":71}},"31":{"start":{"line":26,"column":0},"end":{"line":26,"column":81}},"32":{"start":{"line":27,"column":0},"end":{"line":27,"column":93}},"33":{"start":{"line":28,"column":0},"end":{"line":28,"column":75}},"34":{"start":{"line":29,"column":0},"end":{"line":29,"column":85}},"35":{"start":{"line":30,"column":0},"end":{"line":30,"column":111}},"36":{"start":{"line":42,"column":8},"end":{"line":42,"column":34}},"37":{"start":{"line":46,"column":8},"end":{"line":46,"column":36}},"38":{"start":{"line":50,"column":8},"end":{"line":50,"column":89}},"39":{"start":{"line":54,"column":8},"end":{"line":54,"column":32}},"40":{"start":{"line":58,"column":8},"end":{"line":58,"column":32}},"41":{"start":{"line":62,"column":8},"end":{"line":62,"column":36}},"42":{"start":{"line":66,"column":8},"end":{"line":66,"column":40}},"43":{"start":{"line":70,"column":8},"end":{"line":70,"column":34}},"44":{"start":{"line":74,"column":8},"end":{"line":74,"column":31}},"45":{"start":{"line":78,"column":8},"end":{"line":78,"column":39}},"46":{"start":{"line":79,"column":8},"end":{"line":79,"column":25}},"47":{"start":{"line":80,"column":8},"end":{"line":80,"column":29}},"48":{"start":{"line":81,"column":8},"end":{"line":81,"column":48}},"49":{"start":{"line":82,"column":8},"end":{"line":82,"column":31}},"50":{"start":{"line":83,"column":8},"end":{"line":83,"column":125}},"51":{"start":{"line":84,"column":8},"end":{"line":84,"column":141}},"52":{"start":{"line":93,"column":8},"end":{"line":93,"column":33}},"53":{"start":{"line":102,"column":8},"end":{"line":115,"column":11}},"54":{"start":{"line":103,"column":12},"end":{"line":104,"column":109}},"55":{"start":{"line":104,"column":16},"end":{"line":104,"column":109}},"56":{"start":{"line":106,"column":12},"end":{"line":106,"column":40}},"57":{"start":{"line":108,"column":12},"end":{"line":108,"column":34}},"58":{"start":{"line":110,"column":12},"end":{"line":110,"column":37}},"59":{"start":{"line":112,"column":12},"end":{"line":113,"column":40}},"60":{"start":{"line":113,"column":16},"end":{"line":113,"column":40}},"61":{"start":{"line":114,"column":12},"end":{"line":114,"column":24}},"62":{"start":{"line":121,"column":8},"end":{"line":126,"column":11}},"63":{"start":{"line":122,"column":12},"end":{"line":123,"column":97}},"64":{"start":{"line":123,"column":16},"end":{"line":123,"column":97}},"65":{"start":{"line":124,"column":12},"end":{"line":124,"column":43}},"66":{"start":{"line":125,"column":12},"end":{"line":125,"column":38}},"67":{"start":{"line":132,"column":8},"end":{"line":141,"column":11}},"68":{"start":{"line":133,"column":12},"end":{"line":134,"column":95}},"69":{"start":{"line":134,"column":16},"end":{"line":134,"column":95}},"70":{"start":{"line":135,"column":12},"end":{"line":136,"column":50}},"71":{"start":{"line":136,"column":16},"end":{"line":136,"column":50}},"72":{"start":{"line":137,"column":12},"end":{"line":137,"column":68}},"73":{"start":{"line":138,"column":12},"end":{"line":138,"column":111}},"74":{"start":{"line":139,"column":12},"end":{"line":139,"column":99}},"75":{"start":{"line":140,"column":12},"end":{"line":140,"column":42}},"76":{"start":{"line":147,"column":8},"end":{"line":150,"column":11}},"77":{"start":{"line":148,"column":12},"end":{"line":148,"column":102}},"78":{"start":{"line":149,"column":12},"end":{"line":149,"column":24}},"79":{"start":{"line":156,"column":8},"end":{"line":159,"column":11}},"80":{"start":{"line":157,"column":12},"end":{"line":157,"column":105}},"81":{"start":{"line":158,"column":12},"end":{"line":158,"column":24}},"82":{"start":{"line":165,"column":8},"end":{"line":168,"column":11}},"83":{"start":{"line":166,"column":12},"end":{"line":166,"column":105}},"84":{"start":{"line":167,"column":12},"end":{"line":167,"column":24}},"85":{"start":{"line":174,"column":8},"end":{"line":177,"column":11}},"86":{"start":{"line":175,"column":12},"end":{"line":175,"column":102}},"87":{"start":{"line":176,"column":12},"end":{"line":176,"column":24}},"88":{"start":{"line":183,"column":8},"end":{"line":188,"column":11}},"89":{"start":{"line":184,"column":12},"end":{"line":185,"column":119}},"90":{"start":{"line":185,"column":16},"end":{"line":185,"column":119}},"91":{"start":{"line":186,"column":12},"end":{"line":186,"column":66}},"92":{"start":{"line":186,"column":36},"end":{"line":186,"column":64}},"93":{"start":{"line":187,"column":12},"end":{"line":187,"column":24}},"94":{"start":{"line":194,"column":8},"end":{"line":199,"column":11}},"95":{"start":{"line":195,"column":12},"end":{"line":196,"column":118}},"96":{"start":{"line":196,"column":16},"end":{"line":196,"column":118}},"97":{"start":{"line":197,"column":12},"end":{"line":197,"column":71}},"98":{"start":{"line":197,"column":38},"end":{"line":197,"column":69}},"99":{"start":{"line":198,"column":12},"end":{"line":198,"column":24}},"100":{"start":{"line":205,"column":8},"end":{"line":210,"column":11}},"101":{"start":{"line":206,"column":12},"end":{"line":207,"column":129}},"102":{"start":{"line":207,"column":16},"end":{"line":207,"column":129}},"103":{"start":{"line":208,"column":12},"end":{"line":208,"column":79}},"104":{"start":{"line":208,"column":45},"end":{"line":208,"column":77}},"105":{"start":{"line":209,"column":12},"end":{"line":209,"column":24}},"106":{"start":{"line":216,"column":8},"end":{"line":221,"column":11}},"107":{"start":{"line":217,"column":12},"end":{"line":218,"column":128}},"108":{"start":{"line":218,"column":16},"end":{"line":218,"column":128}},"109":{"start":{"line":219,"column":12},"end":{"line":219,"column":76}},"110":{"start":{"line":219,"column":38},"end":{"line":219,"column":74}},"111":{"start":{"line":220,"column":12},"end":{"line":220,"column":24}},"112":{"start":{"line":227,"column":8},"end":{"line":228,"column":117}},"113":{"start":{"line":228,"column":12},"end":{"line":228,"column":117}},"114":{"start":{"line":229,"column":8},"end":{"line":229,"column":54}},"115":{"start":{"line":230,"column":8},"end":{"line":230,"column":20}},"116":{"start":{"line":236,"column":8},"end":{"line":236,"column":57}},"117":{"start":{"line":242,"column":8},"end":{"line":243,"column":97}},"118":{"start":{"line":243,"column":12},"end":{"line":243,"column":97}},"119":{"start":{"line":244,"column":8},"end":{"line":245,"column":102}},"120":{"start":{"line":245,"column":12},"end":{"line":245,"column":102}},"121":{"start":{"line":246,"column":8},"end":{"line":246,"column":78}},"122":{"start":{"line":247,"column":8},"end":{"line":247,"column":124}},"123":{"start":{"line":247,"column":64},"end":{"line":247,"column":122}},"124":{"start":{"line":248,"column":8},"end":{"line":249,"column":102}},"125":{"start":{"line":249,"column":12},"end":{"line":249,"column":102}},"126":{"start":{"line":250,"column":8},"end":{"line":250,"column":26}},"127":{"start":{"line":256,"column":8},"end":{"line":257,"column":97}},"128":{"start":{"line":257,"column":12},"end":{"line":257,"column":97}},"129":{"start":{"line":258,"column":8},"end":{"line":258,"column":78}},"130":{"start":{"line":259,"column":8},"end":{"line":259,"column":124}},"131":{"start":{"line":259,"column":64},"end":{"line":259,"column":122}},"132":{"start":{"line":260,"column":8},"end":{"line":261,"column":102}},"133":{"start":{"line":261,"column":12},"end":{"line":261,"column":102}},"134":{"start":{"line":262,"column":8},"end":{"line":263,"column":89}},"135":{"start":{"line":263,"column":12},"end":{"line":263,"column":89}},"136":{"start":{"line":264,"column":8},"end":{"line":264,"column":26}},"137":{"start":{"line":270,"column":8},"end":{"line":271,"column":97}},"138":{"start":{"line":271,"column":12},"end":{"line":271,"column":97}},"139":{"start":{"line":272,"column":8},"end":{"line":272,"column":72}},"140":{"start":{"line":273,"column":8},"end":{"line":273,"column":148}},"141":{"start":{"line":273,"column":72},"end":{"line":273,"column":146}},"142":{"start":{"line":274,"column":8},"end":{"line":275,"column":112}},"143":{"start":{"line":275,"column":12},"end":{"line":275,"column":112}},"144":{"start":{"line":276,"column":8},"end":{"line":276,"column":26}},"145":{"start":{"line":282,"column":8},"end":{"line":283,"column":97}},"146":{"start":{"line":283,"column":12},"end":{"line":283,"column":97}},"147":{"start":{"line":284,"column":8},"end":{"line":284,"column":72}},"148":{"start":{"line":285,"column":8},"end":{"line":285,"column":148}},"149":{"start":{"line":285,"column":72},"end":{"line":285,"column":146}},"150":{"start":{"line":286,"column":8},"end":{"line":287,"column":96}},"151":{"start":{"line":287,"column":12},"end":{"line":287,"column":96}},"152":{"start":{"line":288,"column":8},"end":{"line":289,"column":83}},"153":{"start":{"line":289,"column":12},"end":{"line":289,"column":83}},"154":{"start":{"line":290,"column":8},"end":{"line":290,"column":26}},"155":{"start":{"line":299,"column":8},"end":{"line":299,"column":59}},"156":{"start":{"line":301,"column":8},"end":{"line":307,"column":9}},"157":{"start":{"line":302,"column":12},"end":{"line":306,"column":80}},"158":{"start":{"line":305,"column":33},"end":{"line":305,"column":74}},"159":{"start":{"line":306,"column":39},"end":{"line":306,"column":78}},"160":{"start":{"line":309,"column":8},"end":{"line":314,"column":9}},"161":{"start":{"line":310,"column":12},"end":{"line":313,"column":127}},"162":{"start":{"line":313,"column":37},"end":{"line":313,"column":125}},"163":{"start":{"line":316,"column":8},"end":{"line":323,"column":9}},"164":{"start":{"line":317,"column":12},"end":{"line":322,"column":15}},"165":{"start":{"line":320,"column":16},"end":{"line":320,"column":52}},"166":{"start":{"line":321,"column":16},"end":{"line":321,"column":48}},"167":{"start":{"line":325,"column":8},"end":{"line":332,"column":9}},"168":{"start":{"line":326,"column":12},"end":{"line":331,"column":15}},"169":{"start":{"line":329,"column":16},"end":{"line":329,"column":52}},"170":{"start":{"line":330,"column":16},"end":{"line":330,"column":48}},"171":{"start":{"line":338,"column":8},"end":{"line":354,"column":9}},"172":{"start":{"line":339,"column":12},"end":{"line":341,"column":61}},"173":{"start":{"line":342,"column":12},"end":{"line":353,"column":13}},"174":{"start":{"line":343,"column":16},"end":{"line":343,"column":109}},"175":{"start":{"line":343,"column":66},"end":{"line":343,"column":107}},"176":{"start":{"line":344,"column":16},"end":{"line":345,"column":124}},"177":{"start":{"line":345,"column":20},"end":{"line":345,"column":124}},"178":{"start":{"line":346,"column":16},"end":{"line":346,"column":71}},"179":{"start":{"line":349,"column":16},"end":{"line":349,"column":111}},"180":{"start":{"line":349,"column":66},"end":{"line":349,"column":109}},"181":{"start":{"line":350,"column":16},"end":{"line":351,"column":124}},"182":{"start":{"line":351,"column":20},"end":{"line":351,"column":124}},"183":{"start":{"line":352,"column":16},"end":{"line":352,"column":71}},"184":{"start":{"line":355,"column":8},"end":{"line":355,"column":87}},"185":{"start":{"line":361,"column":8},"end":{"line":361,"column":98}},"186":{"start":{"line":362,"column":8},"end":{"line":373,"column":9}},"187":{"start":{"line":363,"column":12},"end":{"line":363,"column":112}},"188":{"start":{"line":364,"column":12},"end":{"line":364,"column":98}},"189":{"start":{"line":365,"column":12},"end":{"line":365,"column":47}},"190":{"start":{"line":366,"column":12},"end":{"line":366,"column":63}},"191":{"start":{"line":369,"column":12},"end":{"line":369,"column":108}},"192":{"start":{"line":370,"column":12},"end":{"line":370,"column":94}},"193":{"start":{"line":371,"column":12},"end":{"line":371,"column":47}},"194":{"start":{"line":372,"column":12},"end":{"line":372,"column":63}},"195":{"start":{"line":376,"column":0},"end":{"line":376,"column":32}}},"branchMap":{"1":{"line":2,"type":"binary-expr","locations":[{"start":{"line":2,"column":17},"end":{"line":2,"column":21}},{"start":{"line":2,"column":25},"end":{"line":2,"column":39}},{"start":{"line":2,"column":44},"end":{"line":9,"column":1}}]},"2":{"line":3,"type":"binary-expr","locations":[{"start":{"line":3,"column":16},"end":{"line":3,"column":17}},{"start":{"line":3,"column":22},"end":{"line":3,"column":33}}]},"3":{"line":6,"type":"cond-expr","locations":[{"start":{"line":6,"column":46},"end":{"line":6,"column":67}},{"start":{"line":6,"column":70},"end":{"line":6,"column":148}}]},"4":{"line":103,"type":"if","locations":[{"start":{"line":103,"column":12},"end":{"line":103,"column":12}},{"start":{"line":103,"column":12},"end":{"line":103,"column":12}}]},"5":{"line":112,"type":"if","locations":[{"start":{"line":112,"column":12},"end":{"line":112,"column":12}},{"start":{"line":112,"column":12},"end":{"line":112,"column":12}}]},"6":{"line":122,"type":"if","locations":[{"start":{"line":122,"column":12},"end":{"line":122,"column":12}},{"start":{"line":122,"column":12},"end":{"line":122,"column":12}}]},"7":{"line":133,"type":"if","locations":[{"start":{"line":133,"column":12},"end":{"line":133,"column":12}},{"start":{"line":133,"column":12},"end":{"line":133,"column":12}}]},"8":{"line":135,"type":"if","locations":[{"start":{"line":135,"column":12},"end":{"line":135,"column":12}},{"start":{"line":135,"column":12},"end":{"line":135,"column":12}}]},"9":{"line":184,"type":"if","locations":[{"start":{"line":184,"column":12},"end":{"line":184,"column":12}},{"start":{"line":184,"column":12},"end":{"line":184,"column":12}}]},"10":{"line":195,"type":"if","locations":[{"start":{"line":195,"column":12},"end":{"line":195,"column":12}},{"start":{"line":195,"column":12},"end":{"line":195,"column":12}}]},"11":{"line":206,"type":"if","locations":[{"start":{"line":206,"column":12},"end":{"line":206,"column":12}},{"start":{"line":206,"column":12},"end":{"line":206,"column":12}}]},"12":{"line":217,"type":"if","locations":[{"start":{"line":217,"column":12},"end":{"line":217,"column":12}},{"start":{"line":217,"column":12},"end":{"line":217,"column":12}}]},"13":{"line":227,"type":"if","locations":[{"start":{"line":227,"column":8},"end":{"line":227,"column":8}},{"start":{"line":227,"column":8},"end":{"line":227,"column":8}}]},"14":{"line":242,"type":"if","locations":[{"start":{"line":242,"column":8},"end":{"line":242,"column":8}},{"start":{"line":242,"column":8},"end":{"line":242,"column":8}}]},"15":{"line":244,"type":"if","locations":[{"start":{"line":244,"column":8},"end":{"line":244,"column":8}},{"start":{"line":244,"column":8},"end":{"line":244,"column":8}}]},"16":{"line":248,"type":"if","locations":[{"start":{"line":248,"column":8},"end":{"line":248,"column":8}},{"start":{"line":248,"column":8},"end":{"line":248,"column":8}}]},"17":{"line":256,"type":"if","locations":[{"start":{"line":256,"column":8},"end":{"line":256,"column":8}},{"start":{"line":256,"column":8},"end":{"line":256,"column":8}}]},"18":{"line":260,"type":"if","locations":[{"start":{"line":260,"column":8},"end":{"line":260,"column":8}},{"start":{"line":260,"column":8},"end":{"line":260,"column":8}}]},"19":{"line":262,"type":"if","locations":[{"start":{"line":262,"column":8},"end":{"line":262,"column":8}},{"start":{"line":262,"column":8},"end":{"line":262,"column":8}}]},"20":{"line":270,"type":"if","locations":[{"start":{"line":270,"column":8},"end":{"line":270,"column":8}},{"start":{"line":270,"column":8},"end":{"line":270,"column":8}}]},"21":{"line":274,"type":"if","locations":[{"start":{"line":274,"column":8},"end":{"line":274,"column":8}},{"start":{"line":274,"column":8},"end":{"line":274,"column":8}}]},"22":{"line":282,"type":"if","locations":[{"start":{"line":282,"column":8},"end":{"line":282,"column":8}},{"start":{"line":282,"column":8},"end":{"line":282,"column":8}}]},"23":{"line":286,"type":"if","locations":[{"start":{"line":286,"column":8},"end":{"line":286,"column":8}},{"start":{"line":286,"column":8},"end":{"line":286,"column":8}}]},"24":{"line":288,"type":"if","locations":[{"start":{"line":288,"column":8},"end":{"line":288,"column":8}},{"start":{"line":288,"column":8},"end":{"line":288,"column":8}}]},"25":{"line":301,"type":"if","locations":[{"start":{"line":301,"column":8},"end":{"line":301,"column":8}},{"start":{"line":301,"column":8},"end":{"line":301,"column":8}}]},"26":{"line":301,"type":"binary-expr","locations":[{"start":{"line":301,"column":12},"end":{"line":301,"column":34}},{"start":{"line":301,"column":38},"end":{"line":301,"column":67}}]},"27":{"line":309,"type":"if","locations":[{"start":{"line":309,"column":8},"end":{"line":309,"column":8}},{"start":{"line":309,"column":8},"end":{"line":309,"column":8}}]},"28":{"line":309,"type":"binary-expr","locations":[{"start":{"line":309,"column":12},"end":{"line":309,"column":30}},{"start":{"line":309,"column":34},"end":{"line":309,"column":59}}]},"29":{"line":316,"type":"if","locations":[{"start":{"line":316,"column":8},"end":{"line":316,"column":8}},{"start":{"line":316,"column":8},"end":{"line":316,"column":8}}]},"30":{"line":316,"type":"binary-expr","locations":[{"start":{"line":316,"column":12},"end":{"line":316,"column":30}},{"start":{"line":316,"column":34},"end":{"line":316,"column":59}}]},"31":{"line":325,"type":"if","locations":[{"start":{"line":325,"column":8},"end":{"line":325,"column":8}},{"start":{"line":325,"column":8},"end":{"line":325,"column":8}}]},"32":{"line":325,"type":"binary-expr","locations":[{"start":{"line":325,"column":12},"end":{"line":325,"column":30}},{"start":{"line":325,"column":34},"end":{"line":325,"column":59}}]},"33":{"line":338,"type":"if","locations":[{"start":{"line":338,"column":8},"end":{"line":338,"column":8}},{"start":{"line":338,"column":8},"end":{"line":338,"column":8}}]},"34":{"line":338,"type":"binary-expr","locations":[{"start":{"line":338,"column":12},"end":{"line":338,"column":38}},{"start":{"line":338,"column":42},"end":{"line":338,"column":75}},{"start":{"line":338,"column":79},"end":{"line":338,"column":102}}]},"35":{"line":342,"type":"if","locations":[{"start":{"line":342,"column":12},"end":{"line":342,"column":12}},{"start":{"line":342,"column":12},"end":{"line":342,"column":12}}]},"36":{"line":344,"type":"if","locations":[{"start":{"line":344,"column":16},"end":{"line":344,"column":16}},{"start":{"line":344,"column":16},"end":{"line":344,"column":16}}]},"37":{"line":350,"type":"if","locations":[{"start":{"line":350,"column":16},"end":{"line":350,"column":16}},{"start":{"line":350,"column":16},"end":{"line":350,"column":16}}]},"38":{"line":362,"type":"if","locations":[{"start":{"line":362,"column":8},"end":{"line":362,"column":8}},{"start":{"line":362,"column":8},"end":{"line":362,"column":8}}]}},"l":{"2":1,"3":187,"4":117,"5":1,"6":290,"7":187,"10":1,"11":1,"12":1,"13":1,"14":1,"15":1,"16":1,"17":1,"18":1,"19":1,"20":1,"21":1,"22":1,"23":1,"24":1,"25":1,"26":1,"27":1,"28":1,"29":1,"30":1,"42":28,"46":28,"50":28,"54":28,"58":28,"62":28,"66":28,"70":28,"74":28,"78":28,"79":28,"80":28,"81":28,"82":28,"83":28,"84":28,"93":294,"102":25,"103":25,"104":1,"106":24,"108":24,"110":22,"112":22,"113":22,"114":22,"121":24,"122":24,"123":2,"124":22,"125":21,"132":78,"133":78,"134":1,"135":77,"136":50,"137":77,"138":77,"139":77,"140":77,"147":4,"148":4,"149":4,"156":3,"157":3,"158":3,"165":3,"166":3,"167":3,"174":3,"175":3,"176":3,"183":29,"184":29,"185":3,"186":52,"187":26,"194":7,"195":7,"196":2,"197":5,"198":5,"205":5,"206":5,"207":2,"208":3,"209":3,"216":6,"217":6,"218":1,"219":5,"220":5,"227":5,"228":1,"229":4,"230":4,"236":2,"242":96,"243":1,"244":95,"245":4,"246":91,"247":204,"248":91,"249":0,"250":91,"256":3,"257":1,"258":2,"259":4,"260":2,"261":0,"262":2,"263":0,"264":2,"270":4,"271":1,"272":3,"273":3,"274":3,"275":0,"276":3,"282":3,"283":1,"284":2,"285":4,"286":2,"287":0,"288":2,"289":0,"290":2,"299":24,"301":22,"302":1,"305":2,"306":2,"309":22,"310":20,"313":0,"316":22,"317":20,"320":61,"321":61,"325":22,"326":3,"329":4,"330":4,"338":24,"339":4,"342":4,"343":2,"344":2,"345":1,"346":1,"349":2,"350":2,"351":1,"352":1,"355":20,"361":65,"362":65,"363":5,"364":5,"365":5,"366":5,"369":60,"370":60,"371":60,"372":60,"376":1}},
"/Users/pleerock/www/opensource/nodejs/typeorm/build/es5/src/repository/Repository.js":{"path":"/Users/pleerock/www/opensource/nodejs/typeorm/build/es5/src/repository/Repository.js","s":{"1":1,"2":1,"3":1,"4":1,"5":1,"6":1,"7":1,"8":65,"9":65,"10":65,"11":65,"12":65,"13":65,"14":65,"15":65,"16":65,"17":12,"18":115,"19":145,"20":61,"21":0,"22":61,"23":0,"24":0,"25":26,"26":26,"27":0,"28":115,"29":115,"30":115,"31":115,"32":115,"33":91,"34":24,"35":115,"36":115,"37":115,"38":115,"39":115,"40":115,"41":115,"42":115,"43":2,"44":2,"45":2,"46":2,"47":2,"48":2,"49":2,"50":2,"51":2,"52":2,"53":3,"54":0,"55":0,"56":0,"57":75,"58":0,"59":0,"60":0,"61":0,"62":0,"63":0,"64":0,"65":4,"66":4,"67":0,"68":4,"69":4,"70":0,"71":4,"72":4,"73":2,"74":2,"75":2,"76":2,"77":2,"78":2,"79":4,"80":2,"81":2,"82":0,"83":2,"84":2,"85":0,"86":2,"87":4,"88":4,"89":2,"90":2,"91":2,"92":2,"93":4,"94":2,"95":2,"96":2,"97":0,"98":2,"99":2,"100":0,"101":2,"102":2,"103":2,"104":2,"105":4,"106":2,"107":0,"108":1,"109":1,"110":1,"111":1,"112":78,"113":78,"114":78,"115":78,"116":78,"117":19,"118":78,"119":76,"120":76,"121":76,"122":76,"123":78,"124":115,"125":173,"126":63,"127":62,"128":32,"129":32,"130":32,"131":32,"132":0,"133":32,"134":115,"135":115,"136":32,"137":224,"138":501,"139":501,"140":501,"141":300,"142":201,"143":169,"144":49,"145":169,"146":32,"147":224,"148":501,"149":224,"150":100,"151":224,"152":224,"153":61,"154":61,"155":80,"156":0,"157":0,"158":0,"159":0,"160":0,"161":0,"162":0,"163":0,"164":0,"165":0,"166":0,"167":61,"168":215,"169":1},"b":{"1":[115,115,24,24,24],"2":[0,61],"3":[91,24],"4":[24,91],"5":[0,4],"6":[0,4],"7":[2,2],"8":[0,2],"9":[0,2],"10":[2,2],"11":[0,2],"12":[0,2],"13":[1,1],"14":[1,1],"15":[0,78],"16":[0,78],"17":[19,59],"18":[19,59],"19":[76,2],"20":[76,0],"21":[173,173],"22":[62,31],"23":[0,32],"24":[0,501],"25":[501,0],"26":[300,201],"27":[169,32],"28":[224,0],"29":[0,0],"30":[0,0]},"f":{"1":65,"2":12,"3":115,"4":145,"5":61,"6":0,"7":26,"8":0,"9":115,"10":2,"11":3,"12":0,"13":0,"14":75,"15":0,"16":0,"17":4,"18":2,"19":2,"20":0,"21":1,"22":1,"23":78,"24":115,"25":224,"26":61,"27":215},"fnMap":{"1":{"name":"(anonymous_1)","line":16,"loc":{"start":{"line":16,"column":15},"end":{"line":16,"column":55}}},"2":{"name":"(anonymous_2)","line":34,"loc":{"start":{"line":34,"column":14},"end":{"line":34,"column":17}}},"3":{"name":"(anonymous_3)","line":40,"loc":{"start":{"line":40,"column":9},"end":{"line":40,"column":18}}},"4":{"name":"(anonymous_4)","line":50,"loc":{"start":{"line":50,"column":22},"end":{"line":50,"column":30}}},"5":{"name":"(anonymous_5)","line":59,"loc":{"start":{"line":59,"column":10},"end":{"line":59,"column":26}}},"6":{"name":"(anonymous_6)","line":67,"loc":{"start":{"line":67,"column":14},"end":{"line":67,"column":32}}},"7":{"name":"(anonymous_7)","line":76,"loc":{"start":{"line":76,"column":14},"end":{"line":76,"column":23}}},"8":{"name":"(anonymous_8)","line":83,"loc":{"start":{"line":83,"column":9},"end":{"line":83,"column":28}}},"9":{"name":"(anonymous_9)","line":90,"loc":{"start":{"line":90,"column":11},"end":{"line":90,"column":20}}},"10":{"name":"(anonymous_10)","line":129,"loc":{"start":{"line":129,"column":10},"end":{"line":129,"column":19}}},"11":{"name":"(anonymous_11)","line":159,"loc":{"start":{"line":159,"column":8},"end":{"line":159,"column":43}}},"12":{"name":"(anonymous_12)","line":166,"loc":{"start":{"line":166,"column":16},"end":{"line":166,"column":51}}},"13":{"name":"(anonymous_13)","line":173,"loc":{"start":{"line":173,"column":11},"end":{"line":173,"column":46}}},"14":{"name":"(anonymous_14)","line":180,"loc":{"start":{"line":180,"column":15},"end":{"line":180,"column":29}}},"15":{"name":"(anonymous_15)","line":187,"loc":{"start":{"line":187,"column":9},"end":{"line":187,"column":17}}},"16":{"name":"(anonymous_16)","line":193,"loc":{"start":{"line":193,"column":15},"end":{"line":193,"column":34}}},"17":{"name":"(anonymous_17)","line":204,"loc":{"start":{"line":204,"column":15},"end":{"line":204,"column":57}}},"18":{"name":"(anonymous_18)","line":226,"loc":{"start":{"line":226,"column":17},"end":{"line":226,"column":60}}},"19":{"name":"(anonymous_19)","line":247,"loc":{"start":{"line":247,"column":22},"end":{"line":247,"column":65}}},"20":{"name":"(anonymous_20)","line":267,"loc":{"start":{"line":267,"column":28},"end":{"line":267,"column":94}}},"21":{"name":"(anonymous_21)","line":277,"loc":{"start":{"line":277,"column":14},"end":{"line":277,"column":19}}},"22":{"name":"(anonymous_22)","line":289,"loc":{"start":{"line":289,"column":15},"end":{"line":289,"column":21}}},"23":{"name":"(anonymous_23)","line":300,"loc":{"start":{"line":300,"column":26},"end":{"line":300,"column":61}}},"24":{"name":"(anonymous_24)","line":324,"loc":{"start":{"line":324,"column":20},"end":{"line":324,"column":52}}},"25":{"name":"(anonymous_25)","line":348,"loc":{"start":{"line":348,"column":22},"end":{"line":348,"column":61}}},"26":{"name":"(anonymous_26)","line":376,"loc":{"start":{"line":376,"column":21},"end":{"line":376,"column":30}}},"27":{"name":"(anonymous_27)","line":413,"loc":{"start":{"line":413,"column":23},"end":{"line":413,"column":46}}}},"statementMap":{"1":{"start":{"line":2,"column":0},"end":{"line":2,"column":64}},"2":{"start":{"line":3,"column":0},"end":{"line":3,"column":118}},"3":{"start":{"line":4,"column":0},"end":{"line":4,"column":128}},"4":{"start":{"line":5,"column":0},"end":{"line":5,"column":98}},"5":{"start":{"line":6,"column":0},"end":{"line":6,"column":86}},"6":{"start":{"line":7,"column":0},"end":{"line":7,"column":47}},"7":{"start":{"line":8,"column":0},"end":{"line":8,"column":59}},"8":{"start":{"line":17,"column":8},"end":{"line":17,"column":37}},"9":{"start":{"line":18,"column":8},"end":{"line":18,"column":47}},"10":{"start":{"line":19,"column":8},"end":{"line":19,"column":33}},"11":{"start":{"line":20,"column":8},"end":{"line":20,"column":40}},"12":{"start":{"line":21,"column":8},"end":{"line":21,"column":132}},"13":{"start":{"line":22,"column":8},"end":{"line":22,"column":150}},"14":{"start":{"line":23,"column":8},"end":{"line":23,"column":129}},"15":{"start":{"line":24,"column":8},"end":{"line":24,"column":122}},"16":{"start":{"line":25,"column":8},"end":{"line":25,"column":140}},"17":{"start":{"line":35,"column":8},"end":{"line":35,"column":36}},"18":{"start":{"line":41,"column":8},"end":{"line":45,"column":68}},"19":{"start":{"line":51,"column":8},"end":{"line":53,"column":47}},"20":{"start":{"line":60,"column":8},"end":{"line":61,"column":119}},"21":{"start":{"line":61,"column":12},"end":{"line":61,"column":119}},"22":{"start":{"line":62,"column":8},"end":{"line":62,"column":62}},"23":{"start":{"line":68,"column":8},"end":{"line":68,"column":66}},"24":{"start":{"line":68,"column":45},"end":{"line":68,"column":64}},"25":{"start":{"line":77,"column":8},"end":{"line":77,"column":79}},"26":{"start":{"line":78,"column":8},"end":{"line":78,"column":106}},"27":{"start":{"line":84,"column":8},"end":{"line":84,"column":71}},"28":{"start":{"line":91,"column":8},"end":{"line":91,"column":49}},"29":{"start":{"line":92,"column":8},"end":{"line":124,"column":32}},"30":{"start":{"line":94,"column":12},"end":{"line":94,"column":66}},"31":{"start":{"line":97,"column":12},"end":{"line":97,"column":48}},"32":{"start":{"line":98,"column":12},"end":{"line":99,"column":45}},"33":{"start":{"line":99,"column":16},"end":{"line":99,"column":45}},"34":{"start":{"line":100,"column":12},"end":{"line":100,"column":43}},"35":{"start":{"line":103,"column":12},"end":{"line":103,"column":38}},"36":{"start":{"line":104,"column":12},"end":{"line":104,"column":84}},"37":{"start":{"line":106,"column":12},"end":{"line":106,"column":78}},"38":{"start":{"line":109,"column":12},"end":{"line":113,"column":14}},"39":{"start":{"line":114,"column":12},"end":{"line":118,"column":14}},"40":{"start":{"line":119,"column":12},"end":{"line":119,"column":154}},"41":{"start":{"line":122,"column":12},"end":{"line":122,"column":91}},"42":{"start":{"line":124,"column":24},"end":{"line":124,"column":30}},"43":{"start":{"line":130,"column":8},"end":{"line":130,"column":21}},"44":{"start":{"line":131,"column":8},"end":{"line":154,"column":30}},"45":{"start":{"line":134,"column":12},"end":{"line":134,"column":29}},"46":{"start":{"line":135,"column":12},"end":{"line":135,"column":65}},"47":{"start":{"line":136,"column":12},"end":{"line":139,"column":15}},"48":{"start":{"line":142,"column":12},"end":{"line":146,"column":14}},"49":{"start":{"line":147,"column":12},"end":{"line":151,"column":14}},"50":{"start":{"line":152,"column":12},"end":{"line":152,"column":161}},"51":{"start":{"line":153,"column":12},"end":{"line":153,"column":91}},"52":{"start":{"line":154,"column":22},"end":{"line":154,"column":28}},"53":{"start":{"line":160,"column":8},"end":{"line":161,"column":26}},"54":{"start":{"line":167,"column":8},"end":{"line":167,"column":81}},"55":{"start":{"line":168,"column":8},"end":{"line":168,"column":39}},"56":{"start":{"line":174,"column":8},"end":{"line":175,"column":31}},"57":{"start":{"line":181,"column":8},"end":{"line":182,"column":31}},"58":{"start":{"line":188,"column":8},"end":{"line":188,"column":40}},"59":{"start":{"line":194,"column":8},"end":{"line":194,"column":35}},"60":{"start":{"line":195,"column":8},"end":{"line":202,"column":48}},"61":{"start":{"line":197,"column":24},"end":{"line":197,"column":42}},"62":{"start":{"line":199,"column":12},"end":{"line":199,"column":44}},"63":{"start":{"line":200,"column":12},"end":{"line":200,"column":48}},"64":{"start":{"line":202,"column":24},"end":{"line":202,"column":46}},"65":{"start":{"line":205,"column":8},"end":{"line":205,"column":77}},"66":{"start":{"line":206,"column":8},"end":{"line":207,"column":107}},"67":{"start":{"line":207,"column":12},"end":{"line":207,"column":107}},"68":{"start":{"line":208,"column":8},"end":{"line":208,"column":82}},"69":{"start":{"line":211,"column":8},"end":{"line":212,"column":144}},"70":{"start":{"line":212,"column":12},"end":{"line":212,"column":144}},"71":{"start":{"line":213,"column":8},"end":{"line":213,"column":48}},"72":{"start":{"line":214,"column":8},"end":{"line":223,"column":9}},"73":{"start":{"line":215,"column":12},"end":{"line":215,"column":55}},"74":{"start":{"line":216,"column":12},"end":{"line":216,"column":52}},"75":{"start":{"line":217,"column":12},"end":{"line":217,"column":77}},"76":{"start":{"line":220,"column":12},"end":{"line":220,"column":62}},"77":{"start":{"line":221,"column":12},"end":{"line":221,"column":68}},"78":{"start":{"line":222,"column":12},"end":{"line":222,"column":93}},"79":{"start":{"line":224,"column":8},"end":{"line":224,"column":77}},"80":{"start":{"line":227,"column":8},"end":{"line":227,"column":77}},"81":{"start":{"line":228,"column":8},"end":{"line":229,"column":107}},"82":{"start":{"line":229,"column":12},"end":{"line":229,"column":107}},"83":{"start":{"line":230,"column":8},"end":{"line":230,"column":82}},"84":{"start":{"line":231,"column":8},"end":{"line":232,"column":176}},"85":{"start":{"line":232,"column":12},"end":{"line":232,"column":176}},"86":{"start":{"line":233,"column":8},"end":{"line":244,"column":11}},"87":{"start":{"line":234,"column":12},"end":{"line":234,"column":30}},"88":{"start":{"line":235,"column":12},"end":{"line":242,"column":13}},"89":{"start":{"line":236,"column":16},"end":{"line":236,"column":83}},"90":{"start":{"line":237,"column":16},"end":{"line":237,"column":90}},"91":{"start":{"line":240,"column":16},"end":{"line":240,"column":83}},"92":{"start":{"line":241,"column":16},"end":{"line":241,"column":90}},"93":{"start":{"line":243,"column":12},"end":{"line":243,"column":90}},"94":{"start":{"line":245,"column":8},"end":{"line":245,"column":59}},"95":{"start":{"line":248,"column":8},"end":{"line":248,"column":77}},"96":{"start":{"line":249,"column":8},"end":{"line":250,"column":107}},"97":{"start":{"line":250,"column":12},"end":{"line":250,"column":107}},"98":{"start":{"line":251,"column":8},"end":{"line":251,"column":82}},"99":{"start":{"line":252,"column":8},"end":{"line":253,"column":176}},"100":{"start":{"line":253,"column":12},"end":{"line":253,"column":176}},"101":{"start":{"line":254,"column":8},"end":{"line":255,"column":64}},"102":{"start":{"line":256,"column":8},"end":{"line":256,"column":150}},"103":{"start":{"line":257,"column":8},"end":{"line":257,"column":151}},"104":{"start":{"line":258,"column":8},"end":{"line":261,"column":11}},"105":{"start":{"line":259,"column":12},"end":{"line":260,"column":73}},"106":{"start":{"line":262,"column":8},"end":{"line":265,"column":29}},"107":{"start":{"line":268,"column":8},"end":{"line":271,"column":27}},"108":{"start":{"line":278,"column":8},"end":{"line":278,"column":47}},"109":{"start":{"line":279,"column":8},"end":{"line":283,"column":29}},"110":{"start":{"line":290,"column":8},"end":{"line":290,"column":47}},"111":{"start":{"line":291,"column":8},"end":{"line":295,"column":29}},"112":{"start":{"line":301,"column":8},"end":{"line":301,"column":134}},"113":{"start":{"line":302,"column":8},"end":{"line":302,"column":135}},"114":{"start":{"line":303,"column":8},"end":{"line":303,"column":81}},"115":{"start":{"line":304,"column":8},"end":{"line":304,"column":50}},"116":{"start":{"line":305,"column":8},"end":{"line":307,"column":9}},"117":{"start":{"line":306,"column":12},"end":{"line":306,"column":87}},"118":{"start":{"line":308,"column":8},"end":{"line":314,"column":9}},"119":{"start":{"line":309,"column":12},"end":{"line":312,"column":15}},"120":{"start":{"line":310,"column":16},"end":{"line":310,"column":79}},"121":{"start":{"line":311,"column":16},"end":{"line":311,"column":47}},"122":{"start":{"line":313,"column":12},"end":{"line":313,"column":41}},"123":{"start":{"line":315,"column":8},"end":{"line":315,"column":18}},"124":{"start":{"line":325,"column":8},"end":{"line":340,"column":11}},"125":{"start":{"line":326,"column":36},"end":{"line":326,"column":93}},"126":{"start":{"line":327,"column":36},"end":{"line":327,"column":152}},"127":{"start":{"line":327,"column":65},"end":{"line":327,"column":151}},"128":{"start":{"line":329,"column":12},"end":{"line":329,"column":90}},"129":{"start":{"line":330,"column":12},"end":{"line":330,"column":88}},"130":{"start":{"line":331,"column":12},"end":{"line":339,"column":15}},"131":{"start":{"line":332,"column":16},"end":{"line":333,"column":37}},"132":{"start":{"line":333,"column":20},"end":{"line":333,"column":37}},"133":{"start":{"line":334,"column":16},"end":{"line":338,"column":18}},"134":{"start":{"line":341,"column":8},"end":{"line":343,"column":11}},"135":{"start":{"line":342,"column":12},"end":{"line":342,"column":87}},"136":{"start":{"line":342,"column":74},"end":{"line":342,"column":84}},"137":{"start":{"line":349,"column":8},"end":{"line":363,"column":11}},"138":{"start":{"line":350,"column":12},"end":{"line":350,"column":63}},"139":{"start":{"line":351,"column":12},"end":{"line":351,"column":174}},"140":{"start":{"line":352,"column":12},"end":{"line":353,"column":33}},"141":{"start":{"line":353,"column":16},"end":{"line":353,"column":33}},"142":{"start":{"line":354,"column":12},"end":{"line":362,"column":13}},"143":{"start":{"line":355,"column":16},"end":{"line":357,"column":19}},"144":{"start":{"line":356,"column":20},"end":{"line":356,"column":90}},"145":{"start":{"line":358,"column":16},"end":{"line":358,"column":48}},"146":{"start":{"line":361,"column":16},"end":{"line":361,"column":82}},"147":{"start":{"line":364,"column":8},"end":{"line":373,"column":11}},"148":{"start":{"line":364,"column":53},"end":{"line":364,"column":61}},"149":{"start":{"line":365,"column":12},"end":{"line":371,"column":13}},"150":{"start":{"line":365,"column":52},"end":{"line":365,"column":82}},"151":{"start":{"line":366,"column":16},"end":{"line":370,"column":19}},"152":{"start":{"line":372,"column":12},"end":{"line":372,"column":33}},"153":{"start":{"line":377,"column":8},"end":{"line":377,"column":79}},"154":{"start":{"line":378,"column":8},"end":{"line":407,"column":11}},"155":{"start":{"line":379,"column":32},"end":{"line":379,"column":47}},"156":{"start":{"line":381,"column":12},"end":{"line":381,"column":62}},"157":{"start":{"line":382,"column":12},"end":{"line":406,"column":15}},"158":{"start":{"line":384,"column":20},"end":{"line":385,"column":62}},"159":{"start":{"line":385,"column":24},"end":{"line":385,"column":62}},"160":{"start":{"line":387,"column":20},"end":{"line":396,"column":23}},"161":{"start":{"line":394,"column":24},"end":{"line":394,"column":47}},"162":{"start":{"line":395,"column":24},"end":{"line":395,"column":45}},"163":{"start":{"line":399,"column":20},"end":{"line":404,"column":21}},"164":{"start":{"line":400,"column":24},"end":{"line":400,"column":71}},"165":{"start":{"line":400,"column":47},"end":{"line":400,"column":69}},"166":{"start":{"line":403,"column":24},"end":{"line":403,"column":48}},"167":{"start":{"line":408,"column":8},"end":{"line":408,"column":22}},"168":{"start":{"line":414,"column":8},"end":{"line":414,"column":48}},"169":{"start":{"line":417,"column":0},"end":{"line":417,"column":32}}},"branchMap":{"1":{"line":41,"type":"binary-expr","locations":[{"start":{"line":41,"column":15},"end":{"line":41,"column":21}},{"start":{"line":42,"column":12},"end":{"line":42,"column":75}},{"start":{"line":43,"column":12},"end":{"line":43,"column":69}},{"start":{"line":44,"column":12},"end":{"line":44,"column":74}},{"start":{"line":45,"column":12},"end":{"line":45,"column":67}}]},"2":{"line":60,"type":"if","locations":[{"start":{"line":60,"column":8},"end":{"line":60,"column":8}},{"start":{"line":60,"column":8},"end":{"line":60,"column":8}}]},"3":{"line":98,"type":"if","locations":[{"start":{"line":98,"column":12},"end":{"line":98,"column":12}},{"start":{"line":98,"column":12},"end":{"line":98,"column":12}}]},"4":{"line":104,"type":"cond-expr","locations":[{"start":{"line":104,"column":30},"end":{"line":104,"column":78}},{"start":{"line":104,"column":81},"end":{"line":104,"column":83}}]},"5":{"line":206,"type":"if","locations":[{"start":{"line":206,"column":8},"end":{"line":206,"column":8}},{"start":{"line":206,"column":8},"end":{"line":206,"column":8}}]},"6":{"line":211,"type":"if","locations":[{"start":{"line":211,"column":8},"end":{"line":211,"column":8}},{"start":{"line":211,"column":8},"end":{"line":211,"column":8}}]},"7":{"line":214,"type":"if","locations":[{"start":{"line":214,"column":8},"end":{"line":214,"column":8}},{"start":{"line":214,"column":8},"end":{"line":214,"column":8}}]},"8":{"line":228,"type":"if","locations":[{"start":{"line":228,"column":8},"end":{"line":228,"column":8}},{"start":{"line":228,"column":8},"end":{"line":228,"column":8}}]},"9":{"line":231,"type":"if","locations":[{"start":{"line":231,"column":8},"end":{"line":231,"column":8}},{"start":{"line":231,"column":8},"end":{"line":231,"column":8}}]},"10":{"line":235,"type":"if","locations":[{"start":{"line":235,"column":12},"end":{"line":235,"column":12}},{"start":{"line":235,"column":12},"end":{"line":235,"column":12}}]},"11":{"line":249,"type":"if","locations":[{"start":{"line":249,"column":8},"end":{"line":249,"column":8}},{"start":{"line":249,"column":8},"end":{"line":249,"column":8}}]},"12":{"line":252,"type":"if","locations":[{"start":{"line":252,"column":8},"end":{"line":252,"column":8}},{"start":{"line":252,"column":8},"end":{"line":252,"column":8}}]},"13":{"line":256,"type":"cond-expr","locations":[{"start":{"line":256,"column":52},"end":{"line":256,"column":99}},{"start":{"line":256,"column":102},"end":{"line":256,"column":149}}]},"14":{"line":257,"type":"cond-expr","locations":[{"start":{"line":257,"column":53},"end":{"line":257,"column":100}},{"start":{"line":257,"column":103},"end":{"line":257,"column":150}}]},"15":{"line":301,"type":"cond-expr","locations":[{"start":{"line":301,"column":100},"end":{"line":301,"column":123}},{"start":{"line":301,"column":126},"end":{"line":301,"column":133}}]},"16":{"line":302,"type":"cond-expr","locations":[{"start":{"line":302,"column":99},"end":{"line":302,"column":108}},{"start":{"line":302,"column":111},"end":{"line":302,"column":134}}]},"17":{"line":303,"type":"cond-expr","locations":[{"start":{"line":303,"column":36},"end":{"line":303,"column":53}},{"start":{"line":303,"column":56},"end":{"line":303,"column":80}}]},"18":{"line":305,"type":"if","locations":[{"start":{"line":305,"column":8},"end":{"line":305,"column":8}},{"start":{"line":305,"column":8},"end":{"line":305,"column":8}}]},"19":{"line":308,"type":"if","locations":[{"start":{"line":308,"column":8},"end":{"line":308,"column":8}},{"start":{"line":308,"column":8},"end":{"line":308,"column":8}}]},"20":{"line":310,"type":"cond-expr","locations":[{"start":{"line":310,"column":55},"end":{"line":310,"column":72}},{"start":{"line":310,"column":75},"end":{"line":310,"column":78}}]},"21":{"line":326,"type":"binary-expr","locations":[{"start":{"line":326,"column":36},"end":{"line":326,"column":60}},{"start":{"line":326,"column":64},"end":{"line":326,"column":93}}]},"22":{"line":327,"type":"binary-expr","locations":[{"start":{"line":327,"column":65},"end":{"line":327,"column":116}},{"start":{"line":327,"column":120},"end":{"line":327,"column":151}}]},"23":{"line":332,"type":"if","locations":[{"start":{"line":332,"column":16},"end":{"line":332,"column":16}},{"start":{"line":332,"column":16},"end":{"line":332,"column":16}}]},"24":{"line":351,"type":"cond-expr","locations":[{"start":{"line":351,"column":98},"end":{"line":351,"column":141}},{"start":{"line":351,"column":144},"end":{"line":351,"column":173}}]},"25":{"line":351,"type":"binary-expr","locations":[{"start":{"line":351,"column":27},"end":{"line":351,"column":75}},{"start":{"line":351,"column":79},"end":{"line":351,"column":94}}]},"26":{"line":352,"type":"if","locations":[{"start":{"line":352,"column":12},"end":{"line":352,"column":12}},{"start":{"line":352,"column":12},"end":{"line":352,"column":12}}]},"27":{"line":354,"type":"if","locations":[{"start":{"line":354,"column":12},"end":{"line":354,"column":12}},{"start":{"line":354,"column":12},"end":{"line":354,"column":12}}]},"28":{"line":365,"type":"if","locations":[{"start":{"line":365,"column":12},"end":{"line":365,"column":12}},{"start":{"line":365,"column":12},"end":{"line":365,"column":12}}]},"29":{"line":384,"type":"if","locations":[{"start":{"line":384,"column":20},"end":{"line":384,"column":20}},{"start":{"line":384,"column":20},"end":{"line":384,"column":20}}]},"30":{"line":399,"type":"if","locations":[{"start":{"line":399,"column":20},"end":{"line":399,"column":20}},{"start":{"line":399,"column":20},"end":{"line":399,"column":20}}]}},"l":{"2":1,"3":1,"4":1,"5":1,"6":1,"7":1,"8":1,"17":65,"18":65,"19":65,"20":65,"21":65,"22":65,"23":65,"24":65,"25":65,"35":12,"41":115,"51":145,"60":61,"61":0,"62":61,"68":0,"77":26,"78":26,"84":0,"91":115,"92":115,"94":115,"97":115,"98":115,"99":91,"100":24,"103":115,"104":115,"106":115,"109":115,"114":115,"119":115,"122":115,"124":115,"130":2,"131":2,"134":2,"135":2,"136":2,"142":2,"147":2,"152":2,"153":2,"154":2,"160":3,"167":0,"168":0,"174":0,"181":75,"188":0,"194":0,"195":0,"197":0,"199":0,"200":0,"202":0,"205":4,"206":4,"207":0,"208":4,"211":4,"212":0,"213":4,"214":4,"215":2,"216":2,"217":2,"220":2,"221":2,"222":2,"224":4,"227":2,"228":2,"229":0,"230":2,"231":2,"232":0,"233":2,"234":4,"235":4,"236":2,"237":2,"240":2,"241":2,"243":4,"245":2,"248":2,"249":2,"250":0,"251":2,"252":2,"253":0,"254":2,"256":2,"257":2,"258":2,"259":4,"262":2,"268":0,"278":1,"279":1,"290":1,"291":1,"301":78,"302":78,"303":78,"304":78,"305":78,"306":19,"308":78,"309":76,"310":76,"311":76,"313":76,"315":78,"325":115,"326":173,"327":63,"329":32,"330":32,"331":32,"332":32,"333":0,"334":32,"341":115,"342":115,"349":224,"350":501,"351":501,"352":501,"353":300,"354":201,"355":169,"356":49,"358":169,"361":32,"364":501,"365":224,"366":224,"372":224,"377":61,"378":61,"379":80,"381":0,"382":0,"384":0,"385":0,"387":0,"394":0,"395":0,"399":0,"400":0,"403":0,"408":61,"414":215,"417":1}},
"/Users/pleerock/www/opensource/nodejs/typeorm/build/es5/src/query-builder/QueryBuilder.js":{"path":"/Users/pleerock/www/opensource/nodejs/typeorm/build/es5/src/query-builder/QueryBuilder.js","s":{"1":1,"2":1,"3":1,"4":145,"5":145,"6":145,"7":145,"8":145,"9":145,"10":145,"11":145,"12":145,"13":145,"14":145,"15":26,"16":4,"17":0,"18":0,"19":0,"20":0,"21":0,"22":4,"23":2,"24":4,"25":4,"26":0,"27":0,"28":0,"29":0,"30":0,"31":0,"32":0,"33":0,"34":0,"35":0,"36":0,"37":0,"38":145,"39":145,"40":145,"41":0,"42":145,"43":145,"44":115,"45":0,"46":115,"47":115,"48":145,"49":145,"50":145,"51":145,"52":145,"53":0,"54":0,"55":145,"56":0,"57":0,"58":0,"59":0,"60":3,"61":3,"62":0,"63":0,"64":0,"65":0,"66":0,"67":112,"68":112,"69":0,"70":65,"71":65,"72":14,"73":65,"74":76,"75":76,"76":0,"77":76,"78":4,"79":4,"80":0,"81":4,"82":0,"83":0,"84":0,"85":0,"86":0,"87":0,"88":0,"89":0,"90":0,"91":0,"92":0,"93":0,"94":0,"95":0,"96":0,"97":0,"98":0,"99":0,"100":0,"101":0,"102":0,"103":0,"104":0,"105":0,"106":0,"107":0,"108":0,"109":0,"110":57,"111":57,"112":0,"113":0,"114":0,"115":0,"116":90,"117":90,"118":90,"119":145,"120":145,"121":145,"122":145,"123":145,"124":145,"125":145,"126":145,"127":145,"128":145,"129":4,"130":0,"131":0,"132":0,"133":141,"134":141,"135":141,"136":0,"137":141,"138":141,"139":141,"140":0,"141":0,"142":0,"143":0,"144":0,"145":0,"146":0,"147":0,"148":0,"149":0,"150":0,"151":0,"152":0,"153":0,"154":0,"155":0,"156":0,"157":0,"158":0,"159":0,"160":0,"161":0,"162":0,"163":0,"164":0,"165":0,"166":141,"167":141,"168":141,"169":141,"170":141,"171":141,"172":141,"173":138,"174":138,"175":0,"176":0,"177":0,"178":0,"179":0,"180":0,"181":0,"182":0,"183":0,"184":0,"185":0,"186":0,"187":0,"188":0,"189":0,"190":0,"191":0,"192":0,"193":0,"194":0,"195":0,"196":0,"197":0,"198":0,"199":0,"200":0,"201":0,"202":0,"203":0,"204":0,"205":0,"206":0,"207":0,"208":0,"209":0,"210":0,"211":0,"212":0,"213":0,"214":0,"215":0,"216":0,"217":0,"218":0,"219":0,"220":0,"221":0,"222":0,"223":0,"224":0,"225":0,"226":0,"227":141,"228":141,"229":141,"230":138,"231":138,"232":403,"233":0,"234":0,"235":0,"236":0,"237":0,"238":0,"239":0,"240":0,"241":0,"242":0,"243":0,"244":141,"245":145,"246":145,"247":145,"248":2,"249":2,"250":143,"251":143,"252":143,"253":0,"254":143,"255":143,"256":143,"257":143,"258":589,"259":0,"260":145,"261":115,"262":115,"263":115,"264":115,"265":314,"266":0,"267":145,"268":260,"269":226,"270":2,"271":145,"272":0,"273":145,"274":141,"275":4,"276":0,"277":0,"278":0,"279":0,"280":0,"281":0,"282":0,"283":0,"284":145,"285":2,"286":143,"287":145,"288":76,"289":4,"290":65,"291":145,"292":260,"293":260,"294":0,"295":260,"296":909,"297":260,"298":262,"299":145,"300":145,"301":115,"302":115,"303":115,"304":115,"305":115,"306":0,"307":115,"308":115,"309":115,"310":0,"311":115,"312":115,"313":0,"314":115,"315":115,"316":0,"317":115,"318":115,"319":115,"320":115,"321":60,"322":60,"323":60,"324":60,"325":60,"326":60,"327":60,"328":60,"329":55,"330":55,"331":5,"332":5,"333":60,"334":55,"335":38,"336":38,"337":38,"338":17,"339":17,"340":17,"341":17,"342":0,"343":145,"344":145,"345":0,"346":145,"347":145,"348":0,"349":0,"350":0,"351":0,"352":0,"353":145,"354":145,"355":0,"356":0,"357":145,"358":145,"359":0,"360":145,"361":145,"362":0,"363":145,"364":147,"365":147,"366":145,"367":141,"368":115,"369":0,"370":0,"371":115,"372":115,"373":115,"374":115,"375":0,"376":115,"377":115,"378":0,"379":0,"380":0,"381":0,"382":115,"383":115,"384":115,"385":0,"386":115,"387":115,"388":0,"389":115,"390":0,"391":115,"392":115,"393":115,"394":0,"395":115,"396":115,"397":115,"398":0,"399":115,"400":1},"b":{"1":[0,4],"2":[2,2],"3":[0,0],"4":[0,0],"5":[0,0],"6":[145,0],"7":[0,145],"8":[0,115],"9":[145,0],"10":[14,51],"11":[0,76],"12":[0,4],"13":[0,0],"14":[0,0],"15":[0,0],"16":[0,141],"17":[0,141],"18":[141,141],"19":[0,0],"20":[0,0],"21":[0,0],"22":[0,0],"23":[0,0],"24":[0,0],"25":[0,0],"26":[0,0],"27":[0,0,0],"28":[0,0,0],"29":[0,0],"30":[0,0,0],"31":[0,0],"32":[0,0,0],"33":[0,0,0],"34":[0,0,0],"35":[0,0],"36":[0,0],"37":[0,0],"38":[0,0],"39":[0,0],"40":[0,0],"41":[0,0],"42":[0,0],"43":[2,143],"44":[143,0],"45":[0,143],"46":[143,0],"47":[115,0],"48":[260,117],"49":[0,145],"50":[141,4,0],"51":[2,2],"52":[2,2],"53":[0,0],"54":[2,143],"55":[145,145],"56":[76,4,65],"57":[0,76],"58":[2,2],"59":[0,260],"60":[115,0],"61":[0,115],"62":[0,115],"63":[0,115],"64":[0,115],"65":[0,115],"66":[60,55],"67":[55,5],"68":[55,5],"69":[38,17],"70":[55,32,16],"71":[17,0],"72":[17,1,1],"73":[145,0],"74":[145,145],"75":[145,0],"76":[145,145],"77":[0,0,0],"78":[145,0],"79":[145,145],"80":[145,0],"81":[145,0],"82":[147,0],"83":[147,147],"84":[0,115],"85":[115,0],"86":[0,0],"87":[0,0],"88":[0,115],"89":[0,115],"90":[0,115],"91":[0,115],"92":[115,115],"93":[0,115],"94":[115,115]},"f":{"1":145,"2":26,"3":4,"4":0,"5":145,"6":115,"7":145,"8":0,"9":0,"10":3,"11":0,"12":0,"13":0,"14":112,"15":0,"16":65,"17":76,"18":4,"19":0,"20":0,"21":0,"22":0,"23":0,"24":0,"25":0,"26":0,"27":0,"28":0,"29":0,"30":57,"31":0,"32":90,"33":145,"34":4,"35":0,"36":0,"37":141,"38":141,"39":138,"40":0,"41":0,"42":0,"43":141,"44":141,"45":145,"46":145,"47":145,"48":145,"49":145,"50":145,"51":145,"52":145,"53":145,"54":145,"55":141,"56":115,"57":115},"fnMap":{"1":{"name":"(anonymous_1)","line":9,"loc":{"start":{"line":9,"column":15},"end":{"line":9,"column":54}}},"2":{"name":"(anonymous_2)","line":25,"loc":{"start":{"line":25,"column":13},"end":{"line":25,"column":16}}},"3":{"name":"(anonymous_3)","line":28,"loc":{"start":{"line":28,"column":10},"end":{"line":28,"column":30}}},"4":{"name":"(anonymous_4)","line":42,"loc":{"start":{"line":42,"column":10},"end":{"line":42,"column":57}}},"5":{"name":"(anonymous_5)","line":58,"loc":{"start":{"line":58,"column":10},"end":{"line":58,"column":22}}},"6":{"name":"(anonymous_6)","line":70,"loc":{"start":{"line":70,"column":13},"end":{"line":70,"column":25}}},"7":{"name":"(anonymous_7)","line":77,"loc":{"start":{"line":77,"column":8},"end":{"line":77,"column":35}}},"8":{"name":"(anonymous_8)","line":90,"loc":{"start":{"line":90,"column":23},"end":{"line":90,"column":114}}},"9":{"name":"(anonymous_9)","line":94,"loc":{"start":{"line":94,"column":22},"end":{"line":94,"column":113}}},"10":{"name":"(anonymous_10)","line":98,"loc":{"start":{"line":98,"column":22},"end":{"line":98,"column":98}}},"11":{"name":"(anonymous_11)","line":102,"loc":{"start":{"line":102,"column":13},"end":{"line":102,"column":89}}},"12":{"name":"(anonymous_12)","line":105,"loc":{"start":{"line":105,"column":22},"end":{"line":105,"column":113}}},"13":{"name":"(anonymous_13)","line":109,"loc":{"start":{"line":109,"column":21},"end":{"line":109,"column":112}}},"14":{"name":"(anonymous_14)","line":113,"loc":{"start":{"line":113,"column":21},"end":{"line":113,"column":97}}},"15":{"name":"(anonymous_15)","line":117,"loc":{"start":{"line":117,"column":12},"end":{"line":117,"column":88}}},"16":{"name":"(anonymous_16)","line":120,"loc":{"start":{"line":120,"column":9},"end":{"line":120,"column":29}}},"17":{"name":"(anonymous_17)","line":126,"loc":{"start":{"line":126,"column":12},"end":{"line":126,"column":32}}},"18":{"name":"(anonymous_18)","line":132,"loc":{"start":{"line":132,"column":11},"end":{"line":132,"column":31}}},"19":{"name":"(anonymous_19)","line":138,"loc":{"start":{"line":138,"column":11},"end":{"line":138,"column":21}}},"20":{"name":"(anonymous_20)","line":142,"loc":{"start":{"line":142,"column":14},"end":{"line":142,"column":24}}},"21":{"name":"(anonymous_21)","line":146,"loc":{"start":{"line":146,"column":10},"end":{"line":146,"column":31}}},"22":{"name":"(anonymous_22)","line":152,"loc":{"start":{"line":152,"column":13},"end":{"line":152,"column":34}}},"23":{"name":"(anonymous_23)","line":158,"loc":{"start":{"line":158,"column":12},"end":{"line":158,"column":33}}},"24":{"name":"(anonymous_24)","line":164,"loc":{"start":{"line":164,"column":11},"end":{"line":164,"column":33}}},"25":{"name":"(anonymous_25)","line":168,"loc":{"start":{"line":168,"column":14},"end":{"line":168,"column":36}}},"26":{"name":"(anonymous_26)","line":172,"loc":{"start":{"line":172,"column":12},"end":{"line":172,"column":20}}},"27":{"name":"(anonymous_27)","line":176,"loc":{"start":{"line":176,"column":13},"end":{"line":176,"column":22}}},"28":{"name":"(anonymous_28)","line":180,"loc":{"start":{"line":180,"column":18},"end":{"line":180,"column":32}}},"29":{"name":"(anonymous_29)","line":184,"loc":{"start":{"line":184,"column":17},"end":{"line":184,"column":30}}},"30":{"name":"(anonymous_30)","line":188,"loc":{"start":{"line":188,"column":16},"end":{"line":188,"column":29}}},"31":{"name":"(anonymous_31)","line":192,"loc":{"start":{"line":192,"column":17},"end":{"line":192,"column":30}}},"32":{"name":"(anonymous_32)","line":197,"loc":{"start":{"line":197,"column":17},"end":{"line":197,"column":30}}},"33":{"name":"(anonymous_33)","line":201,"loc":{"start":{"line":201,"column":10},"end":{"line":201,"column":13}}},"34":{"name":"(anonymous_34)","line":213,"loc":{"start":{"line":213,"column":11},"end":{"line":213,"column":14}}},"35":{"name":"(anonymous_35)","line":216,"loc":{"start":{"line":216,"column":20},"end":{"line":216,"column":23}}},"36":{"name":"(anonymous_36)","line":219,"loc":{"start":{"line":219,"column":25},"end":{"line":219,"column":28}}},"37":{"name":"(anonymous_37)","line":222,"loc":{"start":{"line":222,"column":14},"end":{"line":222,"column":17}}},"38":{"name":"(anonymous_38)","line":227,"loc":{"start":{"line":227,"column":30},"end":{"line":227,"column":33}}},"39":{"name":"(anonymous_39)","line":287,"loc":{"start":{"line":287,"column":19},"end":{"line":287,"column":22}}},"40":{"name":"(anonymous_40)","line":290,"loc":{"start":{"line":290,"column":12},"end":{"line":290,"column":15}}},"41":{"name":"(anonymous_41)","line":304,"loc":{"start":{"line":304,"column":22},"end":{"line":304,"column":25}}},"42":{"name":"(anonymous_42)","line":310,"loc":{"start":{"line":310,"column":9},"end":{"line":310,"column":19}}},"43":{"name":"(anonymous_43)","line":374,"loc":{"start":{"line":374,"column":24},"end":{"line":374,"column":34}}},"44":{"name":"(anonymous_44)","line":378,"loc":{"start":{"line":378,"column":21},"end":{"line":378,"column":32}}},"45":{"name":"(anonymous_45)","line":415,"loc":{"start":{"line":415,"column":26},"end":{"line":415,"column":29}}},"46":{"name":"(anonymous_46)","line":478,"loc":{"start":{"line":478,"column":25},"end":{"line":478,"column":28}}},"47":{"name":"(anonymous_47)","line":495,"loc":{"start":{"line":495,"column":24},"end":{"line":495,"column":36}}},"48":{"name":"(anonymous_48)","line":509,"loc":{"start":{"line":509,"column":24},"end":{"line":509,"column":27}}},"49":{"name":"(anonymous_49)","line":566,"loc":{"start":{"line":566,"column":27},"end":{"line":566,"column":30}}},"50":{"name":"(anonymous_50)","line":571,"loc":{"start":{"line":571,"column":26},"end":{"line":571,"column":29}}},"51":{"name":"(anonymous_51)","line":585,"loc":{"start":{"line":585,"column":27},"end":{"line":585,"column":30}}},"52":{"name":"(anonymous_52)","line":590,"loc":{"start":{"line":590,"column":25},"end":{"line":590,"column":28}}},"53":{"name":"(anonymous_53)","line":595,"loc":{"start":{"line":595,"column":26},"end":{"line":595,"column":29}}},"54":{"name":"(anonymous_54)","line":600,"loc":{"start":{"line":600,"column":21},"end":{"line":600,"column":27}}},"55":{"name":"(anonymous_55)","line":607,"loc":{"start":{"line":607,"column":23},"end":{"line":607,"column":26}}},"56":{"name":"(anonymous_56)","line":620,"loc":{"start":{"line":620,"column":8},"end":{"line":620,"column":132}}},"57":{"name":"(anonymous_57)","line":641,"loc":{"start":{"line":641,"column":19},"end":{"line":641,"column":25}}}},"statementMap":{"1":{"start":{"line":2,"column":0},"end":{"line":2,"column":41}},"2":{"start":{"line":3,"column":0},"end":{"line":3,"column":47}},"3":{"start":{"line":4,"column":0},"end":{"line":4,"column":101}},"4":{"start":{"line":10,"column":8},"end":{"line":10,"column":29}},"5":{"start":{"line":11,"column":8},"end":{"line":11,"column":47}},"6":{"start":{"line":12,"column":8},"end":{"line":12,"column":39}},"7":{"start":{"line":13,"column":8},"end":{"line":13,"column":26}},"8":{"start":{"line":14,"column":8},"end":{"line":14,"column":24}},"9":{"start":{"line":15,"column":8},"end":{"line":15,"column":27}},"10":{"start":{"line":16,"column":8},"end":{"line":16,"column":25}},"11":{"start":{"line":17,"column":8},"end":{"line":17,"column":26}},"12":{"start":{"line":18,"column":8},"end":{
[...]
"/Users/pleerock/www/opensource/nodejs/typeorm/build/es5/src/relations.js":{"path":"/Users/pleerock/www/opensource/nodejs/typeorm/build/es5/src/relations.js","s":{"1":1,"2":6,"3":6,"4":6,"5":1,"6":1,"7":1,"8":1,"9":1,"10":1},"b":{"1":[6,0]},"f":{"1":6},"fnMap":{"1":{"name":"__export","line":2,"loc":{"start":{"line":2,"column":0},"end":{"line":2,"column":21}}}},"statementMap":{"1":{"start":{"line":2,"column":0},"end":{"line":4,"column":1}},"2":{"start":{"line":3,"column":4},"end":{"line":3,"column":71}},"3":{"start":{"line":3,"column":21},"end":{"line":3,"column":71}},"4":{"start":{"line":3,"column":53},"end":{"line":3,"column":71}},"5":{"start":{"line":5,"column":0},"end":{"line":5,"column":52}},"6":{"start":{"line":6,"column":0},"end":{"line":6,"column":53}},"7":{"start":{"line":7,"column":0},"end":{"line":7,"column":53}},"8":{"start":{"line":8,"column":0},"end":{"line":8,"column":54}},"9":{"start":{"line":9,"column":0},"end":{"line":9,"column":53}},"10":{"start":{"line":10,"column":0},"end":{"line":10,"column":54}}},"branchMap":{"1":{"line":3,"type":"if","locations":[{"start":{"line":3,"column":21},"end":{"line":3,"column":21}},{"start":{"line":3,"column":21},"end":{"line":3,"column":21}}]}},"l":{"2":1,"3":6,"5":1,"6":1,"7":1,"8":1,"9":1,"10":1}},
"/Users/pleerock/www/opensource/nodejs/typeorm/build/es5/src/decorator/relations/OneToOne.js":{"path":"/Users/pleerock/www/opensource/nodejs/typeorm/build/es5/src/decorator/relations/OneToOne.js","s":{"1":1,"2":1,"3":1,"4":13,"5":13,"6":1,"7":12,"8":13,"9":13,"10":5,"11":13,"12":13,"13":13,"14":1},"b":{"1":[1,12],"2":[5,8]},"f":{"1":13,"2":13},"fnMap":{"1":{"name":"OneToOne","line":8,"loc":{"start":{"line":8,"column":0},"end":{"line":8,"column":63}}},"2":{"name":"(anonymous_2)","line":16,"loc":{"start":{"line":16,"column":11},"end":{"line":16,"column":43}}}},"statementMap":{"1":{"start":{"line":2,"column":0},"end":{"line":2,"column":70}},"2":{"start":{"line":3,"column":0},"end":{"line":3,"column":39}},"3":{"start":{"line":8,"column":0},"end":{"line":31,"column":1}},"4":{"start":{"line":9,"column":4},"end":{"line":9,"column":28}},"5":{"start":{"line":10,"column":4},"end":{"line":15,"column":5}},"6":{"start":{"line":11,"column":8},"end":{"line":11,"column":39}},"7":{"start":{"line":14,"column":8},"end":{"line":14,"column":51}},"8":{"start":{"line":16,"column":4},"end":{"line":30,"column":6}},"9":{"start":{"line":17,"column":8},"end":{"line":18,"column":25}},"10":{"start":{"line":18,"column":12},"end":{"line":18,"column":25}},"11":{"start":{"line":19,"column":8},"end":{"line":19,"column":87}},"12":{"start":{"line":20,"column":8},"end":{"line":28,"column":10}},"13":{"start":{"line":29,"column":8},"end":{"line":29,"column":61}},"14":{"start":{"line":32,"column":0},"end":{"line":32,"column":28}}},"branchMap":{"1":{"line":10,"type":"if","locations":[{"start":{"line":10,"column":4},"end":{"line":10,"column":4}},{"start":{"line":10,"column":4},"end":{"line":10,"column":4}}]},"2":{"line":17,"type":"if","locations":[{"start":{"line":17,"column":8},"end":{"line":17,"column":8}},{"start":{"line":17,"column":8},"end":{"line":17,"column":8}}]}},"l":{"2":1,"3":1,"8":1,"9":13,"10":13,"11":1,"14":12,"16":13,"17":13,"18":5,"19":13,"20":13,"29":13,"32":1}},
"/Users/pleerock/www/opensource/nodejs/typeorm/build/es5/src/decorator/relations/OneToMany.js":{"path":"/Users/pleerock/www/opensource/nodejs/typeorm/build/es5/src/decorator/relations/OneToMany.js","s":{"1":1,"2":1,"3":1,"4":9,"5":9,"6":0,"7":9,"8":9,"9":9,"10":7,"11":9,"12":9,"13":9,"14":1},"b":{"1":[0,9],"2":[7,2]},"f":{"1":9,"2":9},"fnMap":{"1":{"name":"OneToMany","line":8,"loc":{"start":{"line":8,"column":0},"end":{"line":8,"column":64}}},"2":{"name":"(anonymous_2)","line":18,"loc":{"start":{"line":18,"column":11},"end":{"line":18,"column":43}}}},"statementMap":{"1":{"start":{"line":2,"column":0},"end":{"line":2,"column":70}},"2":{"start":{"line":3,"column":0},"end":{"line":3,"column":39}},"3":{"start":{"line":8,"column":0},"end":{"line":33,"column":1}},"4":{"start":{"line":9,"column":4},"end":{"line":9,"column":28}},"5":{"start":{"line":10,"column":4},"end":{"line":15,"column":5}},"6":{"start":{"line":11,"column":8},"end":{"line":11,"column":39}},"7":{"start":{"line":14,"column":8},"end":{"line":14,"column":51}},"8":{"start":{"line":18,"column":4},"end":{"line":32,"column":6}},"9":{"start":{"line":19,"column":8},"end":{"line":20,"column":25}},"10":{"start":{"line":20,"column":12},"end":{"line":20,"column":25}},"11":{"start":{"line":21,"column":8},"end":{"line":21,"column":87}},"12":{"start":{"line":22,"column":8},"end":{"line":30,"column":10}},"13":{"start":{"line":31,"column":8},"end":{"line":31,"column":61}},"14":{"start":{"line":34,"column":0},"end":{"line":34,"column":30}}},"branchMap":{"1":{"line":10,"type":"if","locations":[{"start":{"line":10,"column":4},"end":{"line":10,"column":4}},{"start":{"line":10,"column":4},"end":{"line":10,"column":4}}]},"2":{"line":19,"type":"if","locations":[{"start":{"line":19,"column":8},"end":{"line":19,"column":8}},{"start":{"line":19,"column":8},"end":{"line":19,"column":8}}]}},"l":{"2":1,"3":1,"8":1,"9":9,"10":9,"11":0,"14":9,"18":9,"19":9,"20":7,"21":9,"22":9,"31":9,"34":1}},
"/Users/pleerock/www/opensource/nodejs/typeorm/build/es5/src/decorator/relations/ManyToOne.js":{"path":"/Users/pleerock/www/opensource/nodejs/typeorm/build/es5/src/decorator/relations/ManyToOne.js","s":{"1":1,"2":1,"3":1,"4":11,"5":11,"6":1,"7":10,"8":11,"9":11,"10":5,"11":11,"12":11,"13":11,"14":1},"b":{"1":[1,10],"2":[5,6]},"f":{"1":11,"2":11},"fnMap":{"1":{"name":"ManyToOne","line":9,"loc":{"start":{"line":9,"column":0},"end":{"line":9,"column":64}}},"2":{"name":"(anonymous_2)","line":17,"loc":{"start":{"line":17,"column":11},"end":{"line":17,"column":43}}}},"statementMap":{"1":{"start":{"line":2,"column":0},"end":{"line":2,"column":70}},"2":{"start":{"line":3,"column":0},"end":{"line":3,"column":39}},"3":{"start":{"line":9,"column":0},"end":{"line":32,"column":1}},"4":{"start":{"line":10,"column":4},"end":{"line":10,"column":28}},"5":{"start":{"line":11,"column":4},"end":{"line":16,"column":5}},"6":{"start":{"line":12,"column":8},"end":{"line":12,"column":39}},"7":{"start":{"line":15,"column":8},"end":{"line":15,"column":51}},"8":{"start":{"line":17,"column":4},"end":{"line":31,"column":6}},"9":{"start":{"line":18,"column":8},"end":{"line":19,"column":25}},"10":{"start":{"line":19,"column":12},"end":{"line":19,"column":25}},"11":{"start":{"line":20,"column":8},"end":{"line":20,"column":87}},"12":{"start":{"line":21,"column":8},"end":{"line":29,"column":10}},"13":{"start":{"line":30,"column":8},"end":{"line":30,"column":61}},"14":{"start":{"line":33,"column":0},"end":{"line":33,"column":30}}},"branchMap":{"1":{"line":11,"type":"if","locations":[{"start":{"line":11,"column":4},"end":{"line":11,"column":4}},{"start":{"line":11,"column":4},"end":{"line":11,"column":4}}]},"2":{"line":18,"type":"if","locations":[{"start":{"line":18,"column":8},"end":{"line":18,"column":8}},{"start":{"line":18,"column":8},"end":{"line":18,"column":8}}]}},"l":{"2":1,"3":1,"9":1,"10":11,"11":11,"12":1,"15":10,"17":11,"18":11,"19":5,"20":11,"21":11,"30":11,"33":1}},
"/Users/pleerock/www/opensource/nodejs/typeorm/build/es5/src/decorator/relations/ManyToMany.js":{"path":"/Users/pleerock/www/opensource/nodejs/typeorm/build/es5/src/decorator/relations/ManyToMany.js","s":{"1":1,"2":1,"3":1,"4":15,"5":15,"6":1,"7":14,"8":15,"9":15,"10":8,"11":15,"12":15,"13":15,"14":1},"b":{"1":[1,14],"2":[8,7]},"f":{"1":15,"2":15},"fnMap":{"1":{"name":"ManyToMany","line":9,"loc":{"start":{"line":9,"column":0},"end":{"line":9,"column":65}}},"2":{"name":"(anonymous_2)","line":17,"loc":{"start":{"line":17,"column":11},"end":{"line":17,"column":43}}}},"statementMap":{"1":{"start":{"line":2,"column":0},"end":{"line":2,"column":70}},"2":{"start":{"line":3,"column":0},"end":{"line":3,"column":39}},"3":{"start":{"line":9,"column":0},"end":{"line":32,"column":1}},"4":{"start":{"line":10,"column":4},"end":{"line":10,"column":28}},"5":{"start":{"line":11,"column":4},"end":{"line":16,"column":5}},"6":{"start":{"line":12,"column":8},"end":{"line":12,"column":39}},"7":{"start":{"line":15,"column":8},"end":{"line":15,"column":51}},"8":{"start":{"line":17,"column":4},"end":{"line":31,"column":6}},"9":{"start":{"line":18,"column":8},"end":{"line":19,"column":25}},"10":{"start":{"line":19,"column":12},"end":{"line":19,"column":25}},"11":{"start":{"line":20,"column":8},"end":{"line":20,"column":87}},"12":{"start":{"line":21,"column":8},"end":{"line":29,"column":10}},"13":{"start":{"line":30,"column":8},"end":{"line":30,"column":61}},"14":{"start":{"line":33,"column":0},"end":{"line":33,"column":32}}},"branchMap":{"1":{"line":11,"type":"if","locations":[{"start":{"line":11,"column":4},"end":{"line":11,"column":4}},{"start":{"line":11,"column":4},"end":{"line":11,"column":4}}]},"2":{"line":18,"type":"if","locations":[{"start":{"line":18,"column":8},"end":{"line":18,"column":8}},{"start":{"line":18,"column":8},"end":{"line":18,"column":8}}]}},"l":{"2":1,"3":1,"9":1,"10":15,"11":15,"12":1,"15":14,"17":15,"18":15,"19":8,"20":15,"21":15,"30":15,"33":1}},
"/Users/pleerock/www/opensource/nodejs/typeorm/build/es5/src/decorator/relations/JoinTable.js":{"path":"/Users/pleerock/www/opensource/nodejs/typeorm/build/es5/src/decorator/relations/JoinTable.js","s":{"1":1,"2":1,"3":8,"4":8,"5":8,"6":8,"7":1},"b":{"1":[8,8]},"f":{"1":8,"2":8},"fnMap":{"1":{"name":"JoinTable","line":5,"loc":{"start":{"line":5,"column":0},"end":{"line":5,"column":28}}},"2":{"name":"(anonymous_2)","line":6,"loc":{"start":{"line":6,"column":11},"end":{"line":6,"column":43}}}},"statementMap":{"1":{"start":{"line":2,"column":0},"end":{"line":2,"column":39}},"2":{"start":{"line":5,"column":0},"end":{"line":17,"column":1}},"3":{"start":{"line":6,"column":4},"end":{"line":16,"column":6}},"4":{"start":{"line":7,"column":8},"end":{"line":7,"column":32}},"5":{"start":{"line":8,"column":8},"end":{"line":14,"column":10}},"6":{"start":{"line":15,"column":8},"end":{"line":15,"column":62}},"7":{"start":{"line":18,"column":0},"end":{"line":18,"column":30}}},"branchMap":{"1":{"line":7,"type":"binary-expr","locations":[{"start":{"line":7,"column":18},"end":{"line":7,"column":25}},{"start":{"line":7,"column":29},"end":{"line":7,"column":31}}]}},"l":{"2":1,"5":1,"6":8,"7":8,"8":8,"15":8,"18":1}},
"/Users/pleerock/www/opensource/nodejs/typeorm/build/es5/src/decorator/relations/JoinColumn.js":{"path":"/Users/pleerock/www/opensource/nodejs/typeorm/build/es5/src/decorator/relations/JoinColumn.js","s":{"1":1,"2":1,"3":8,"4":8,"5":8,"6":8,"7":1},"b":{"1":[8,6]},"f":{"1":8,"2":8},"fnMap":{"1":{"name":"JoinColumn","line":5,"loc":{"start":{"line":5,"column":0},"end":{"line":5,"column":29}}},"2":{"name":"(anonymous_2)","line":6,"loc":{"start":{"line":6,"column":11},"end":{"line":6,"column":43}}}},"statementMap":{"1":{"start":{"line":2,"column":0},"end":{"line":2,"column":39}},"2":{"start":{"line":5,"column":0},"end":{"line":16,"column":1}},"3":{"start":{"line":6,"column":4},"end":{"line":15,"column":6}},"4":{"start":{"line":7,"column":8},"end":{"line":7,"column":32}},"5":{"start":{"line":8,"column":8},"end":{"line":13,"column":10}},"6":{"start":{"line":14,"column":8},"end":{"line":14,"column":63}},"7":{"start":{"line":17,"column":0},"end":{"line":17,"column":32}}},"branchMap":{"1":{"line":7,"type":"binary-expr","locations":[{"start":{"line":7,"column":18},"end":{"line":7,"column":25}},{"start":{"line":7,"column":29},"end":{"line":7,"column":31}}]}},"l":{"2":1,"5":1,"6":8,"7":8,"8":8,"14":8,"17":1}},
"/Users/pleerock/www/opensource/nodejs/typeorm/build/es5/src/decorator/tables/ClosureTable.js":{"path":"/Users/pleerock/www/opensource/nodejs/typeorm/build/es5/src/decorator/tables/ClosureTable.js","s":{"1":1,"2":1,"3":1,"4":1,"5":1,"6":1},"b":{"1":[0,1],"2":[1,0],"3":[0,1],"4":[1,0]},"f":{"1":1,"2":1},"fnMap":{"1":{"name":"ClosureTable","line":7,"loc":{"start":{"line":7,"column":0},"end":{"line":7,"column":37}}},"2":{"name":"(anonymous_2)","line":8,"loc":{"start":{"line":8,"column":11},"end":{"line":8,"column":29}}}},"statementMap":{"1":{"start":{"line":2,"column":0},"end":{"line":2,"column":39}},"2":{"start":{"line":7,"column":0},"end":{"line":18,"column":1}},"3":{"start":{"line":8,"column":4},"end":{"line":17,"column":6}},"4":{"start":{"line":9,"column":8},"end":{"line":15,"column":10}},"5":{"start":{"line":16,"column":8},"end":{"line":16,"column":58}},"6":{"start":{"line":19,"column":0},"end":{"line":19,"column":36}}},"branchMap":{"1":{"line":13,"type":"cond-expr","locations":[{"start":{"line":13,"column":58},"end":{"line":13,"column":77}},{"start":{"line":13,"column":80},"end":{"line":13,"column":89}}]},"2":{"line":13,"type":"binary-expr","locations":[{"start":{"line":13,"column":25},"end":{"line":13,"column":32}},{"start":{"line":13,"column":36},"end":{"line":13,"column":55}}]},"3":{"line":14,"type":"cond-expr","locations":[{"start":{"line":14,"column":50},"end":{"line":14,"column":65}},{"start":{"line":14,"column":68},"end":{"line":14,"column":77}}]},"4":{"line":14,"type":"binary-expr","locations":[{"start":{"line":14,"column":21},"end":{"line":14,"column":28}},{"start":{"line":14,"column":32},"end":{"line":14,"column":47}}]}},"l":{"2":1,"7":1,"8":1,"9":1,"16":1,"19":1}},
"/Users/pleerock/www/opensource/nodejs/typeorm/build/es5/src/decorator/tree/TreeParent.js":{"path":"/Users/pleerock/www/opensource/nodejs/typeorm/build/es5/src/decorator/tree/TreeParent.js","s":{"1":1,"2":1,"3":1,"4":1,"5":1,"6":1,"7":1,"8":1,"9":8,"10":1,"11":1},"b":{"1":[1,0]},"f":{"1":1,"2":1},"fnMap":{"1":{"name":"TreeParent","line":7,"loc":{"start":{"line":7,"column":0},"end":{"line":7,"column":29}}},"2":{"name":"(anonymous_2)","line":8,"loc":{"start":{"line":8,"column":11},"end":{"line":8,"column":43}}}},"statementMap":{"1":{"start":{"line":2,"column":0},"end":{"line":2,"column":39}},"2":{"start":{"line":3,"column":0},"end":{"line":3,"column":70}},"3":{"start":{"line":7,"column":0},"end":{"line":23,"column":1}},"4":{"start":{"line":8,"column":4},"end":{"line":22,"column":6}},"5":{"start":{"line":9,"column":8},"end":{"line":10,"column":25}},"6":{"start":{"line":10,"column":12},"end":{"line":10,"column":25}},"7":{"start":{"line":11,"column":8},"end":{"line":11,"column":87}},"8":{"start":{"line":12,"column":8},"end":{"line":20,"column":10}},"9":{"start":{"line":18,"column":24},"end":{"line":18,"column":42}},"10":{"start":{"line":21,"column":8},"end":{"line":21,"column":61}},"11":{"start":{"line":24,"column":0},"end":{"line":24,"column":32}}},"branchMap":{"1":{"line":9,"type":"if","locations":[{"start":{"line":9,"column":8},"end":{"line":9,"column":8}},{"start":{"line":9,"column":8},"end":{"line":9,"column":8}}]}},"l":{"2":1,"3":1,"7":1,"8":1,"9":1,"10":1,"11":1,"12":1,"18":8,"21":1,"24":1}},
"/Users/pleerock/www/opensource/nodejs/typeorm/build/es5/src/decorator/tree/TreeChildren.js":{"path":"/Users/pleerock/www/opensource/nodejs/typeorm/build/es5/src/decorator/tree/TreeChildren.js","s":{"1":1,"2":1,"3":1,"4":1,"5":1,"6":0,"7":1,"8":1,"9":8,"10":1,"11":1},"b":{"1":[0,1]},"f":{"1":1,"2":1},"fnMap":{"1":{"name":"TreeChildren","line":7,"loc":{"start":{"line":7,"column":0},"end":{"line":7,"column":31}}},"2":{"name":"(anonymous_2)","line":8,"loc":{"start":{"line":8,"column":11},"end":{"line":8,"column":43}}}},"statementMap":{"1":{"start":{"line":2,"column":0},"end":{"line":2,"column":39}},"2":{"start":{"line":3,"column":0},"end":{"line":3,"column":70}},"3":{"start":{"line":7,"column":0},"end":{"line":24,"column":1}},"4":{"start":{"line":8,"column":4},"end":{"line":23,"column":6}},"5":{"start":{"line":9,"column":8},"end":{"line":10,"column":25}},"6":{"start":{"line":10,"column":12},"end":{"line":10,"column":25}},"7":{"start":{"line":11,"column":8},"end":{"line":11,"column":87}},"8":{"start":{"line":13,"column":8},"end":{"line":21,"column":10}},"9":{"start":{"line":19,"column":24},"end":{"line":19,"column":42}},"10":{"start":{"line":22,"column":8},"end":{"line":22,"column":61}},"11":{"start":{"line":25,"column":0},"end":{"line":25,"column":36}}},"branchMap":{"1":{"line":9,"type":"if","locations":[{"start":{"line":9,"column":8},"end":{"line":9,"column":8}},{"start":{"line":9,"column":8},"end":{"line":9,"column":8}}]}},"l":{"2":1,"3":1,"7":1,"8":1,"9":1,"10":0,"11":1,"13":1,"19":8,"22":1,"25":1}},
"/Users/pleerock/www/opensource/nodejs/typeorm/build/es5/src/decorator/tree/TreeLevelColumn.js":{"path":"/Users/pleerock/www/opensource/nodejs/typeorm/build/es5/src/decorator/tree/TreeLevelColumn.js","s":{"1":1,"2":1,"3":1,"4":1,"5":1,"6":1,"7":1,"8":1,"9":1,"10":1},"b":{},"f":{"1":1,"2":1},"fnMap":{"1":{"name":"TreeLevelColumn","line":7,"loc":{"start":{"line":7,"column":0},"end":{"line":7,"column":27}}},"2":{"name":"(anonymous_2)","line":8,"loc":{"start":{"line":8,"column":11},"end":{"line":8,"column":43}}}},"statementMap":{"1":{"start":{"line":2,"column":0},"end":{"line":2,"column":39}},"2":{"start":{"line":3,"column":0},"end":{"line":3,"column":66}},"3":{"start":{"line":7,"column":0},"end":{"line":24,"column":1}},"4":{"start":{"line":8,"column":4},"end":{"line":23,"column":6}},"5":{"start":{"line":9,"column":8},"end":{"line":9,"column":127}},"6":{"start":{"line":11,"column":8},"end":{"line":11,"column":27}},"7":{"start":{"line":13,"column":8},"end":{"line":13,"column":57}},"8":{"start":{"line":15,"column":8},"end":{"line":21,"column":10}},"9":{"start":{"line":22,"column":8},"end":{"line":22,"column":59}},"10":{"start":{"line":25,"column":0},"end":{"line":25,"column":42}}},"branchMap":{},"l":{"2":1,"3":1,"7":1,"8":1,"9":1,"11":1,"13":1,"15":1,"22":1,"25":1}},
"/Users/pleerock/www/opensource/nodejs/typeorm/build/es5/src/decorator/NamingStrategy.js":{"path":"/Users/pleerock/www/opensource/nodejs/typeorm/build/es5/src/decorator/NamingStrategy.js","s":{"1":1,"2":1,"3":2,"4":2,"5":2,"6":2,"7":1},"b":{"1":[2,0]},"f":{"1":2,"2":2},"fnMap":{"1":{"name":"NamingStrategy","line":6,"loc":{"start":{"line":6,"column":0},"end":{"line":6,"column":30}}},"2":{"name":"(anonymous_2)","line":7,"loc":{"start":{"line":7,"column":11},"end":{"line":7,"column":29}}}},"statementMap":{"1":{"start":{"line":2,"column":0},"end":{"line":2,"column":36}},"2":{"start":{"line":6,"column":0},"end":{"line":15,"column":1}},"3":{"start":{"line":7,"column":4},"end":{"line":14,"column":6}},"4":{"start":{"line":8,"column":8},"end":{"line":8,"column":55}},"5":{"start":{"line":9,"column":8},"end":{"line":12,"column":10}},"6":{"start":{"line":13,"column":8},"end":{"line":13,"column":68}},"7":{"start":{"line":16,"column":0},"end":{"line":16,"column":40}}},"branchMap":{"1":{"line":8,"type":"cond-expr","locations":[{"start":{"line":8,"column":36},"end":{"line":8,"column":40}},{"start":{"line":8,"column":43},"end":{"line":8,"column":54}}]}},"l":{"2":1,"6":1,"7":2,"8":2,"9":2,"13":2,"16":1}},
"/Users/pleerock/www/opensource/nodejs/typeorm/build/es5/src/decorator/listeners/EventSubscriber.js":{"path":"/Users/pleerock/www/opensource/nodejs/typeorm/build/es5/src/decorator/listeners/EventSubscriber.js","s":{"1":1,"2":1,"3":2,"4":2,"5":2,"6":1},"b":{},"f":{"1":2,"2":2},"fnMap":{"1":{"name":"EntityEventSubscriber","line":7,"loc":{"start":{"line":7,"column":0},"end":{"line":7,"column":33}}},"2":{"name":"(anonymous_2)","line":8,"loc":{"start":{"line":8,"column":11},"end":{"line":8,"column":29}}}},"statementMap":{"1":{"start":{"line":2,"column":0},"end":{"line":2,"column":39}},"2":{"start":{"line":7,"column":0},"end":{"line":14,"column":1}},"3":{"start":{"line":8,"column":4},"end":{"line":13,"column":6}},"4":{"start":{"line":9,"column":8},"end":{"line":11,"column":10}},"5":{"start":{"line":12,"column":8},"end":{"line":12,"column":69}},"6":{"start":{"line":15,"column":0},"end":{"line":15,"column":54}}},"branchMap":{},"l":{"2":1,"7":1,"8":2,"9":2,"12":2,"15":1}}}
