TN:
SF:/Users/pleerock/www/opensource/nodejs/typeorm/build/es5/src/index.js
FN:15,(anonymous_1)
FN:18,(anonymous_2)
FN:30,useContainer
FN:37,getFromContainer
FN:51,getMetadataArgsStorage
FN:71,getConnectionManager
FN:84,createConnection
FNF:7
FNH:6
FNDA:1,(anonymous_1)
FNDA:283,(anonymous_2)
FNDA:0,useContainer
FNDA:281,getFromContainer
FNDA:241,getMetadataArgsStorage
FNDA:28,getConnectionManager
FNDA:14,createConnection
DA:5,1
DA:6,1
DA:14,1
DA:16,1
DA:19,283
DA:20,14
DA:21,283
DA:30,1
DA:31,0
DA:33,1
DA:37,1
DA:38,281
DA:40,1
DA:47,1
DA:51,1
DA:52,241
DA:53,1
DA:55,240
DA:56,0
DA:58,241
DA:60,1
DA:67,1
DA:71,1
DA:72,28
DA:73,1
DA:75,27
DA:76,0
DA:78,28
DA:80,1
DA:84,1
DA:85,14
DA:87,1
DA:91,1
DA:92,1
DA:93,1
DA:94,1
DA:95,1
DA:96,1
DA:97,1
DA:98,1
DA:99,1
DA:100,1
DA:101,1
DA:102,1
LF:44
LH:41
BRDA:19,1,0,14
BRDA:19,1,1,269
BRDA:52,2,0,1
BRDA:52,2,1,240
BRDA:52,3,0,241
BRDA:52,3,1,1
BRDA:55,4,0,0
BRDA:55,4,1,240
BRDA:72,5,0,1
BRDA:72,5,1,27
BRDA:72,6,0,28
BRDA:72,6,1,1
BRDA:75,7,0,0
BRDA:75,7,1,27
BRF:14
BRH:12
end_of_record
TN:
SF:/Users/pleerock/www/opensource/nodejs/typeorm/build/es5/src/connection-manager/ConnectionManager.js
FN:12,(anonymous_1)
FN:24,(anonymous_2)
FN:53,(anonymous_3)
FN:64,(anonymous_4)
FN:77,(anonymous_5)
FNF:5
FNH:4
FNDA:1,(anonymous_1)
FNDA:28,(anonymous_2)
FNDA:0,(anonymous_3)
FNDA:28,(anonymous_4)
FNDA:28,(anonymous_5)
DA:2,1
DA:3,1
DA:4,1
DA:5,1
DA:6,1
DA:16,1
DA:25,28
DA:26,28
DA:27,28
DA:28,0
DA:29,28
DA:30,0
DA:31,28
DA:32,1
DA:33,28
DA:34,14
DA:35,28
DA:36,0
DA:37,28
DA:38,0
DA:39,28
DA:40,0
DA:41,28
DA:42,0
DA:43,28
DA:44,0
DA:45,28
DA:46,0
DA:47,28
DA:54,0
DA:55,0
DA:56,0
DA:57,0
DA:58,0
DA:59,0
DA:65,28
DA:67,28
DA:69,0
DA:71,0
DA:78,28
DA:79,28
DA:80,27
DA:81,28
DA:82,28
DA:83,28
DA:86,1
LF:46
LH:30
BRDA:26,1,0,28
BRDA:26,1,1,28
BRDA:27,2,0,0
BRDA:27,2,1,28
BRDA:27,3,0,28
BRDA:27,3,1,0
BRDA:29,4,0,0
BRDA:29,4,1,28
BRDA:31,5,0,1
BRDA:31,5,1,27
BRDA:31,6,0,28
BRDA:31,6,1,6
BRDA:33,7,0,14
BRDA:33,7,1,14
BRDA:35,8,0,0
BRDA:35,8,1,28
BRDA:35,9,0,28
BRDA:35,9,1,0
BRDA:37,10,0,0
BRDA:37,10,1,28
BRDA:39,11,0,0
BRDA:39,11,1,28
BRDA:39,12,0,28
BRDA:39,12,1,0
BRDA:41,13,0,0
BRDA:41,13,1,28
BRDA:43,14,0,0
BRDA:43,14,1,28
BRDA:43,15,0,28
BRDA:43,15,1,0
BRDA:45,16,0,0
BRDA:45,16,1,28
BRDA:45,17,0,28
BRDA:45,17,1,0
BRDA:54,18,0,0
BRDA:54,18,1,0
BRDA:57,19,0,0
BRDA:57,19,1,0
BRDA:65,20,0,28
BRDA:65,20,1,0
BRDA:65,20,2,0
BRDA:79,21,0,27
BRDA:79,21,1,1
BRF:43
BRH:24
end_of_record
TN:
SF:/Users/pleerock/www/opensource/nodejs/typeorm/build/es5/src/connection/Connection.js
FN:2,(anonymous_1)
FN:3,(anonymous_2)
FN:4,fulfilled
FN:5,rejected
FN:6,step
FN:6,(anonymous_6)
FN:38,(anonymous_7)
FN:92,(anonymous_8)
FN:101,(anonymous_9)
FN:102,(anonymous_10)
FN:120,(anonymous_11)
FN:121,(anonymous_12)
FN:131,(anonymous_13)
FN:132,(anonymous_14)
FN:146,(anonymous_15)
FN:147,(anonymous_16)
FN:155,(anonymous_17)
FN:156,(anonymous_18)
FN:164,(anonymous_19)
FN:165,(anonymous_20)
FN:173,(anonymous_21)
FN:174,(anonymous_22)
FN:182,(anonymous_23)
FN:183,(anonymous_24)
FN:193,(anonymous_25)
FN:194,(anonymous_26)
FN:204,(anonymous_27)
FN:205,(anonymous_28)
FN:215,(anonymous_29)
FN:216,(anonymous_30)
FN:226,(anonymous_31)
FN:235,(anonymous_32)
FN:241,(anonymous_33)
FN:255,(anonymous_34)
FN:269,(anonymous_35)
FN:281,(anonymous_36)
FN:298,(anonymous_37)
FN:337,(anonymous_38)
FN:360,(anonymous_39)
FNF:39
FNH:38
FNDA:187,(anonymous_1)
FNDA:187,(anonymous_2)
FNDA:117,fulfilled
FNDA:0,rejected
FNDA:290,step
FNDA:118,(anonymous_6)
FNDA:28,(anonymous_7)
FNDA:294,(anonymous_8)
FNDA:25,(anonymous_9)
FNDA:25,(anonymous_10)
FNDA:24,(anonymous_11)
FNDA:24,(anonymous_12)
FNDA:78,(anonymous_13)
FNDA:78,(anonymous_14)
FNDA:4,(anonymous_15)
FNDA:4,(anonymous_16)
FNDA:3,(anonymous_17)
FNDA:3,(anonymous_18)
FNDA:3,(anonymous_19)
FNDA:3,(anonymous_20)
FNDA:3,(anonymous_21)
FNDA:3,(anonymous_22)
FNDA:29,(anonymous_23)
FNDA:29,(anonymous_24)
FNDA:7,(anonymous_25)
FNDA:7,(anonymous_26)
FNDA:5,(anonymous_27)
FNDA:5,(anonymous_28)
FNDA:6,(anonymous_29)
FNDA:6,(anonymous_30)
FNDA:5,(anonymous_31)
FNDA:2,(anonymous_32)
FNDA:96,(anonymous_33)
FNDA:3,(anonymous_34)
FNDA:4,(anonymous_35)
FNDA:3,(anonymous_36)
FNDA:24,(anonymous_37)
FNDA:24,(anonymous_38)
FNDA:65,(anonymous_39)
DA:2,1
DA:3,187
DA:4,117
DA:5,1
DA:6,290
DA:7,187
DA:10,1
DA:11,1
DA:12,1
DA:13,1
DA:14,1
DA:15,1
DA:16,1
DA:17,1
DA:18,1
DA:19,1
DA:20,1
DA:21,1
DA:22,1
DA:23,1
DA:24,1
DA:25,1
DA:26,1
DA:27,1
DA:28,1
DA:29,1
DA:30,1
DA:42,28
DA:46,28
DA:50,28
DA:54,28
DA:58,28
DA:62,28
DA:66,28
DA:70,28
DA:74,28
DA:78,28
DA:79,28
DA:80,28
DA:81,28
DA:82,28
DA:83,28
DA:84,28
DA:93,294
DA:102,25
DA:103,25
DA:104,1
DA:106,24
DA:108,24
DA:110,22
DA:112,22
DA:113,22
DA:114,22
DA:121,24
DA:122,24
DA:123,2
DA:124,22
DA:125,21
DA:132,78
DA:133,78
DA:134,1
DA:135,77
DA:136,50
DA:137,77
DA:138,77
DA:139,77
DA:140,77
DA:147,4
DA:148,4
DA:149,4
DA:156,3
DA:157,3
DA:158,3
DA:165,3
DA:166,3
DA:167,3
DA:174,3
DA:175,3
DA:176,3
DA:183,29
DA:184,29
DA:185,3
DA:186,52
DA:187,26
DA:194,7
DA:195,7
DA:196,2
DA:197,5
DA:198,5
DA:205,5
DA:206,5
DA:207,2
DA:208,3
DA:209,3
DA:216,6
DA:217,6
DA:218,1
DA:219,5
DA:220,5
DA:227,5
DA:228,1
DA:229,4
DA:230,4
DA:236,2
DA:242,96
DA:243,1
DA:244,95
DA:245,4
DA:246,91
DA:247,204
DA:248,91
DA:249,0
DA:250,91
DA:256,3
DA:257,1
DA:258,2
DA:259,4
DA:260,2
DA:261,0
DA:262,2
DA:263,0
DA:264,2
DA:270,4
DA:271,1
DA:272,3
DA:273,3
DA:274,3
DA:275,0
DA:276,3
DA:282,3
DA:283,1
DA:284,2
DA:285,4
DA:286,2
DA:287,0
DA:288,2
DA:289,0
DA:290,2
DA:299,24
DA:301,22
DA:302,1
DA:305,2
DA:306,2
DA:309,22
DA:310,20
DA:313,0
DA:316,22
DA:317,20
DA:320,61
DA:321,61
DA:325,22
DA:326,3
DA:329,4
DA:330,4
DA:338,24
DA:339,4
DA:342,4
DA:343,2
DA:344,2
DA:345,1
DA:346,1
DA:349,2
DA:350,2
DA:351,1
DA:352,1
DA:355,20
DA:361,65
DA:362,65
DA:363,5
DA:364,5
DA:365,5
DA:366,5
DA:369,60
DA:370,60
DA:371,60
DA:372,60
DA:376,1
LF:177
LH:170
BRDA:2,1,0,1
BRDA:2,1,1,1
BRDA:2,1,2,1
BRDA:3,2,0,187
BRDA:3,2,1,187
BRDA:6,3,0,172
BRDA:6,3,1,118
BRDA:103,4,0,1
BRDA:103,4,1,24
BRDA:112,5,0,22
BRDA:112,5,1,0
BRDA:122,6,0,2
BRDA:122,6,1,22
BRDA:133,7,0,1
BRDA:133,7,1,77
BRDA:135,8,0,50
BRDA:135,8,1,27
BRDA:184,9,0,3
BRDA:184,9,1,26
BRDA:195,10,0,2
BRDA:195,10,1,5
BRDA:206,11,0,2
BRDA:206,11,1,3
BRDA:217,12,0,1
BRDA:217,12,1,5
BRDA:227,13,0,1
BRDA:227,13,1,4
BRDA:242,14,0,1
BRDA:242,14,1,95
BRDA:244,15,0,4
BRDA:244,15,1,91
BRDA:248,16,0,0
BRDA:248,16,1,91
BRDA:256,17,0,1
BRDA:256,17,1,2
BRDA:260,18,0,0
BRDA:260,18,1,2
BRDA:262,19,0,0
BRDA:262,19,1,2
BRDA:270,20,0,1
BRDA:270,20,1,3
BRDA:274,21,0,0
BRDA:274,21,1,3
BRDA:282,22,0,1
BRDA:282,22,1,2
BRDA:286,23,0,0
BRDA:286,23,1,2
BRDA:288,24,0,0
BRDA:288,24,1,2
BRDA:301,25,0,1
BRDA:301,25,1,21
BRDA:301,26,0,22
BRDA:301,26,1,22
BRDA:309,27,0,20
BRDA:309,27,1,2
BRDA:309,28,0,22
BRDA:309,28,1,22
BRDA:316,29,0,20
BRDA:316,29,1,2
BRDA:316,30,0,22
BRDA:316,30,1,22
BRDA:325,31,0,3
BRDA:325,31,1,19
BRDA:325,32,0,22
BRDA:325,32,1,22
BRDA:338,33,0,4
BRDA:338,33,1,20
BRDA:338,34,0,24
BRDA:338,34,1,24
BRDA:338,34,2,4
BRDA:342,35,0,2
BRDA:342,35,1,2
BRDA:344,36,0,1
BRDA:344,36,1,1
BRDA:350,37,0,1
BRDA:350,37,1,1
BRDA:362,38,0,5
BRDA:362,38,1,60
BRF:78
BRH:71
end_of_record
TN:
SF:/Users/pleerock/www/opensource/nodejs/typeorm/build/es5/src/repository/Repository.js
FN:16,(anonymous_1)
FN:34,(anonymous_2)
FN:40,(anonymous_3)
FN:50,(anonymous_4)
FN:59,(anonymous_5)
FN:67,(anonymous_6)
FN:76,(anonymous_7)
FN:83,(anonymous_8)
FN:90,(anonymous_9)
FN:129,(anonymous_10)
FN:159,(anonymous_11)
FN:166,(anonymous_12)
FN:173,(anonymous_13)
FN:180,(anonymous_14)
FN:187,(anonymous_15)
FN:193,(anonymous_16)
FN:204,(anonymous_17)
FN:226,(anonymous_18)
FN:247,(anonymous_19)
FN:267,(anonymous_20)
FN:277,(anonymous_21)
FN:289,(anonymous_22)
FN:300,(anonymous_23)
FN:324,(anonymous_24)
FN:348,(anonymous_25)
FN:376,(anonymous_26)
FN:413,(anonymous_27)
FNF:27
FNH:20
FNDA:65,(anonymous_1)
FNDA:12,(anonymous_2)
FNDA:115,(anonymous_3)
FNDA:145,(anonymous_4)
FNDA:61,(anonymous_5)
FNDA:0,(anonymous_6)
FNDA:26,(anonymous_7)
FNDA:0,(anonymous_8)
FNDA:115,(anonymous_9)
FNDA:2,(anonymous_10)
FNDA:3,(anonymous_11)
FNDA:0,(anonymous_12)
FNDA:0,(anonymous_13)
FNDA:75,(anonymous_14)
FNDA:0,(anonymous_15)
FNDA:0,(anonymous_16)
FNDA:4,(anonymous_17)
FNDA:2,(anonymous_18)
FNDA:2,(anonymous_19)
FNDA:0,(anonymous_20)
FNDA:1,(anonymous_21)
FNDA:1,(anonymous_22)
FNDA:78,(anonymous_23)
FNDA:115,(anonymous_24)
FNDA:224,(anonymous_25)
FNDA:61,(anonymous_26)
FNDA:215,(anonymous_27)
DA:2,1
DA:3,1
DA:4,1
DA:5,1
DA:6,1
DA:7,1
DA:8,1
DA:17,65
DA:18,65
DA:19,65
DA:20,65
DA:21,65
DA:22,65
DA:23,65
DA:24,65
DA:25,65
DA:35,12
DA:41,115
DA:51,145
DA:60,61
DA:61,0
DA:62,61
DA:68,0
DA:77,26
DA:78,26
DA:84,0
DA:91,115
DA:92,115
DA:94,115
DA:97,115
DA:98,115
DA:99,91
DA:100,24
DA:103,115
DA:104,115
DA:106,115
DA:109,115
DA:114,115
DA:119,115
DA:122,115
DA:124,115
DA:130,2
DA:131,2
DA:134,2
DA:135,2
DA:136,2
DA:142,2
DA:147,2
DA:152,2
DA:153,2
DA:154,2
DA:160,3
DA:167,0
DA:168,0
DA:174,0
DA:181,75
DA:188,0
DA:194,0
DA:195,0
DA:197,0
DA:199,0
DA:200,0
DA:202,0
DA:205,4
DA:206,4
DA:207,0
DA:208,4
DA:211,4
DA:212,0
DA:213,4
DA:214,4
DA:215,2
DA:216,2
DA:217,2
DA:220,2
DA:221,2
DA:222,2
DA:224,4
DA:227,2
DA:228,2
DA:229,0
DA:230,2
DA:231,2
DA:232,0
DA:233,2
DA:234,4
DA:235,4
DA:236,2
DA:237,2
DA:240,2
DA:241,2
DA:243,4
DA:245,2
DA:248,2
DA:249,2
DA:250,0
DA:251,2
DA:252,2
DA:253,0
DA:254,2
DA:256,2
DA:257,2
DA:258,2
DA:259,4
DA:262,2
DA:268,0
DA:278,1
DA:279,1
DA:290,1
DA:291,1
DA:301,78
DA:302,78
DA:303,78
DA:304,78
DA:305,78
DA:306,19
DA:308,78
DA:309,76
DA:310,76
DA:311,76
DA:313,76
DA:315,78
DA:325,115
DA:326,173
DA:327,63
DA:329,32
DA:330,32
DA:331,32
DA:332,32
DA:333,0
DA:334,32
DA:341,115
DA:342,115
DA:349,224
DA:350,501
DA:351,501
DA:352,501
DA:353,300
DA:354,201
DA:355,169
DA:356,49
DA:358,169
DA:361,32
DA:364,501
DA:365,224
DA:366,224
DA:372,224
DA:377,61
DA:378,61
DA:379,80
DA:381,0
DA:382,0
DA:384,0
DA:385,0
DA:387,0
DA:394,0
DA:395,0
DA:399,0
DA:400,0
DA:403,0
DA:408,61
DA:414,215
DA:417,1
LF:163
LH:132
BRDA:41,1,0,115
BRDA:41,1,1,115
BRDA:41,1,2,24
BRDA:41,1,3,24
BRDA:41,1,4,24
BRDA:60,2,0,0
BRDA:60,2,1,61
BRDA:98,3,0,91
BRDA:98,3,1,24
BRDA:104,4,0,24
BRDA:104,4,1,91
BRDA:206,5,0,0
BRDA:206,5,1,4
BRDA:211,6,0,0
BRDA:211,6,1,4
BRDA:214,7,0,2
BRDA:214,7,1,2
BRDA:228,8,0,0
BRDA:228,8,1,2
BRDA:231,9,0,0
BRDA:231,9,1,2
BRDA:235,10,0,2
BRDA:235,10,1,2
BRDA:249,11,0,0
BRDA:249,11,1,2
BRDA:252,12,0,0
BRDA:252,12,1,2
BRDA:256,13,0,1
BRDA:256,13,1,1
BRDA:257,14,0,1
BRDA:257,14,1,1
BRDA:301,15,0,0
BRDA:301,15,1,78
BRDA:302,16,0,0
BRDA:302,16,1,78
BRDA:303,17,0,19
BRDA:303,17,1,59
BRDA:305,18,0,19
BRDA:305,18,1,59
BRDA:308,19,0,76
BRDA:308,19,1,2
BRDA:310,20,0,76
BRDA:310,20,1,0
BRDA:326,21,0,173
BRDA:326,21,1,173
BRDA:327,22,0,62
BRDA:327,22,1,31
BRDA:332,23,0,0
BRDA:332,23,1,32
BRDA:351,24,0,0
BRDA:351,24,1,501
BRDA:351,25,0,501
BRDA:351,25,1,0
BRDA:352,26,0,300
BRDA:352,26,1,201
BRDA:354,27,0,169
BRDA:354,27,1,32
BRDA:365,28,0,224
BRDA:365,28,1,0
BRDA:384,29,0,0
BRDA:384,29,1,0
BRDA:399,30,0,0
BRDA:399,30,1,0
BRF:63
BRH:45
end_of_record
TN:
SF:/Users/pleerock/www/opensource/nodejs/typeorm/build/es5/src/query-builder/QueryBuilder.js
FN:9,(anonymous_1)
FN:25,(anonymous_2)
FN:28,(anonymous_3)
FN:42,(anonymous_4)
FN:58,(anonymous_5)
FN:70,(anonymous_6)
FN:77,(anonymous_7)
FN:90,(anonymous_8)
FN:94,(anonymous_9)
FN:98,(anonymous_10)
FN:102,(anonymous_11)
FN:105,(anonymous_12)
FN:109,(anonymous_13)
FN:113,(anonymous_14)
FN:117,(anonymous_15)
FN:120,(anonymous_16)
FN:126,(anonymous_17)
FN:132,(anonymous_18)
FN:138,(anonymous_19)
FN:142,(anonymous_20)
FN:146,(anonymous_21)
FN:152,(anonymous_22)
FN:158,(anonymous_23)
FN:164,(anonymous_24)
FN:168,(anonymous_25)
FN:172,(anonymous_26)
FN:176,(anonymous_27)
FN:180,(anonymous_28)
FN:184,(anonymous_29)
FN:188,(anonymous_30)
FN:192,(anonymous_31)
FN:197,(anonymous_32)
FN:201,(anonymous_33)
FN:213,(anonymous_34)
FN:216,(anonymous_35)
FN:219,(anonymous_36)
FN:222,(anonymous_37)
FN:227,(anonymous_38)
FN:287,(anonymous_39)
FN:290,(anonymous_40)
FN:304,(anonymous_41)
FN:310,(anonymous_42)
FN:374,(anonymous_43)
FN:378,(anonymous_44)
FN:415,(anonymous_45)
FN:478,(anonymous_46)
FN:495,(anonymous_47)
FN:509,(anonymous_48)
FN:566,(anonymous_49)
FN:571,(anonymous_50)
FN:585,(anonymous_51)
FN:590,(anonymous_52)
FN:595,(anonymous_53)
FN:600,(anonymous_54)
FN:607,(anonymous_55)
FN:620,(anonymous_56)
FN:641,(anonymous_57)
FNF:57
FNH:33
FNDA:145,(anonymous_1)
FNDA:26,(anonymous_2)
FNDA:4,(anonymous_3)
FNDA:0,(anonymous_4)
FNDA:145,(anonymous_5)
FNDA:115,(anonymous_6)
FNDA:145,(anonymous_7)
FNDA:0,(anonymous_8)
FNDA:0,(anonymous_9)
FNDA:3,(anonymous_10)
FNDA:0,(anonymous_11)
FNDA:0,(anonymous_12)
FNDA:0,(anonymous_13)
FNDA:112,(anonymous_14)
FNDA:0,(anonymous_15)
FNDA:65,(anonymous_16)
FNDA:76,(anonymous_17)
FNDA:4,(anonymous_18)
FNDA:0,(anonymous_19)
FNDA:0,(anonymous_20)
FNDA:0,(anonymous_21)
FNDA:0,(anonymous_22)
FNDA:0,(anonymous_23)
FNDA:0,(anonymous_24)
FNDA:0,(anonymous_25)
FNDA:0,(anonymous_26)
FNDA:0,(anonymous_27)
FNDA:0,(anonymous_28)
FNDA:0,(anonymous_29)
FNDA:57,(anonymous_30)
FNDA:0,(anonymous_31)
FNDA:90,(anonymous_32)
FNDA:145,(anonymous_33)
FNDA:4,(anonymous_34)
FNDA:0,(anonymous_35)
FNDA:0,(anonymous_36)
FNDA:141,(anonymous_37)
FNDA:141,(anonymous_38)
FNDA:138,(anonymous_39)
FNDA:0,(anonymous_40)
FNDA:0,(anonymous_41)
FNDA:0,(anonymous_42)
FNDA:141,(anonymous_43)
FNDA:141,(anonymous_44)
FNDA:145,(anonymous_45)
FNDA:145,(anonymous_46)
FNDA:145,(anonymous_47)
FNDA:145,(anonymous_48)
FNDA:145,(anonymous_49)
FNDA:145,(anonymous_50)
FNDA:145,(anonymous_51)
FNDA:145,(anonymous_52)
FNDA:145,(anonymous_53)
FNDA:145,(anonymous_54)
FNDA:141,(anonymous_55)
FNDA:115,(anonymous_56)
FNDA:115,(anonymous_57)
DA:2,1
DA:3,1
DA:4,1
DA:10,145
DA:11,145
DA:12,145
DA:13,145
DA:14,145
DA:15,145
DA:16,145
DA:17,145
DA:18,145
DA:19,145
DA:20,145
DA:26,26
DA:29,4
DA:30,0
DA:31,0
DA:32,0
DA:33,0
DA:34,0
DA:36,4
DA:37,2
DA:39,4
DA:40,4
DA:43,0
DA:44,0
DA:45,0
DA:46,0
DA:47,0
DA:48,0
DA:49,0
DA:51,0
DA:52,0
DA:54,0
DA:55,0
DA:56,0
DA:59,145
DA:60,145
DA:61,145
DA:62,0
DA:65,145
DA:68,145
DA:71,115
DA:72,0
DA:74,115
DA:75,115
DA:78,145
DA:79,145
DA:80,145
DA:81,145
DA:82,145
DA:85,0
DA:86,0
DA:88,145
DA:91,0
DA:92,0
DA:95,0
DA:96,0
DA:99,3
DA:100,3
DA:103,0
DA:106,0
DA:107,0
DA:110,0
DA:111,0
DA:114,112
DA:115,112
DA:118,0
DA:121,65
DA:122,65
DA:123,14
DA:124,65
DA:127,76
DA:128,76
DA:129,0
DA:130,76
DA:133,4
DA:134,4
DA:135,0
DA:136,4
DA:139,0
DA:140,0
DA:143,0
DA:144,0
DA:147,0
DA:148,0
DA:149,0
DA:150,0
DA:153,0
DA:154,0
DA:155,0
DA:156,0
DA:159,0
DA:160,0
DA:161,0
DA:162,0
DA:165,0
DA:166,0
DA:169,0
DA:170,0
DA:173,0
DA:174,0
DA:177,0
DA:178,0
DA:181,0
DA:182,0
DA:185,0
DA:186,0
DA:189,57
DA:190,57
DA:193,0
DA:194,0
DA:195,0
DA:198,90
DA:199,90
DA:202,145
DA:203,145
DA:204,145
DA:205,145
DA:206,145
DA:207,145
DA:208,145
DA:209,145
DA:210,145
DA:211,145
DA:214,4
DA:217,0
DA:220,0
DA:223,141
DA:224,141
DA:228,141
DA:229,0
DA:230,141
DA:231,141
DA:232,141
DA:233,0
DA:234,0
DA:235,0
DA:236,0
DA:237,0
DA:238,0
DA:239,0
DA:240,0
DA:241,0
DA:242,0
DA:243,0
DA:244,0
DA:247,0
DA:248,0
DA:249,0
DA:250,0
DA:251,0
DA:254,0
DA:256,0
DA:257,0
DA:258,0
DA:260,0
DA:267,141
DA:270,141
DA:271,141
DA:273,141
DA:275,141
DA:277,141
DA:280,141
DA:288,138
DA:291,0
DA:292,0
DA:293,0
DA:296,0
DA:299,0
DA:300,0
DA:301,0
DA:305,0
DA:311,0
DA:312,0
DA:314,0
DA:315,0
DA:317,0
DA:318,0
DA:320,0
DA:321,0
DA:323,0
DA:324,0
DA:326,0
DA:327,0
DA:329,0
DA:330,0
DA:331,0
DA:333,0
DA:334,0
DA:335,0
DA:337,0
DA:338,0
DA:340,0
DA:341,0
DA:343,0
DA:344,0
DA:347,0
DA:348,0
DA:350,0
DA:351,0
DA:353,0
DA:354,0
DA:356,0
DA:357,0
DA:360,0
DA:361,0
DA:362,0
DA:363,0
DA:364,0
DA:365,0
DA:366,0
DA:367,0
DA:369,0
DA:375,141
DA:376,141
DA:379,141
DA:380,138
DA:381,138
DA:382,403
DA:384,0
DA:385,0
DA:387,0
DA:388,0
DA:391,0
DA:398,0
DA:399,0
DA:403,0
DA:404,0
DA:407,0
DA:413,141
DA:417,145
DA:418,145
DA:419,145
DA:420,2
DA:421,2
DA:423,143
DA:424,143
DA:425,143
DA:426,0
DA:427,143
DA:428,143
DA:430,143
DA:431,143
DA:432,589
DA:437,0
DA:440,145
DA:441,115
DA:443,115
DA:444,115
DA:445,115
DA:446,314
DA:450,0
DA:454,145
DA:455,260
DA:456,2
DA:458,145
DA:459,0
DA:461,145
DA:463,141
DA:465,4
DA:467,0
DA:468,0
DA:470,0
DA:471,0
DA:473,0
DA:474,0
DA:476,0
DA:479,145
DA:480,2
DA:481,143
DA:482,145
DA:484,76
DA:486,4
DA:488,65
DA:496,145
DA:497,260
DA:498,260
DA:499,0
DA:500,260
DA:501,909
DA:503,260
DA:504,262
DA:507,145
DA:510,145
DA:511,115
DA:512,115
DA:513,115
DA:514,115
DA:515,115
DA:516,0
DA:517,115
DA:519,115
DA:520,115
DA:521,0
DA:523,115
DA:524,115
DA:525,0
DA:526,115
DA:527,115
DA:528,0
DA:529,115
DA:530,115
DA:531,115
DA:532,115
DA:533,60
DA:534,60
DA:535,60
DA:536,60
DA:537,60
DA:538,60
DA:539,60
DA:540,60
DA:541,55
DA:542,55
DA:545,5
DA:546,5
DA:548,60
DA:551,55
DA:552,38
DA:553,38
DA:554,38
DA:556,17
DA:557,17
DA:558,17
DA:559,17
DA:562,0
DA:567,145
DA:568,145
DA:569,0
DA:572,145
DA:573,145
DA:574,0
DA:575,0
DA:577,0
DA:579,0
DA:581,0
DA:586,145
DA:587,145
DA:588,0
DA:591,145
DA:592,145
DA:593,0
DA:596,145
DA:597,145
DA:598,0
DA:601,145
DA:602,147
DA:603,147
DA:605,145
DA:608,141
DA:609,115
DA:611,0
DA:612,0
DA:621,115
DA:622,115
DA:623,115
DA:624,115
DA:625,0
DA:627,115
DA:628,115
DA:630,0
DA:631,0
DA:632,0
DA:633,0
DA:635,115
DA:636,115
DA:637,115
DA:638,0
DA:639,115
DA:642,115
DA:643,0
DA:644,115
DA:645,0
DA:646,115
DA:647,115
DA:648,115
DA:649,0
DA:650,115
DA:651,115
DA:652,115
DA:653,0
DA:654,115
DA:657,1
LF:385
LH:199
BRDA:29,1,0,0
BRDA:29,1,1,4
BRDA:36,2,0,2
BRDA:36,2,1,2
BRDA:43,3,0,0
BRDA:43,3,1,0
BRDA:44,4,0,0
BRDA:44,4,1,0
BRDA:51,5,0,0
BRDA:51,5,1,0
BRDA:60,6,0,145
BRDA:60,6,1,0
BRDA:61,7,0,0
BRDA:61,7,1,145
BRDA:71,8,0,0
BRDA:71,8,1,115
BRDA:78,9,0,145
BRDA:78,9,1,0
BRDA:122,10,0,14
BRDA:122,10,1,51
BRDA:128,11,0,0
BRDA:128,11,1,76
BRDA:134,12,0,0
BRDA:134,12,1,4
BRDA:148,13,0,0
BRDA:148,13,1,0
BRDA:154,14,0,0
BRDA:154,14,1,0
BRDA:160,15,0,0
BRDA:160,15,1,0
BRDA:228,16,0,0
BRDA:228,16,1,141
BRDA:232,17,0,0
BRDA:232,17,1,141
BRDA:232,18,0,141
BRDA:232,18,1,141
BRDA:235,19,0,0
BRDA:235,19,1,0
BRDA:235,20,0,0
BRDA:235,20,1,0
BRDA:238,21,0,0
BRDA:238,21,1,0
BRDA:238,22,0,0
BRDA:238,22,1,0
BRDA:240,23,0,0
BRDA:240,23,1,0
BRDA:242,24,0,0
BRDA:242,24,1,0
BRDA:249,25,0,0
BRDA:249,25,1,0
BRDA:299,26,0,0
BRDA:299,26,1,0
BRDA:299,27,0,0
BRDA:299,27,1,0
BRDA:299,27,2,0
BRDA:312,28,0,0
BRDA:312,28,1,0
BRDA:312,28,2,0
BRDA:323,29,0,0
BRDA:323,29,1,0
BRDA:323,30,0,0
BRDA:323,30,1,0
BRDA:323,30,2,0
BRDA:326,31,0,0
BRDA:326,31,1,0
BRDA:330,32,0,0
BRDA:330,32,1,0
BRDA:330,32,2,0
BRDA:335,33,0,0
BRDA:335,33,1,0
BRDA:335,33,2,0
BRDA:348,34,0,0
BRDA:348,34,1,0
BRDA:348,34,2,0
BRDA:360,35,0,0
BRDA:360,35,1,0
BRDA:360,36,0,0
BRDA:360,36,1,0
BRDA:363,37,0,0
BRDA:363,37,1,0
BRDA:363,38,0,0
BRDA:363,38,1,0
BRDA:365,39,0,0
BRDA:365,39,1,0
BRDA:365,40,0,0
BRDA:365,40,1,0
BRDA:387,41,0,0
BRDA:387,41,1,0
BRDA:403,42,0,0
BRDA:403,42,1,0
BRDA:419,43,0,2
BRDA:419,43,1,143
BRDA:423,44,0,143
BRDA:423,44,1,0
BRDA:425,45,0,0
BRDA:425,45,1,143
BRDA:430,46,0,143
BRDA:430,46,1,0
BRDA:444,47,0,115
BRDA:444,47,1,0
BRDA:455,48,0,260
BRDA:455,48,1,117
BRDA:458,49,0,0
BRDA:458,49,1,145
BRDA:461,50,0,141
BRDA:461,50,1,4
BRDA:461,50,2,0
BRDA:465,51,0,2
BRDA:465,51,1,2
BRDA:465,52,0,2
BRDA:465,52,1,2
BRDA:474,53,0,0
BRDA:474,53,1,0
BRDA:479,54,0,2
BRDA:479,54,1,143
BRDA:479,55,0,145
BRDA:479,55,1,145
BRDA:482,56,0,76
BRDA:482,56,1,4
BRDA:482,56,2,65
BRDA:484,57,0,0
BRDA:484,57,1,76
BRDA:486,58,0,2
BRDA:486,58,1,2
BRDA:498,59,0,0
BRDA:498,59,1,260
BRDA:513,60,0,115
BRDA:513,60,1,0
BRDA:515,61,0,0
BRDA:515,61,1,115
BRDA:520,62,0,0
BRDA:520,62,1,115
BRDA:524,63,0,0
BRDA:524,63,1,115
BRDA:527,64,0,0
BRDA:527,64,1,115
BRDA:531,65,0,0
BRDA:531,65,1,115
BRDA:532,66,0,60
BRDA:532,66,1,55
BRDA:536,67,0,55
BRDA:536,67,1,5
BRDA:540,68,0,55
BRDA:540,68,1,5
BRDA:551,69,0,38
BRDA:551,69,1,17
BRDA:551,70,0,55
BRDA:551,70,1,32
BRDA:551,70,2,16
BRDA:556,71,0,17
BRDA:556,71,1,0
BRDA:556,72,0,17
BRDA:556,72,1,1
BRDA:556,72,2,1
BRDA:567,73,0,145
BRDA:567,73,1,0
BRDA:567,74,0,145
BRDA:567,74,1,145
BRDA:572,75,0,145
BRDA:572,75,1,0
BRDA:572,76,0,145
BRDA:572,76,1,145
BRDA:575,77,0,0
BRDA:575,77,1,0
BRDA:575,77,2,0
BRDA:586,78,0,145
BRDA:586,78,1,0
BRDA:586,79,0,145
BRDA:586,79,1,145
BRDA:591,80,0,145
BRDA:591,80,1,0
BRDA:596,81,0,145
BRDA:596,81,1,0
BRDA:602,82,0,147
BRDA:602,82,1,0
BRDA:602,83,0,147
BRDA:602,83,1,147
BRDA:624,84,0,0
BRDA:624,84,1,115
BRDA:627,85,0,115
BRDA:627,85,1,0
BRDA:630,86,0,0
BRDA:630,86,1,0
BRDA:632,87,0,0
BRDA:632,87,1,0
BRDA:637,88,0,0
BRDA:637,88,1,115
BRDA:642,89,0,0
BRDA:642,89,1,115
BRDA:644,90,0,0
BRDA:644,90,1,115
BRDA:648,91,0,0
BRDA:648,91,1,115
BRDA:648,92,0,115
BRDA:648,92,1,115
BRDA:652,93,0,0
BRDA:652,93,1,115
BRDA:652,94,0,115
BRDA:652,94,1,115
BRF:199
BRH:87
end_of_record
TN:
SF:/Users/pleerock/www/opensource/nodejs/typeorm/build/es5/src/query-builder/alias/Alias.js
FN:6,(anonymous_1)
FN:9,(anonymous_2)
FN:12,(anonymous_3)
FNF:3
FNH:3
FNDA:260,(anonymous_1)
FNDA:270,(anonymous_2)
FNDA:907,(anonymous_3)
DA:7,260
DA:10,270
DA:13,907
DA:16,1
LF:4
LH:4
BRF:0
BRH:0
end_of_record
TN:
SF:/Users/pleerock/www/opensource/nodejs/typeorm/build/es5/src/query-builder/alias/AliasMap.js
FN:9,(anonymous_1)
FN:19,(anonymous_2)
FN:25,(anonymous_3)
FN:28,(anonymous_4)
FN:31,(anonymous_5)
FN:37,(anonymous_6)
FN:40,(anonymous_7)
FN:45,(anonymous_8)
FN:66,(anonymous_9)
FNF:9
FNH:9
FNDA:145,(anonymous_1)
FNDA:145,(anonymous_2)
FNDA:115,(anonymous_3)
FNDA:286,(anonymous_4)
FNDA:449,(anonymous_5)
FNDA:605,(anonymous_6)
FNDA:560,(anonymous_7)
FNDA:1494,(anonymous_8)
FNDA:1004,(anonymous_9)
DA:10,145
DA:14,145
DA:20,145
DA:21,0
DA:22,145
DA:23,145
DA:26,115
DA:29,286
DA:32,449
DA:33,449
DA:34,0
DA:35,449
DA:38,635
DA:41,560
DA:42,1285
DA:46,1494
DA:47,1004
DA:49,490
DA:50,490
DA:51,490
DA:52,0
DA:53,490
DA:54,490
DA:55,0
DA:56,490
DA:57,0
DA:58,490
DA:59,490
DA:61,0
DA:67,4514
DA:68,1004
DA:69,0
DA:70,1004
DA:73,1
LF:34
LH:27
BRDA:20,1,0,0
BRDA:20,1,1,145
BRDA:33,2,0,0
BRDA:33,2,1,449
BRDA:42,3,0,1285
BRDA:42,3,1,387
BRDA:46,4,0,1004
BRDA:46,4,1,490
BRDA:49,5,0,490
BRDA:49,5,1,0
BRDA:49,6,0,490
BRDA:49,6,1,490
BRDA:51,7,0,0
BRDA:51,7,1,490
BRDA:54,8,0,0
BRDA:54,8,1,490
BRDA:56,9,0,0
BRDA:56,9,1,490
BRDA:68,10,0,0
BRDA:68,10,1,1004
BRF:20
BRH:13
end_of_record
TN:
SF:/Users/pleerock/www/opensource/nodejs/typeorm/build/es5/src/query-builder/transformer/RawSqlResultsToEntityTransformer.js
FN:13,(anonymous_1)
FN:21,(anonymous_2)
FN:31,(anonymous_3)
FN:51,(anonymous_4)
FNF:4
FNH:4
FNDA:141,(anonymous_1)
FNDA:141,(anonymous_2)
FNDA:256,(anonymous_3)
FNDA:259,(anonymous_4)
DA:2,1
DA:14,141
DA:15,141
DA:16,141
DA:22,141
DA:32,256
DA:33,256
DA:34,0
DA:35,256
DA:36,270
DA:37,0
DA:38,270
DA:40,256
DA:42,259
DA:43,0
DA:44,259
DA:46,259
DA:52,259
DA:53,259
DA:54,259
DA:55,0
DA:57,0
DA:58,0
DA:59,0
DA:60,0
DA:61,0
DA:62,0
DA:66,259
DA:67,907
DA:68,907
DA:69,517
DA:70,517
DA:71,0
DA:72,0
DA:73,0
DA:76,517
DA:78,517
DA:82,259
DA:83,560
DA:84,560
DA:85,115
DA:86,115
DA:87,115
DA:88,115
DA:89,115
DA:90,60
DA:91,60
DA:92,0
DA:94,60
DA:95,0
DA:98,60
DA:100,60
DA:104,259
DA:107,1
LF:54
LH:39
BRDA:33,1,0,0
BRDA:33,1,1,256
BRDA:36,2,0,0
BRDA:36,2,1,270
BRDA:42,3,0,0
BRDA:42,3,1,259
BRDA:55,4,0,0
BRDA:55,4,1,0
BRDA:55,4,2,0
BRDA:59,5,0,0
BRDA:59,5,1,0
BRDA:60,6,0,0
BRDA:60,6,1,0
BRDA:60,7,0,0
BRDA:60,7,1,0
BRDA:60,7,2,0
BRDA:68,8,0,517
BRDA:68,8,1,390
BRDA:68,9,0,907
BRDA:68,9,1,561
BRDA:68,9,2,561
BRDA:70,10,0,0
BRDA:70,10,1,517
BRDA:71,11,0,0
BRDA:71,11,1,0
BRDA:84,12,0,115
BRDA:84,12,1,445
BRDA:87,13,0,115
BRDA:87,13,1,55
BRDA:88,14,0,39
BRDA:88,14,1,76
BRDA:89,15,0,60
BRDA:89,15,1,55
BRDA:89,16,0,115
BRDA:89,16,1,106
BRDA:89,16,2,76
BRDA:91,17,0,0
BRDA:91,17,1,60
BRDA:94,18,0,0
BRDA:94,18,1,60
BRDA:104,19,0,204
BRDA:104,19,1,55
BRF:42
BRH:24
end_of_record
TN:
SF:/Users/pleerock/www/opensource/nodejs/typeorm/build/es5/src/util/OrmUtils.js
FN:4,(anonymous_1)
FNF:1
FNH:1
FNDA:256,(anonymous_1)
DA:5,256
DA:6,270
DA:7,270
DA:8,270
DA:9,259
DA:10,259
DA:12,270
DA:13,270
DA:17,1
LF:9
LH:9
BRDA:8,1,0,259
BRDA:8,1,1,11
BRF:2
BRH:2
end_of_record
TN:
SF:/Users/pleerock/www/opensource/nodejs/typeorm/build/es5/src/query-builder/transformer/PlainObjectToNewEntityTransformer.js
FN:12,(anonymous_1)
FN:17,(anonymous_2)
FN:27,(anonymous_3)
FNF:3
FNH:1
FNDA:65,(anonymous_1)
FNDA:0,(anonymous_2)
FNDA:0,(anonymous_3)
DA:18,0
DA:28,0
DA:30,0
DA:31,0
DA:32,0
DA:34,0
DA:35,0
DA:37,0
DA:38,0
DA:39,0
DA:40,0
DA:41,0
DA:42,0
DA:43,0
DA:47,0
DA:51,0
DA:52,0
DA:55,0
DA:59,0
DA:62,1
LF:20
LH:1
BRDA:38,1,0,0
BRDA:38,1,1,0
BRDA:40,2,0,0
BRDA:40,2,1,0
BRDA:40,3,0,0
BRDA:40,3,1,0
BRDA:41,4,0,0
BRDA:41,4,1,0
BRDA:51,5,0,0
BRDA:51,5,1,0
BRF:10
BRH:0
end_of_record
TN:
SF:/Users/pleerock/www/opensource/nodejs/typeorm/build/es5/src/query-builder/transformer/PlainObjectToDatabaseEntityTransformer.js
FN:12,(anonymous_1)
FN:28,(anonymous_2)
FN:36,(anonymous_3)
FNF:3
FNH:3
FNDA:26,(anonymous_1)
FNDA:29,(anonymous_2)
FNDA:85,(anonymous_3)
DA:14,26
DA:15,0
DA:16,26
DA:17,26
DA:18,26
DA:19,26
DA:22,26
DA:29,29
DA:30,62
DA:31,62
DA:32,62
DA:33,3
DA:39,85
DA:40,156
DA:44,65
DA:45,65
DA:48,62
DA:50,62
DA:51,49
DA:52,62
DA:53,62
DA:57,1
LF:22
LH:21
BRDA:14,1,0,0
BRDA:14,1,1,26
BRDA:14,2,0,26
BRDA:14,2,1,26
BRDA:32,3,0,3
BRDA:32,3,1,59
BRDA:32,4,0,62
BRDA:32,4,1,62
BRDA:44,5,0,0
BRDA:44,5,1,65
BRDA:44,6,0,65
BRDA:44,6,1,0
BRDA:45,7,0,65
BRDA:45,7,1,6
BRDA:45,7,2,4
BRDA:48,8,0,0
BRDA:48,8,1,62
BRDA:48,9,0,62
BRDA:48,9,1,0
BRDA:50,10,0,49
BRDA:50,10,1,13
BRDA:52,11,0,59
BRDA:52,11,1,3
BRF:23
BRH:18
end_of_record
TN:
SF:/Users/pleerock/www/opensource/nodejs/typeorm/build/es5/src/persistment/EntityPersistOperationsBuilder.js
FN:37,(anonymous_1)
FN:50,(anonymous_2)
FN:71,(anonymous_3)
FN:86,(anonymous_4)
FN:123,(anonymous_5)
FN:191,(anonymous_6)
FN:233,(anonymous_7)
FN:274,(anonymous_8)
FN:279,(anonymous_9)
FN:316,(anonymous_10)
FN:367,(anonymous_11)
FN:420,(anonymous_12)
FN:434,(anonymous_13)
FN:449,(anonymous_14)
FN:452,(anonymous_15)
FN:469,(anonymous_16)
FNF:16
FNH:16
FNDA:65,(anonymous_1)
FNDA:115,(anonymous_2)
FNDA:2,(anonymous_3)
FNDA:173,(anonymous_4)
FNDA:132,(anonymous_5)
FNDA:137,(anonymous_6)
FNDA:115,(anonymous_7)
FNDA:115,(anonymous_8)
FNDA:168,(anonymous_9)
FNDA:170,(anonymous_10)
FNDA:137,(anonymous_11)
FNDA:41,(anonymous_12)
FNDA:41,(anonymous_13)
FNDA:216,(anonymous_14)
FNDA:52,(anonymous_15)
FNDA:1235,(anonymous_16)
DA:2,1
DA:3,1
DA:4,1
DA:5,1
DA:6,1
DA:7,1
DA:8,1
DA:38,65
DA:42,65
DA:53,115
DA:54,115
DA:55,115
DA:56,115
DA:57,115
DA:58,115
DA:59,115
DA:60,115
DA:61,115
DA:62,115
DA:63,115
DA:64,115
DA:66,115
DA:74,2
DA:75,2
DA:76,2
DA:77,2
DA:78,2
DA:79,2
DA:80,2
DA:81,2
DA:87,173
DA:88,173
DA:89,173
DA:91,173
DA:92,0
DA:94,173
DA:95,110
DA:97,173
DA:98,370
DA:99,370
DA:100,370
DA:101,237
DA:102,133
DA:103,107
DA:104,32
DA:109,32
DA:113,26
DA:118,26
DA:121,173
DA:124,132
DA:125,132
DA:126,132
DA:127,91
DA:128,41
DA:129,41
DA:130,41
DA:131,11
DA:133,30
DA:134,12
DA:135,12
DA:136,12
DA:138,30
DA:139,98
DA:140,98
DA:141,98
DA:142,98
DA:143,98
DA:145,98
DA:146,52
DA:147,46
DA:148,36
DA:152,10
DA:153,20
DA:155,10
DA:156,7
DA:161,7
DA:166,7
DA:171,10
DA:172,18
DA:174,10
DA:175,10
DA:180,10
DA:185,10
DA:189,30
DA:192,137
DA:193,137
DA:194,137
DA:195,91
DA:196,46
DA:197,46
DA:199,46
DA:200,7
DA:202,39
DA:203,8
DA:205,39
DA:206,111
DA:207,111
DA:208,111
DA:209,58
DA:210,53
DA:211,47
DA:212,14
DA:217,14
DA:218,14
DA:222,6
DA:227,6
DA:228,6
DA:231,39
DA:234,115
DA:235,115
DA:236,115
DA:237,294
DA:239,31
DA:241,31
DA:242,10
DA:243,13
DA:244,12
DA:245,1
DA:246,1
DA:249,12
DA:253,31
DA:254,3
DA:255,6
DA:256,2
DA:257,4
DA:258,2
DA:261,5
DA:265,115
DA:275,115
DA:276,110
DA:280,168
DA:281,168
DA:282,168
DA:283,168
DA:284,377
DA:285,377
DA:286,377
DA:287,226
DA:288,151
DA:289,125
DA:290,32
DA:291,1
DA:292,32
DA:297,32
DA:298,32
DA:301,26
DA:302,26
DA:303,10
DA:305,26
DA:310,26
DA:311,26
DA:314,168
DA:317,170
DA:318,170
DA:319,119
DA:321,170
DA:322,367
DA:324,133
DA:325,133
DA:326,133
DA:327,133
DA:328,133
DA:329,107
DA:330,32
DA:331,19
DA:332,19
DA:333,17
DA:342,32
DA:343,31
DA:348,31
DA:349,31
DA:354,26
DA:355,24
DA:360,24
DA:361,24
DA:364,133
DA:368,137
DA:369,137
DA:370,91
DA:371,46
DA:372,72
DA:374,46
DA:375,118
DA:377,55
DA:378,55
DA:379,55
DA:380,55
DA:381,55
DA:382,49
DA:383,14
DA:384,8
DA:385,8
DA:386,6
DA:395,14
DA:396,14
DA:401,14
DA:402,14
DA:407,6
DA:408,6
DA:413,6
DA:414,6
DA:417,55
DA:421,41
DA:422,161
DA:423,107
DA:426,23
DA:427,0
DA:428,0
DA:429,0
DA:431,23
DA:435,41
DA:436,109
DA:437,60
DA:439,60
DA:440,48
DA:441,12
DA:442,8
DA:443,4
DA:444,4
DA:445,4
DA:446,4
DA:450,216
DA:453,52
DA:454,52
DA:456,19
DA:457,19
DA:459,20
DA:460,20
DA:462,13
DA:463,13
DA:465,52
DA:466,0
DA:467,52
DA:470,1235
DA:473,1
LF:235
LH:230
BRDA:91,1,0,0
BRDA:91,1,1,173
BRDA:91,2,0,173
BRDA:91,2,1,110
BRDA:91,2,2,19
BRDA:94,3,0,110
BRDA:94,3,1,63
BRDA:94,4,0,173
BRDA:94,4,1,110
BRDA:100,5,0,237
BRDA:100,5,1,133
BRDA:102,6,0,107
BRDA:102,6,1,26
BRDA:126,7,0,91
BRDA:126,7,1,41
BRDA:130,8,0,11
BRDA:130,8,1,30
BRDA:130,9,0,41
BRDA:130,9,1,17
BRDA:130,9,2,17
BRDA:133,10,0,12
BRDA:133,10,1,18
BRDA:133,11,0,30
BRDA:133,11,1,24
BRDA:135,12,0,12
BRDA:135,12,1,0
BRDA:143,13,0,85
BRDA:143,13,1,13
BRDA:145,14,0,52
BRDA:145,14,1,46
BRDA:147,15,0,36
BRDA:147,15,1,10
BRDA:153,16,0,20
BRDA:153,16,1,10
BRDA:155,17,0,7
BRDA:155,17,1,3
BRDA:172,18,0,18
BRDA:172,18,1,10
BRDA:174,19,0,10
BRDA:174,19,1,0
BRDA:194,20,0,91
BRDA:194,20,1,46
BRDA:197,21,0,46
BRDA:197,21,1,43
BRDA:199,22,0,7
BRDA:199,22,1,39
BRDA:199,23,0,46
BRDA:199,23,1,15
BRDA:199,23,2,13
BRDA:202,24,0,8
BRDA:202,24,1,31
BRDA:208,25,0,58
BRDA:208,25,1,53
BRDA:210,26,0,47
BRDA:210,26,1,6
BRDA:241,27,0,10
BRDA:241,27,1,21
BRDA:241,28,0,31
BRDA:241,28,1,31
BRDA:243,29,0,12
BRDA:243,29,1,1
BRDA:243,30,0,13
BRDA:243,30,1,8
BRDA:253,31,0,3
BRDA:253,31,1,28
BRDA:253,32,0,31
BRDA:253,32,1,7
BRDA:255,33,0,2
BRDA:255,33,1,4
BRDA:255,34,0,6
BRDA:255,34,1,6
BRDA:286,35,0,226
BRDA:286,35,1,151
BRDA:288,36,0,125
BRDA:288,36,1,26
BRDA:290,37,0,1
BRDA:290,37,1,31
BRDA:290,38,0,32
BRDA:290,38,1,6
BRDA:301,39,0,26
BRDA:301,39,1,0
BRDA:302,40,0,10
BRDA:302,40,1,16
BRDA:319,41,0,119
BRDA:319,41,1,85
BRDA:322,42,0,367
BRDA:322,42,1,366
BRDA:327,43,0,49
BRDA:327,43,1,84
BRDA:328,44,0,107
BRDA:328,44,1,26
BRDA:330,45,0,19
BRDA:330,45,1,13
BRDA:331,46,0,19
BRDA:331,46,1,2
BRDA:332,47,0,17
BRDA:332,47,1,2
BRDA:342,48,0,31
BRDA:342,48,1,1
BRDA:342,49,0,32
BRDA:342,49,1,1
BRDA:354,50,0,24
BRDA:354,50,1,2
BRDA:354,51,0,26
BRDA:354,51,1,2
BRDA:369,52,0,91
BRDA:369,52,1,46
BRDA:372,53,0,72
BRDA:372,53,1,61
BRDA:375,54,0,118
BRDA:375,54,1,118
BRDA:379,55,0,42
BRDA:379,55,1,13
BRDA:381,56,0,49
BRDA:381,56,1,6
BRDA:383,57,0,8
BRDA:383,57,1,6
BRDA:384,58,0,8
BRDA:384,58,1,5
BRDA:385,59,0,6
BRDA:385,59,1,2
BRDA:395,60,0,14
BRDA:395,60,1,0
BRDA:395,61,0,14
BRDA:395,61,1,0
BRDA:407,62,0,6
BRDA:407,62,1,0
BRDA:407,63,0,6
BRDA:407,63,1,0
BRDA:422,64,0,161
BRDA:422,64,1,107
BRDA:422,64,2,107
BRDA:422,64,3,107
BRDA:426,65,0,0
BRDA:426,65,1,23
BRDA:426,66,0,23
BRDA:426,66,1,23
BRDA:428,67,0,0
BRDA:428,67,1,0
BRDA:428,68,0,0
BRDA:428,68,1,0
BRDA:436,69,0,109
BRDA:436,69,1,76
BRDA:436,69,2,31
BRDA:437,70,0,0
BRDA:437,70,1,0
BRDA:439,71,0,48
BRDA:439,71,1,12
BRDA:439,72,0,60
BRDA:439,72,1,50
BRDA:441,73,0,8
BRDA:441,73,1,4
BRDA:441,74,0,12
BRDA:441,74,1,10
BRDA:450,75,0,193
BRDA:450,75,1,149
BRDA:454,76,0,19
BRDA:454,76,1,20
BRDA:454,76,2,13
BRDA:465,77,0,0
BRDA:465,77,1,52
BRDA:465,78,0,52
BRDA:465,78,1,0
BRDA:470,79,0,0
BRDA:470,79,1,1235
BRDA:470,80,0,1235
BRDA:470,80,1,0
BRF:167
BRH:148
end_of_record
TN:
SF:/Users/pleerock/www/opensource/nodejs/typeorm/build/es5/src/persistment/operation/PersistOperation.js
FN:6,(anonymous_1)
FN:15,(anonymous_2)
FNF:2
FNH:1
FNDA:117,(anonymous_1)
FNDA:0,(anonymous_2)
DA:7,117
DA:8,117
DA:9,117
DA:10,117
DA:11,117
DA:12,117
DA:13,117
DA:16,0
DA:17,0
DA:18,0
DA:19,0
DA:20,0
DA:21,0
DA:22,0
DA:23,0
DA:24,0
DA:25,0
DA:26,0
DA:27,0
DA:28,0
DA:29,0
DA:30,0
DA:31,0
DA:32,0
DA:33,0
DA:34,0
DA:35,0
DA:36,0
DA:37,0
DA:38,0
DA:39,0
DA:40,0
DA:41,0
DA:42,0
DA:43,0
DA:44,0
DA:45,0
DA:46,0
DA:47,0
DA:48,0
DA:49,0
DA:50,0
DA:51,0
DA:52,0
DA:53,0
DA:54,0
DA:55,0
DA:56,0
DA:57,0
DA:58,0
DA:59,0
DA:60,0
DA:63,1
LF:53
LH:8
BRF:0
BRH:0
end_of_record
TN:
SF:/Users/pleerock/www/opensource/nodejs/typeorm/build/es5/src/persistment/operation/InsertOperation.js
FN:6,(anonymous_1)
FNF:1
FNH:1
FNDA:110,(anonymous_1)
DA:8,110
DA:9,110
DA:10,110
DA:11,110
DA:14,1
LF:5
LH:5
BRF:0
BRH:0
end_of_record
TN:
SF:/Users/pleerock/www/opensource/nodejs/typeorm/build/es5/src/persistment/operation/UpdateByRelationOperation.js
FN:6,(anonymous_1)
FNF:1
FNH:1
FNDA:11,(anonymous_1)
DA:8,11
DA:9,11
DA:10,11
DA:11,11
DA:14,1
LF:5
LH:5
BRF:0
BRH:0
end_of_record
TN:
SF:/Users/pleerock/www/opensource/nodejs/typeorm/build/es5/src/persistment/operation/UpdateOperation.js
FN:6,(anonymous_1)
FNF:1
FNH:1
FNDA:12,(anonymous_1)
DA:7,12
DA:8,12
DA:9,12
DA:10,12
DA:11,12
DA:12,12
DA:15,1
LF:7
LH:7
BRF:0
BRH:0
end_of_record
TN:
SF:/Users/pleerock/www/opensource/nodejs/typeorm/build/es5/src/persistment/error/CascadesNotAllowedError.js
FN:6,(anonymous_1)
FNF:1
FNH:0
FNDA:0,(anonymous_1)
DA:7,0
DA:8,0
DA:9,0
DA:10,0
DA:13,1
LF:5
LH:1
BRF:0
BRH:0
end_of_record
TN:
SF:/Users/pleerock/www/opensource/nodejs/typeorm/build/es5/src/persistment/operation/RemoveOperation.js
FN:6,(anonymous_1)
FNF:1
FNH:1
FNDA:8,(anonymous_1)
DA:9,8
DA:10,8
DA:11,8
DA:12,8
DA:13,8
DA:14,8
DA:17,1
LF:7
LH:7
BRF:0
BRH:0
end_of_record
TN:
SF:/Users/pleerock/www/opensource/nodejs/typeorm/build/es5/src/persistment/operation/UpdateByInverseSideOperation.js
FN:6,(anonymous_1)
FNF:1
FNH:1
FNDA:17,(anonymous_1)
DA:8,17
DA:9,17
DA:10,17
DA:11,17
DA:12,17
DA:13,17
DA:16,1
LF:7
LH:7
BRF:0
BRH:0
end_of_record
TN:
SF:/Users/pleerock/www/opensource/nodejs/typeorm/build/es5/src/persistment/PersistOperationExecutor.js
FN:10,(anonymous_1)
FN:21,(anonymous_2)
FN:47,(anonymous_3)
FN:72,(anonymous_4)
FN:97,(anonymous_5)
FN:107,(anonymous_6)
FN:124,(anonymous_7)
FN:132,(anonymous_8)
FN:140,(anonymous_9)
FN:148,(anonymous_10)
FN:156,(anonymous_11)
FN:164,(anonymous_12)
FN:172,(anonymous_13)
FN:184,(anonymous_14)
FN:192,(anonymous_15)
FN:201,(anonymous_16)
FN:232,(anonymous_17)
FN:242,(anonymous_18)
FN:260,(anonymous_19)
FN:282,(anonymous_20)
FN:304,(anonymous_21)
FN:323,(anonymous_22)
FN:329,(anonymous_23)
FN:333,(anonymous_24)
FN:376,(anonymous_25)
FN:389,(anonymous_26)
FN:397,(anonymous_27)
FN:432,(anonymous_28)
FN:441,(anonymous_29)
FNF:29
FNH:27
FNDA:65,(anonymous_1)
FNDA:117,(anonymous_2)
FNDA:117,(anonymous_3)
FNDA:117,(anonymous_4)
FNDA:117,(anonymous_5)
FNDA:117,(anonymous_6)
FNDA:117,(anonymous_7)
FNDA:117,(anonymous_8)
FNDA:117,(anonymous_9)
FNDA:117,(anonymous_10)
FNDA:117,(anonymous_11)
FNDA:117,(anonymous_12)
FNDA:117,(anonymous_13)
FNDA:117,(anonymous_14)
FNDA:117,(anonymous_15)
FNDA:117,(anonymous_16)
FNDA:117,(anonymous_17)
FNDA:0,(anonymous_18)
FNDA:11,(anonymous_19)
FNDA:17,(anonymous_20)
FNDA:12,(anonymous_21)
FNDA:2,(anonymous_22)
FNDA:8,(anonymous_23)
FNDA:110,(anonymous_24)
FNDA:0,(anonymous_25)
FNDA:110,(anonymous_26)
FNDA:17,(anonymous_27)
FNDA:6,(anonymous_28)
FNDA:127,(anonymous_29)
DA:11,65
DA:12,65
DA:13,65
DA:22,117
DA:23,117
DA:24,117
DA:25,117
DA:26,117
DA:27,117
DA:28,117
DA:29,117
DA:30,117
DA:31,117
DA:32,117
DA:33,117
DA:34,117
DA:35,117
DA:36,117
DA:37,117
DA:38,117
DA:39,117
DA:48,117
DA:49,148
DA:50,110
DA:51,0
DA:52,110
DA:54,117
DA:55,21
DA:56,12
DA:57,0
DA:58,12
DA:60,117
DA:63,8
DA:65,117
DA:66,117
DA:67,117
DA:73,117
DA:74,148
DA:75,110
DA:76,0
DA:77,110
DA:79,117
DA:80,21
DA:81,12
DA:82,0
DA:83,12
DA:85,117
DA:88,8
DA:90,117
DA:91,117
DA:92,117
DA:98,117
DA:99,110
DA:100,110
DA:108,117
DA:110,110
DA:111,110
DA:114,0
DA:115,0
DA:116,0
DA:119,117
DA:125,117
DA:126,110
DA:133,117
DA:134,17
DA:141,117
DA:142,6
DA:149,117
DA:150,11
DA:157,117
DA:158,17
DA:165,117
DA:166,12
DA:173,117
DA:175,8
DA:178,2
DA:185,117
DA:186,8
DA:193,117
DA:194,110
DA:195,110
DA:202,117
DA:203,110
DA:204,110
DA:205,0
DA:206,110
DA:207,0
DA:208,110
DA:209,0
DA:210,110
DA:213,0
DA:219,117
DA:220,12
DA:221,12
DA:222,0
DA:223,12
DA:224,0
DA:225,12
DA:226,0
DA:233,117
DA:234,8
DA:235,8
DA:236,12
DA:238,8
DA:239,2
DA:243,0
DA:244,0
DA:246,0
DA:247,0
DA:248,0
DA:249,0
DA:250,0
DA:251,0
DA:254,0
DA:255,0
DA:258,0
DA:261,11
DA:262,11
DA:263,11
DA:264,11
DA:265,1
DA:266,1
DA:267,1
DA:268,1
DA:269,1
DA:270,1
DA:273,10
DA:274,10
DA:275,10
DA:276,10
DA:277,10
DA:278,10
DA:280,11
DA:283,17
DA:284,17
DA:285,17
DA:286,17
DA:287,17
DA:288,17
DA:289,17
DA:290,17
DA:291,17
DA:292,5
DA:295,12
DA:296,5
DA:299,7
DA:302,17
DA:305,12
DA:306,12
DA:307,12
DA:308,12
DA:309,6
DA:311,12
DA:312,8
DA:315,12
DA:316,0
DA:317,12
DA:318,0
DA:319,12
DA:320,0
DA:321,12
DA:324,2
DA:325,2
DA:327,0
DA:330,8
DA:331,8
DA:334,110
DA:335,110
DA:336,110
DA:337,382
DA:338,156
DA:339,156
DA:340,110
DA:341,230
DA:342,176
DA:343,71
DA:344,6
DA:345,110
DA:346,230
DA:347,176
DA:348,71
DA:349,6
DA:350,110
DA:351,110
DA:352,110
DA:353,0
DA:354,0
DA:356,110
DA:357,0
DA:358,0
DA:360,110
DA:361,0
DA:362,0
DA:364,110
DA:365,0
DA:366,0
DA:367,0
DA:368,0
DA:374,110
DA:377,0
DA:378,0
DA:379,0
DA:380,0
DA:381,0
DA:382,0
DA:384,0
DA:385,0
DA:387,0
DA:390,110
DA:391,110
DA:392,0
DA:393,0
DA:395,110
DA:398,17
DA:399,17
DA:400,17
DA:401,34
DA:402,17
DA:403,25
DA:404,17
DA:405,17
DA:406,17
DA:407,16
DA:408,16
DA:411,0
DA:414,17
DA:415,8
DA:416,8
DA:419,0
DA:422,17
DA:424,17
DA:425,13
DA:428,4
DA:430,17
DA:433,6
DA:434,6
DA:435,6
DA:436,12
DA:437,6
DA:438,6
DA:439,6
DA:442,127
DA:443,196
DA:444,196
DA:448,1
LF:245
LH:193
BRDA:50,1,0,0
BRDA:50,1,1,110
BRDA:56,2,0,0
BRDA:56,2,1,12
BRDA:75,3,0,0
BRDA:75,3,1,110
BRDA:81,4,0,0
BRDA:81,4,1,12
BRDA:175,5,0,8
BRDA:175,5,1,6
BRDA:175,5,2,2
BRDA:204,6,0,0
BRDA:204,6,1,110
BRDA:206,7,0,0
BRDA:206,7,1,110
BRDA:208,8,0,0
BRDA:208,8,1,110
BRDA:210,9,0,0
BRDA:210,9,1,110
BRDA:221,10,0,0
BRDA:221,10,1,12
BRDA:223,11,0,0
BRDA:223,11,1,12
BRDA:225,12,0,0
BRDA:225,12,1,12
BRDA:236,13,0,12
BRDA:236,13,1,5
BRDA:238,14,0,2
BRDA:238,14,1,6
BRDA:247,15,0,0
BRDA:247,15,1,0
BRDA:248,16,0,0
BRDA:248,16,1,0
BRDA:250,17,0,0
BRDA:250,17,1,0
BRDA:251,18,0,0
BRDA:251,18,1,0
BRDA:254,19,0,0
BRDA:254,19,1,0
BRDA:263,20,0,11
BRDA:263,20,1,0
BRDA:264,21,0,1
BRDA:264,21,1,10
BRDA:264,22,0,11
BRDA:264,22,1,10
BRDA:268,23,0,1
BRDA:268,23,1,1
BRDA:278,24,0,10
BRDA:278,24,1,10
BRDA:291,25,0,5
BRDA:291,25,1,12
BRDA:295,26,0,5
BRDA:295,26,1,7
BRDA:295,27,0,12
BRDA:295,27,1,5
BRDA:312,28,0,6
BRDA:312,28,1,2
BRDA:315,29,0,0
BRDA:315,29,1,12
BRDA:317,30,0,0
BRDA:317,30,1,12
BRDA:319,31,0,0
BRDA:319,31,1,12
BRDA:324,32,0,2
BRDA:324,32,1,0
BRDA:337,33,0,382
BRDA:337,33,1,282
BRDA:341,34,0,230
BRDA:341,34,1,176
BRDA:346,35,0,230
BRDA:346,35,1,176
BRDA:352,36,0,0
BRDA:352,36,1,110
BRDA:356,37,0,0
BRDA:356,37,1,110
BRDA:360,38,0,0
BRDA:360,38,1,110
BRDA:364,39,0,0
BRDA:364,39,1,110
BRDA:364,40,0,110
BRDA:364,40,1,0
BRDA:366,41,0,0
BRDA:366,41,1,0
BRDA:366,42,0,0
BRDA:366,42,1,0
BRDA:381,43,0,0
BRDA:381,43,1,0
BRDA:381,44,0,0
BRDA:381,44,1,0
BRDA:384,45,0,0
BRDA:384,45,1,0
BRDA:384,46,0,0
BRDA:384,46,1,0
BRDA:391,47,0,0
BRDA:391,47,1,110
BRDA:391,48,0,110
BRDA:391,48,1,0
BRDA:406,49,0,16
BRDA:406,49,1,1
BRDA:407,50,0,16
BRDA:407,50,1,0
BRDA:414,51,0,8
BRDA:414,51,1,9
BRDA:415,52,0,8
BRDA:415,52,1,0
BRDA:424,53,0,13
BRDA:424,53,1,4
BRF:107
BRH:60
end_of_record
TN:
SF:/Users/pleerock/www/opensource/nodejs/typeorm/build/es5/src/repository/FindOptions.js
FN:9,(anonymous_1)
FN:30,(anonymous_2)
FNF:2
FNH:2
FNDA:156,(anonymous_1)
FNDA:19,(anonymous_2)
DA:10,156
DA:11,156
DA:31,19
DA:32,0
DA:33,19
DA:34,0
DA:35,19
DA:36,0
DA:37,19
DA:38,0
DA:39,19
DA:40,0
DA:41,19
DA:42,0
DA:43,19
DA:44,0
DA:45,0
DA:46,0
DA:48,0
DA:50,19
DA:51,0
DA:52,0
DA:53,0
DA:55,0
DA:57,19
DA:58,0
DA:59,19
DA:60,0
DA:61,19
DA:62,0
DA:63,0
DA:64,0
DA:66,19
DA:67,0
DA:68,0
DA:69,0
DA:71,19
DA:72,16
DA:73,19
DA:74,19
DA:76,19
DA:77,3
DA:78,3
DA:79,3
DA:81,19
DA:82,0
DA:83,19
DA:86,1
LF:48
LH:25
BRDA:11,1,0,156
BRDA:11,1,1,152
BRDA:11,1,2,0
BRDA:11,1,3,0
BRDA:11,1,4,0
BRDA:11,1,5,0
BRDA:11,1,6,0
BRDA:11,1,7,0
BRDA:11,1,8,0
BRDA:11,1,9,0
BRDA:11,1,10,0
BRDA:11,1,11,0
BRDA:11,1,12,0
BRDA:11,1,13,0
BRDA:11,1,14,0
BRDA:11,1,15,0
BRDA:11,1,16,0
BRDA:11,1,17,0
BRDA:31,2,0,0
BRDA:31,2,1,19
BRDA:33,3,0,0
BRDA:33,3,1,19
BRDA:35,4,0,0
BRDA:35,4,1,19
BRDA:37,5,0,0
BRDA:37,5,1,19
BRDA:39,6,0,0
BRDA:39,6,1,19
BRDA:41,7,0,0
BRDA:41,7,1,19
BRDA:43,8,0,0
BRDA:43,8,1,19
BRDA:45,9,0,0
BRDA:45,9,1,0
BRDA:50,10,0,0
BRDA:50,10,1,19
BRDA:52,11,0,0
BRDA:52,11,1,0
BRDA:57,12,0,0
BRDA:57,12,1,19
BRDA:59,13,0,0
BRDA:59,13,1,19
BRDA:61,14,0,0
BRDA:61,14,1,19
BRDA:63,15,0,0
BRDA:63,15,1,0
BRDA:66,16,0,0
BRDA:66,16,1,19
BRDA:68,17,0,0
BRDA:68,17,1,0
BRDA:71,18,0,16
BRDA:71,18,1,3
BRDA:73,19,0,19
BRDA:73,19,1,0
BRDA:76,20,0,3
BRDA:76,20,1,16
BRDA:78,21,0,3
BRDA:78,21,1,0
BRDA:81,22,0,0
BRDA:81,22,1,19
BRF:60
BRH:21
end_of_record
TN:
SF:/Users/pleerock/www/opensource/nodejs/typeorm/build/es5/src/subscriber/Broadcaster.js
FN:10,(anonymous_1)
FN:18,(anonymous_2)
FN:31,(anonymous_3)
FN:46,(anonymous_4)
FN:61,(anonymous_5)
FN:76,(anonymous_6)
FN:91,(anonymous_7)
FN:106,(anonymous_8)
FN:135,(anonymous_9)
FN:142,(anonymous_10)
FNF:10
FNH:9
FNDA:65,(anonymous_1)
FNDA:110,(anonymous_2)
FNDA:12,(anonymous_3)
FNDA:8,(anonymous_4)
FNDA:110,(anonymous_5)
FNDA:12,(anonymous_6)
FNDA:8,(anonymous_7)
FNDA:204,(anonymous_8)
FNDA:306,(anonymous_9)
FNDA:0,(anonymous_10)
DA:2,1
DA:11,65
DA:12,65
DA:13,65
DA:19,110
DA:20,0
DA:22,0
DA:23,0
DA:25,110
DA:26,0
DA:27,0
DA:28,0
DA:29,110
DA:32,12
DA:33,0
DA:35,0
DA:36,0
DA:37,0
DA:39,0
DA:40,12
DA:41,0
DA:42,0
DA:43,0
DA:44,12
DA:47,8
DA:48,0
DA:50,0
DA:51,0
DA:52,0
DA:54,0
DA:55,8
DA:56,0
DA:57,0
DA:58,0
DA:59,8
DA:62,110
DA:63,0
DA:65,0
DA:66,0
DA:67,0
DA:69,0
DA:70,110
DA:71,0
DA:72,0
DA:73,0
DA:74,110
DA:77,12
DA:78,0
DA:80,0
DA:81,0
DA:82,0
DA:84,0
DA:85,12
DA:86,0
DA:87,0
DA:88,0
DA:89,12
DA:92,8
DA:93,0
DA:95,0
DA:96,0
DA:97,0
DA:99,0
DA:100,8
DA:101,0
DA:102,0
DA:103,0
DA:104,8
DA:107,204
DA:108,0
DA:109,204
DA:110,204
DA:111,204
DA:113,500
DA:115,195
DA:116,195
DA:117,165
DA:120,30
DA:123,204
DA:124,0
DA:126,0
DA:127,0
DA:129,204
DA:130,0
DA:131,0
DA:132,0
DA:133,204
DA:136,306
DA:137,306
DA:143,0
DA:149,1
LF:91
LH:37
BRDA:22,1,0,0
BRDA:22,1,1,0
BRDA:35,2,0,0
BRDA:35,2,1,0
BRDA:50,3,0,0
BRDA:50,3,1,0
BRDA:65,4,0,0
BRDA:65,4,1,0
BRDA:80,5,0,0
BRDA:80,5,1,0
BRDA:95,6,0,0
BRDA:95,6,1,0
BRDA:107,7,0,0
BRDA:107,7,1,204
BRDA:116,8,0,165
BRDA:116,8,1,30
BRDA:126,9,0,0
BRDA:126,9,1,0
BRDA:143,10,0,0
BRDA:143,10,1,0
BRDA:143,10,2,0
BRDA:143,10,3,0
BRF:22
BRH:3
end_of_record
TN:
SF:/Users/pleerock/www/opensource/nodejs/typeorm/build/es5/src/metadata/types/EventListenerTypes.js
FNF:0
FNH:0
DA:7,1
DA:8,1
DA:9,1
DA:10,1
DA:11,1
DA:12,1
DA:13,1
DA:14,1
LF:8
LH:8
BRF:0
BRH:0
end_of_record
TN:
SF:/Users/pleerock/www/opensource/nodejs/typeorm/build/es5/src/connection/error/RepositoryNotFoundError.js
FN:6,(anonymous_1)
FNF:1
FNH:1
FNDA:4,(anonymous_1)
DA:7,4
DA:8,4
DA:9,4
DA:10,4
DA:14,1
LF:5
LH:5
BRDA:9,1,0,2
BRDA:9,1,1,2
BRDA:9,2,0,4
BRDA:9,2,1,2
BRF:4
BRH:4
end_of_record
TN:
SF:/Users/pleerock/www/opensource/nodejs/typeorm/build/es5/src/metadata/EntityListenerMetadata.js
FN:10,(anonymous_1)
FNF:1
FNH:0
FNDA:0,(anonymous_1)
DA:2,1
DA:11,0
DA:12,0
DA:15,1
LF:4
LH:2
BRF:0
BRH:0
end_of_record
TN:
SF:/Users/pleerock/www/opensource/nodejs/typeorm/build/es5/src/metadata/PropertyMetadata.js
FN:10,(anonymous_1)
FNF:1
FNH:1
FNDA:267,(anonymous_1)
DA:2,1
DA:11,267
DA:12,267
DA:13,236
DA:16,1
LF:5
LH:5
BRDA:12,1,0,236
BRDA:12,1,1,31
BRF:2
BRH:2
end_of_record
TN:
SF:/Users/pleerock/www/opensource/nodejs/typeorm/build/es5/src/metadata/TargetMetadata.js
FN:9,(anonymous_1)
FNF:1
FNH:1
FNDA:332,(anonymous_1)
DA:10,332
DA:11,288
DA:14,1
LF:3
LH:3
BRDA:10,1,0,288
BRDA:10,1,1,44
BRF:2
BRH:2
end_of_record
TN:
SF:/Users/pleerock/www/opensource/nodejs/typeorm/build/es5/src/util/DirectoryExportedClassesLoader.js
FN:16,(anonymous_1)
FN:28,(anonymous_2)
FN:46,(anonymous_3)
FN:60,importClassesFromDirectories
FN:65,importJsonsFromDirectories
FNF:5
FNH:5
FNDA:10,(anonymous_1)
FNDA:3,(anonymous_2)
FNDA:40,(anonymous_3)
FNDA:10,importClassesFromDirectories
FNDA:3,importJsonsFromDirectories
DA:2,1
DA:3,1
DA:17,10
DA:18,4
DA:20,10
DA:21,10
DA:23,10
DA:24,4
DA:25,4
DA:26,10
DA:29,3
DA:30,1
DA:32,3
DA:33,3
DA:34,3
DA:35,1
DA:36,1
DA:37,3
DA:38,3
DA:39,2
DA:41,3
DA:47,40
DA:48,13
DA:50,27
DA:51,30
DA:53,0
DA:54,0
DA:56,40
DA:59,1
DA:60,1
DA:61,10
DA:62,10
DA:64,1
DA:65,1
DA:66,3
DA:67,3
DA:69,1
LF:37
LH:35
BRDA:47,1,0,13
BRDA:47,1,1,27
BRDA:50,2,0,27
BRDA:50,2,1,0
BRDA:53,3,0,0
BRDA:53,3,1,0
BRF:6
BRH:3
end_of_record
TN:
SF:/Users/pleerock/www/opensource/nodejs/typeorm/build/es5/src/metadata-builder/EntityMetadataBuilder.js
FN:31,(anonymous_1)
FN:154,(anonymous_2)
FN:157,(anonymous_3)
FNF:3
FNH:3
FNDA:3,(anonymous_1)
FNDA:20,(anonymous_2)
FNDA:23,(anonymous_3)
DA:2,1
DA:3,1
DA:4,1
DA:5,1
DA:6,1
DA:7,1
DA:8,1
DA:9,1
DA:10,1
DA:11,1
DA:12,1
DA:13,1
DA:14,1
DA:15,1
DA:32,3
DA:33,3
DA:35,4
DA:36,4
DA:44,4
DA:46,4
DA:47,12
DA:48,12
DA:49,12
DA:50,4
DA:51,12
DA:52,0
DA:53,12
DA:54,0
DA:55,12
DA:56,0
DA:57,12
DA:58,0
DA:59,12
DA:60,0
DA:61,12
DA:81,12
DA:84,4
DA:85,0
DA:86,0
DA:87,0
DA:106,0
DA:108,0
DA:109,0
DA:110,0
DA:114,0
DA:117,0
DA:123,0
DA:127,0
DA:128,0
DA:129,0
DA:133,0
DA:136,0
DA:143,0
DA:149,3
DA:155,20
DA:158,23
DA:159,23
DA:161,52
DA:162,52
DA:163,0
DA:164,0
DA:165,0
DA:166,0
DA:167,0
DA:171,52
DA:172,126
DA:173,58
DA:174,52
DA:176,52
DA:185,52
DA:186,15
DA:187,15
DA:188,8
DA:189,8
DA:190,8
DA:194,52
DA:199,29
DA:200,29
DA:201,15
DA:206,29
DA:207,23
DA:208,23
DA:209,23
DA:212,52
DA:215,23
DA:216,52
DA:217,197
DA:218,58
DA:219,0
DA:220,58
DA:224,23
DA:226,23
DA:227,52
DA:229,23
DA:230,94
DA:231,23
DA:232,21
DA:243,21
DA:246,23
DA:247,23
DA:248,23
DA:252,23
DA:253,52
DA:254,47
DA:255,5
DA:261,5
DA:262,5
DA:265,23
DA:266,57
DA:267,8
DA:273,8
DA:274,8
DA:275,7
DA:276,8
DA:279,23
DA:282,1
LF:116
LH:89
BRDA:35,1,0,4
BRDA:35,1,1,0
BRDA:37,2,0,4
BRDA:37,2,1,4
BRDA:39,3,0,4
BRDA:39,3,1,4
BRDA:49,4,0,4
BRDA:49,4,1,8
BRDA:51,5,0,0
BRDA:51,5,1,12
BRDA:53,6,0,0
BRDA:53,6,1,12
BRDA:55,7,0,0
BRDA:55,7,1,12
BRDA:57,8,0,0
BRDA:57,8,1,12
BRDA:59,9,0,0
BRDA:59,9,1,12
BRDA:62,10,0,12
BRDA:62,10,1,12
BRDA:84,11,0,0
BRDA:84,11,1,4
BRDA:88,12,0,0
BRDA:88,12,1,0
BRDA:108,13,0,0
BRDA:108,13,1,0
BRDA:109,14,0,0
BRDA:109,14,1,0
BRDA:111,15,0,0
BRDA:111,15,1,0
BRDA:118,16,0,0
BRDA:118,16,1,0
BRDA:127,17,0,0
BRDA:127,17,1,0
BRDA:128,18,0,0
BRDA:128,18,1,0
BRDA:130,19,0,0
BRDA:130,19,1,0
BRDA:137,20,0,0
BRDA:137,20,1,0
BRDA:164,21,0,0
BRDA:164,21,1,0
BRDA:187,22,0,8
BRDA:187,22,1,7
BRDA:200,23,0,15
BRDA:200,23,1,14
BRDA:200,24,0,29
BRDA:200,24,1,21
BRDA:206,25,0,23
BRDA:206,25,1,6
BRDA:218,26,0,0
BRDA:218,26,1,58
BRDA:231,27,0,21
BRDA:231,27,1,2
BRDA:253,28,0,47
BRDA:253,28,1,5
BRDA:274,29,0,7
BRDA:274,29,1,1
BRF:58
BRH:30
end_of_record
TN:
SF:/Users/pleerock/www/opensource/nodejs/typeorm/build/es5/src/metadata/EntityMetadata.js
FN:10,(anonymous_1)
FN:35,(anonymous_2)
FN:47,(anonymous_3)
FN:57,(anonymous_4)
FN:64,(anonymous_5)
FN:70,(anonymous_6)
FN:79,(anonymous_7)
FN:85,(anonymous_8)
FN:94,(anonymous_9)
FN:100,(anonymous_10)
FN:109,(anonymous_11)
FN:115,(anonymous_12)
FN:124,(anonymous_13)
FN:127,(anonymous_14)
FN:136,(anonymous_15)
FN:142,(anonymous_16)
FN:148,(anonymous_17)
FN:154,(anonymous_18)
FN:160,(anonymous_19)
FN:166,(anonymous_20)
FN:172,(anonymous_21)
FN:178,(anonymous_22)
FN:184,(anonymous_23)
FN:193,(anonymous_24)
FN:199,(anonymous_25)
FN:211,(anonymous_26)
FN:217,(anonymous_27)
FN:226,(anonymous_28)
FN:232,(anonymous_29)
FN:238,(anonymous_30)
FN:244,(anonymous_31)
FN:250,(anonymous_32)
FN:256,(anonymous_33)
FN:265,(anonymous_34)
FN:271,(anonymous_35)
FN:277,(anonymous_36)
FNF:36
FNH:25
FNDA:65,(anonymous_1)
FNDA:0,(anonymous_2)
FNDA:3260,(anonymous_3)
FNDA:11512,(anonymous_4)
FNDA:385,(anonymous_5)
FNDA:2987,(anonymous_6)
FNDA:232,(anonymous_7)
FNDA:0,(anonymous_8)
FNDA:244,(anonymous_9)
FNDA:0,(anonymous_10)
FNDA:244,(anonymous_11)
FNDA:0,(anonymous_12)
FNDA:335,(anonymous_13)
FNDA:0,(anonymous_14)
FNDA:52,(anonymous_15)
FNDA:335,(anonymous_16)
FNDA:0,(anonymous_17)
FNDA:387,(anonymous_18)
FNDA:52,(anonymous_19)
FNDA:57,(anonymous_20)
FNDA:335,(anonymous_21)
FNDA:0,(anonymous_22)
FNDA:0,(anonymous_23)
FNDA:10,(anonymous_24)
FNDA:10,(anonymous_25)
FNDA:320,(anonymous_26)
FNDA:180,(anonymous_27)
FNDA:8,(anonymous_28)
FNDA:522,(anonymous_29)
FNDA:0,(anonymous_30)
FNDA:0,(anonymous_31)
FNDA:558,(anonymous_32)
FNDA:741,(anonymous_33)
FNDA:23,(anonymous_34)
FNDA:0,(anonymous_35)
FNDA:21,(anonymous_36)
DA:2,1
DA:14,65
DA:15,65
DA:16,65
DA:17,65
DA:18,65
DA:19,65
DA:20,65
DA:21,65
DA:22,65
DA:23,157
DA:24,65
DA:25,65
DA:26,65
DA:27,65
DA:36,0
DA:37,0
DA:38,0
DA:39,0
DA:40,0
DA:41,0
DA:42,0
DA:48,3260
DA:49,3260
DA:50,0
DA:52,3260
DA:58,11512
DA:65,484
DA:71,2987
DA:72,2987
DA:73,0
DA:74,2987
DA:80,809
DA:86,0
DA:87,0
DA:88,0
DA:89,0
DA:95,854
DA:101,0
DA:102,0
DA:103,0
DA:104,0
DA:110,854
DA:116,0
DA:117,0
DA:118,0
DA:119,0
DA:125,1161
DA:128,0
DA:129,0
DA:130,0
DA:131,0
DA:137,58
DA:143,657
DA:149,0
DA:155,715
DA:161,58
DA:167,58
DA:173,335
DA:179,0
DA:185,0
DA:186,0
DA:187,0
DA:188,0
DA:194,20
DA:200,20
DA:201,10
DA:202,0
DA:203,10
DA:212,320
DA:218,180
DA:219,544
DA:220,383
DA:221,180
DA:227,8
DA:233,522
DA:239,0
DA:245,0
DA:251,1253
DA:257,1624
DA:258,741
DA:259,0
DA:260,741
DA:266,23
DA:272,0
DA:273,0
DA:274,0
DA:275,0
DA:278,21
DA:279,21
DA:282,1
LF:91
LH:52
BRDA:17,1,0,65
BRDA:17,1,1,0
BRDA:18,2,0,65
BRDA:18,2,1,13
BRDA:19,3,0,65
BRDA:19,3,1,13
BRDA:20,4,0,65
BRDA:20,4,1,52
BRDA:21,5,0,65
BRDA:21,5,1,13
BRDA:36,6,0,0
BRDA:36,6,1,0
BRDA:38,7,0,0
BRDA:38,7,1,0
BRDA:40,8,0,0
BRDA:40,8,1,0
BRDA:72,9,0,0
BRDA:72,9,1,2987
BRDA:87,10,0,0
BRDA:87,10,1,0
BRDA:102,11,0,0
BRDA:102,11,1,0
BRDA:117,12,0,0
BRDA:117,12,1,0
BRDA:129,13,0,0
BRDA:129,13,1,0
BRDA:143,14,0,657
BRDA:143,14,1,151
BRDA:167,15,0,58
BRDA:167,15,1,15
BRDA:186,16,0,0
BRDA:186,16,1,0
BRDA:201,17,0,0
BRDA:201,17,1,10
BRDA:227,18,0,0
BRDA:227,18,1,8
BRDA:233,19,0,431
BRDA:233,19,1,91
BRDA:258,20,0,0
BRDA:258,20,1,741
BRDA:273,21,0,0
BRDA:273,21,1,0
BRF:42
BRH:19
end_of_record
TN:
SF:/Users/pleerock/www/opensource/nodejs/typeorm/build/es5/src/metadata/types/RelationTypes.js
FNF:0
FNH:0
DA:7,1
DA:8,1
DA:9,1
DA:10,1
DA:11,1
LF:5
LH:5
BRF:0
BRH:0
end_of_record
TN:
SF:/Users/pleerock/www/opensource/nodejs/typeorm/build/es5/src/metadata/ColumnMetadata.js
FN:10,(anonymous_1)
FN:72,(anonymous_2)
FN:84,(anonymous_3)
FN:90,(anonymous_4)
FN:96,(anonymous_5)
FN:102,(anonymous_6)
FN:108,(anonymous_7)
FN:114,(anonymous_8)
FN:120,(anonymous_9)
FN:128,(anonymous_10)
FN:139,(anonymous_11)
FNF:11
FNH:10
FNDA:178,(anonymous_1)
FNDA:13882,(anonymous_2)
FNDA:1198,(anonymous_3)
FNDA:5347,(anonymous_4)
FNDA:1104,(anonymous_5)
FNDA:107,(anonymous_6)
FNDA:107,(anonymous_7)
FNDA:107,(anonymous_8)
FNDA:0,(anonymous_9)
FNDA:282,(anonymous_10)
FNDA:376,(anonymous_11)
DA:2,1
DA:11,178
DA:15,178
DA:19,178
DA:23,178
DA:27,178
DA:32,178
DA:36,178
DA:37,178
DA:38,178
DA:39,178
DA:40,166
DA:41,178
DA:42,31
DA:43,178
DA:44,178
DA:45,178
DA:46,0
DA:47,178
DA:48,52
DA:49,178
DA:50,0
DA:51,178
DA:52,29
DA:53,178
DA:54,0
DA:55,178
DA:56,0
DA:57,178
DA:58,0
DA:59,178
DA:60,0
DA:61,178
DA:62,0
DA:63,178
DA:64,0
DA:74,13882
DA:75,0
DA:77,13882
DA:78,13882
DA:79,0
DA:85,1198
DA:91,5347
DA:97,1104
DA:103,107
DA:109,107
DA:115,107
DA:121,0
DA:122,0
DA:123,0
DA:129,282
DA:130,0
DA:131,282
DA:132,0
DA:136,282
DA:140,376
DA:141,0
DA:144,376
DA:148,1
LF:59
LH:43
BRDA:37,1,0,178
BRDA:37,1,1,0
BRDA:39,2,0,166
BRDA:39,2,1,12
BRDA:41,3,0,31
BRDA:41,3,1,147
BRDA:43,4,0,178
BRDA:43,4,1,0
BRDA:45,5,0,0
BRDA:45,5,1,178
BRDA:47,6,0,52
BRDA:47,6,1,126
BRDA:49,7,0,0
BRDA:49,7,1,178
BRDA:51,8,0,29
BRDA:51,8,1,149
BRDA:53,9,0,0
BRDA:53,9,1,178
BRDA:55,10,0,0
BRDA:55,10,1,178
BRDA:57,11,0,0
BRDA:57,11,1,178
BRDA:59,12,0,0
BRDA:59,12,1,178
BRDA:61,13,0,0
BRDA:61,13,1,178
BRDA:63,14,0,0
BRDA:63,14,1,178
BRDA:74,15,0,0
BRDA:74,15,1,13882
BRDA:77,16,0,13882
BRDA:77,16,1,0
BRDA:79,17,0,0
BRDA:79,17,1,0
BRDA:121,18,0,0
BRDA:121,18,1,0
BRDA:122,19,0,0
BRDA:122,19,1,0
BRDA:129,20,0,0
BRDA:129,20,1,282
BRDA:131,21,0,0
BRDA:131,21,1,282
BRDA:132,22,0,0
BRDA:132,22,1,0
BRDA:140,23,0,0
BRDA:140,23,1,376
BRF:46
BRH:23
end_of_record
TN:
SF:/Users/pleerock/www/opensource/nodejs/typeorm/build/es5/src/metadata/ForeignKeyMetadata.js
FN:9,(anonymous_1)
FN:22,(anonymous_2)
FN:28,(anonymous_3)
FN:34,(anonymous_4)
FN:40,(anonymous_5)
FNF:5
FNH:5
FNDA:49,(anonymous_1)
FNDA:913,(anonymous_2)
FNDA:614,(anonymous_3)
FNDA:913,(anonymous_4)
FNDA:913,(anonymous_5)
DA:10,49
DA:11,49
DA:12,49
DA:13,49
DA:14,0
DA:23,913
DA:29,614
DA:35,913
DA:41,913
DA:44,1
LF:10
LH:9
BRDA:13,1,0,0
BRDA:13,1,1,49
BRF:2
BRH:1
end_of_record
TN:
SF:/Users/pleerock/www/opensource/nodejs/typeorm/build/es5/src/metadata-builder/EntityMetadataValidator.js
FN:21,(anonymous_1)
FN:27,(anonymous_2)
FNF:2
FNH:2
FNDA:23,(anonymous_1)
FNDA:52,(anonymous_2)
DA:2,1
DA:3,1
DA:4,1
DA:5,1
DA:6,1
DA:7,1
DA:8,1
DA:22,52
DA:29,52
DA:30,0
DA:31,52
DA:34,58
DA:35,8
DA:36,0
DA:38,8
DA:39,0
DA:44,58
DA:46,23
DA:47,0
DA:49,23
DA:50,0
DA:54,58
DA:55,0
DA:58,58
DA:59,0
DA:67,1
LF:26
LH:19
BRDA:29,1,0,0
BRDA:29,1,1,52
BRDA:34,2,0,8
BRDA:34,2,1,50
BRDA:35,3,0,0
BRDA:35,3,1,8
BRDA:38,4,0,0
BRDA:38,4,1,8
BRDA:38,5,0,8
BRDA:38,5,1,7
BRDA:44,6,0,23
BRDA:44,6,1,35
BRDA:46,7,0,0
BRDA:46,7,1,23
BRDA:46,8,0,23
BRDA:46,8,1,16
BRDA:49,9,0,0
BRDA:49,9,1,23
BRDA:49,10,0,23
BRDA:49,10,1,20
BRDA:49,10,2,0
BRDA:54,11,0,0
BRDA:54,11,1,58
BRDA:54,12,0,58
BRDA:54,12,1,35
BRDA:54,12,2,6
BRDA:54,12,3,6
BRDA:58,13,0,0
BRDA:58,13,1,58
BRDA:58,14,0,58
BRDA:58,14,1,50
BRDA:58,14,2,7
BRDA:58,14,3,7
BRF:33
BRH:25
end_of_record
TN:
SF:/Users/pleerock/www/opensource/nodejs/typeorm/build/es5/src/metadata-builder/error/UsingJoinTableIsNotAllowedError.js
FN:6,(anonymous_1)
FNF:1
FNH:0
FNDA:0,(anonymous_1)
DA:7,0
DA:8,0
DA:9,0
DA:14,1
LF:4
LH:1
BRF:0
BRH:0
end_of_record
TN:
SF:/Users/pleerock/www/opensource/nodejs/typeorm/build/es5/src/metadata-builder/error/UsingJoinTableOnlyOnOneSideAllowedError.js
FN:6,(anonymous_1)
FNF:1
FNH:0
FNDA:0,(anonymous_1)
DA:7,0
DA:8,0
DA:9,0
DA:14,1
LF:4
LH:1
BRF:0
BRH:0
end_of_record
TN:
SF:/Users/pleerock/www/opensource/nodejs/typeorm/build/es5/src/metadata-builder/error/UsingJoinColumnIsNotAllowedError.js
FN:6,(anonymous_1)
FNF:1
FNH:0
FNDA:0,(anonymous_1)
DA:7,0
DA:8,0
DA:9,0
DA:13,1
LF:4
LH:1
BRF:0
BRH:0
end_of_record
TN:
SF:/Users/pleerock/www/opensource/nodejs/typeorm/build/es5/src/metadata-builder/error/UsingJoinColumnOnlyOnOneSideAllowedError.js
FN:6,(anonymous_1)
FNF:1
FNH:0
FNDA:0,(anonymous_1)
DA:7,0
DA:8,0
DA:9,0
DA:14,1
LF:4
LH:1
BRF:0
BRH:0
end_of_record
TN:
SF:/Users/pleerock/www/opensource/nodejs/typeorm/build/es5/src/metadata-builder/error/MissingJoinColumnError.js
FN:6,(anonymous_1)
FNF:1
FNH:0
FNDA:0,(anonymous_1)
DA:7,0
DA:8,0
DA:9,0
DA:10,0
DA:15,0
DA:20,1
LF:6
LH:1
BRDA:9,1,0,0
BRDA:9,1,1,0
BRF:2
BRH:0
end_of_record
TN:
SF:/Users/pleerock/www/opensource/nodejs/typeorm/build/es5/src/metadata-builder/error/MissingJoinTableError.js
FN:6,(anonymous_1)
FNF:1
FNH:0
FNDA:0,(anonymous_1)
DA:7,0
DA:8,0
DA:9,0
DA:10,0
DA:15,0
DA:20,1
LF:6
LH:1
BRDA:9,1,0,0
BRDA:9,1,1,0
BRF:2
BRH:0
end_of_record
TN:
SF:/Users/pleerock/www/opensource/nodejs/typeorm/build/es5/src/metadata-builder/error/MissingPrimaryColumnError.js
FN:6,(anonymous_1)
FNF:1
FNH:0
FNDA:0,(anonymous_1)
DA:7,0
DA:8,0
DA:9,0
DA:13,1
LF:4
LH:1
BRF:0
BRH:0
end_of_record
TN:
SF:/Users/pleerock/www/opensource/nodejs/typeorm/build/es5/src/metadata/IndexMetadata.js
FN:10,(anonymous_1)
FN:22,(anonymous_2)
FN:28,(anonymous_3)
FNF:3
FNH:0
FNDA:0,(anonymous_1)
FNDA:0,(anonymous_2)
FNDA:0,(anonymous_3)
DA:2,1
DA:11,0
DA:12,0
DA:13,0
DA:14,0
DA:23,0
DA:30,0
DA:31,0
DA:33,0
DA:34,0
DA:37,1
LF:11
LH:2
BRDA:30,1,0,0
BRDA:30,1,1,0
BRF:2
BRH:0
end_of_record
TN:
SF:/Users/pleerock/www/opensource/nodejs/typeorm/build/es5/src/metadata/JoinColumnMetadata.js
FN:10,(anonymous_1)
FN:21,(anonymous_2)
FN:27,(anonymous_3)
FNF:3
FNH:3
FNDA:23,(anonymous_1)
FNDA:488,(anonymous_2)
FNDA:295,(anonymous_3)
DA:2,1
DA:11,23
DA:12,23
DA:13,23
DA:22,488
DA:28,295
DA:29,0
DA:30,0
DA:31,0
DA:33,295
DA:36,1
LF:11
LH:8
BRDA:28,1,0,0
BRDA:28,1,1,295
BRDA:30,2,0,0
BRDA:30,2,1,0
BRF:4
BRH:1
end_of_record
TN:
SF:/Users/pleerock/www/opensource/nodejs/typeorm/build/es5/src/metadata/TableMetadata.js
FN:10,(anonymous_1)
FN:30,(anonymous_2)
FN:40,(anonymous_3)
FN:46,(anonymous_4)
FN:52,(anonymous_5)
FN:58,(anonymous_6)
FN:64,(anonymous_7)
FNF:7
FNH:4
FNDA:65,(anonymous_1)
FNDA:6145,(anonymous_2)
FNDA:0,(anonymous_3)
FNDA:0,(anonymous_4)
FNDA:231,(anonymous_5)
FNDA:6145,(anonymous_6)
FNDA:0,(anonymous_7)
DA:2,1
DA:11,65
DA:18,65
DA:19,65
DA:20,65
DA:21,65
DA:22,65
DA:31,6145
DA:32,234
DA:34,5911
DA:35,5911
DA:41,0
DA:47,0
DA:53,231
DA:59,6145
DA:65,0
DA:68,1
LF:17
LH:14
BRDA:31,1,0,234
BRDA:31,1,1,5911
BRDA:31,2,0,6145
BRDA:31,2,1,234
BRDA:34,3,0,4577
BRDA:34,3,1,1334
BRF:6
BRH:6
end_of_record
TN:
SF:/Users/pleerock/www/opensource/nodejs/typeorm/build/es5/src/metadata/RelationMetadata.js
FN:11,(anonymous_1)
FN:60,(anonymous_2)
FN:70,(anonymous_3)
FN:91,(anonymous_4)
FN:97,(anonymous_5)
FN:103,(anonymous_6)
FN:111,(anonymous_7)
FN:117,(anonymous_8)
FN:123,(anonymous_9)
FN:129,(anonymous_10)
FN:135,(anonymous_11)
FN:141,(anonymous_12)
FN:147,(anonymous_13)
FN:153,(anonymous_14)
FN:168,(anonymous_15)
FN:177,(anonymous_16)
FNF:16
FNH:15
FNDA:58,(anonymous_1)
FNDA:488,(anonymous_2)
FNDA:98,(anonymous_3)
FNDA:197,(anonymous_4)
FNDA:543,(anonymous_5)
FNDA:1526,(anonymous_6)
FNDA:841,(anonymous_7)
FNDA:0,(anonymous_8)
FNDA:10,(anonymous_9)
FNDA:379,(anonymous_10)
FNDA:1727,(anonymous_11)
FNDA:1878,(anonymous_12)
FNDA:60,(anonymous_13)
FNDA:188,(anonymous_14)
FNDA:128,(anonymous_15)
FNDA:172,(anonymous_16)
DA:2,1
DA:3,1
DA:12,58
DA:19,58
DA:23,58
DA:27,58
DA:28,58
DA:29,58
DA:30,44
DA:31,58
DA:32,48
DA:33,58
DA:34,19
DA:35,58
DA:36,21
DA:37,58
DA:38,17
DA:39,58
DA:40,0
DA:41,58
DA:42,0
DA:43,58
DA:44,0
DA:45,58
DA:46,5
DA:47,58
DA:48,5
DA:49,58
DA:50,58
DA:61,488
DA:62,0
DA:63,488
DA:71,98
DA:72,0
DA:74,98
DA:75,67
DA:77,31
DA:78,31
DA:79,31
DA:82,0
DA:86,0
DA:92,197
DA:98,543
DA:104,1526
DA:112,841
DA:118,0
DA:124,10
DA:130,379
DA:136,1727
DA:142,1878
DA:148,60
DA:154,188
DA:155,172
DA:157,16
DA:158,10
DA:160,6
DA:161,0
DA:163,6
DA:169,128
DA:170,128
DA:171,0
DA:172,128
DA:178,172
DA:179,172
DA:180,172
DA:181,0
DA:182,0
DA:184,0
DA:187,1
LF:69
LH:56
BRDA:29,1,0,44
BRDA:29,1,1,14
BRDA:31,2,0,48
BRDA:31,2,1,10
BRDA:33,3,0,19
BRDA:33,3,1,39
BRDA:33,4,0,58
BRDA:33,4,1,44
BRDA:35,5,0,21
BRDA:35,5,1,37
BRDA:35,6,0,58
BRDA:35,6,1,42
BRDA:37,7,0,17
BRDA:37,7,1,41
BRDA:37,8,0,58
BRDA:37,8,1,46
BRDA:39,9,0,0
BRDA:39,9,1,58
BRDA:41,10,0,0
BRDA:41,10,1,58
BRDA:43,11,0,0
BRDA:43,11,1,58
BRDA:45,12,0,5
BRDA:45,12,1,53
BRDA:47,13,0,5
BRDA:47,13,1,53
BRDA:49,14,0,58
BRDA:49,14,1,0
BRDA:61,15,0,0
BRDA:61,15,1,488
BRDA:61,16,0,488
BRDA:61,16,1,488
BRDA:71,17,0,0
BRDA:71,17,1,98
BRDA:74,18,0,67
BRDA:74,18,1,31
BRDA:74,19,0,98
BRDA:74,19,1,67
BRDA:74,19,2,67
BRDA:77,20,0,31
BRDA:77,20,1,0
BRDA:78,21,0,31
BRDA:78,21,1,0
BRDA:92,22,0,197
BRDA:92,22,1,0
BRDA:98,23,0,543
BRDA:98,23,1,458
BRDA:98,23,2,458
BRDA:104,24,0,1526
BRDA:104,24,1,1010
BRDA:104,24,2,406
BRDA:104,24,3,664
BRDA:104,24,4,535
BRDA:118,25,0,0
BRDA:118,25,1,0
BRDA:124,26,0,10
BRDA:124,26,1,5
BRDA:148,27,0,60
BRDA:148,27,1,60
BRDA:154,28,0,172
BRDA:154,28,1,16
BRDA:157,29,0,10
BRDA:157,29,1,6
BRDA:157,30,0,16
BRDA:157,30,1,10
BRDA:160,31,0,0
BRDA:160,31,1,6
BRDA:160,32,0,6
BRDA:160,32,1,0
BRDA:170,33,0,0
BRDA:170,33,1,128
BRDA:179,34,0,172
BRDA:179,34,1,0
BRDA:181,35,0,0
BRDA:181,35,1,0
BRF:75
BRH:58
end_of_record
TN:
SF:/Users/pleerock/www/opensource/nodejs/typeorm/build/es5/src/metadata/JoinTableMetadata.js
FN:10,(anonymous_1)
FN:33,(anonymous_2)
FN:41,(anonymous_3)
FN:52,(anonymous_4)
FN:63,(anonymous_5)
FN:75,(anonymous_6)
FNF:6
FNH:6
FNDA:8,(anonymous_1)
FNDA:8,(anonymous_2)
FNDA:8,(anonymous_3)
FNDA:8,(anonymous_4)
FNDA:123,(anonymous_5)
FNDA:92,(anonymous_6)
DA:2,1
DA:11,8
DA:12,8
DA:13,0
DA:14,8
DA:15,0
DA:16,0
DA:17,0
DA:18,0
DA:20,8
DA:21,0
DA:22,0
DA:23,0
DA:24,0
DA:34,8
DA:35,0
DA:36,8
DA:42,8
DA:43,0
DA:44,8
DA:53,8
DA:54,0
DA:55,8
DA:64,123
DA:65,0
DA:66,0
DA:67,0
DA:68,0
DA:70,123
DA:76,92
DA:77,0
DA:78,0
DA:79,0
DA:80,0
DA:82,92
DA:85,1
LF:36
LH:16
BRDA:12,1,0,0
BRDA:12,1,1,8
BRDA:14,2,0,0
BRDA:14,2,1,8
BRDA:15,3,0,0
BRDA:15,3,1,0
BRDA:17,4,0,0
BRDA:17,4,1,0
BRDA:20,5,0,0
BRDA:20,5,1,8
BRDA:21,6,0,0
BRDA:21,6,1,0
BRDA:23,7,0,0
BRDA:23,7,1,0
BRDA:34,8,0,0
BRDA:34,8,1,8
BRDA:36,9,0,7
BRDA:36,9,1,1
BRDA:42,10,0,0
BRDA:42,10,1,8
BRDA:53,11,0,0
BRDA:53,11,1,8
BRDA:64,12,0,0
BRDA:64,12,1,123
BRDA:66,13,0,0
BRDA:66,13,1,0
BRDA:76,14,0,0
BRDA:76,14,1,92
BRDA:78,15,0,0
BRDA:78,15,1,0
BRF:30
BRH:10
end_of_record
TN:
SF:/Users/pleerock/www/opensource/nodejs/typeorm/build/es5/src/metadata-builder/JunctionEntityMetadataBuilder.js
FN:12,(anonymous_1)
FNF:1
FNH:1
FNDA:8,(anonymous_1)
DA:2,1
DA:3,1
DA:4,1
DA:5,1
DA:13,8
DA:14,8
DA:15,8
DA:19,8
DA:28,8
DA:37,8
DA:51,1
LF:11
LH:11
BRF:0
BRH:0
end_of_record
TN:
SF:/Users/pleerock/www/opensource/nodejs/typeorm/build/es5/src/metadata-builder/ClosureJunctionEntityMetadataBuilder.js
FN:13,(anonymous_1)
FNF:1
FNH:1
FNDA:5,(anonymous_1)
DA:2,1
DA:3,1
DA:4,1
DA:5,1
DA:6,1
DA:14,5
DA:34,5
DA:35,5
DA:44,5
DA:48,5
DA:59,1
LF:11
LH:11
BRDA:34,1,0,5
BRDA:34,1,1,0
BRF:2
BRH:1
end_of_record
TN:
SF:/Users/pleerock/www/opensource/nodejs/typeorm/build/es5/src/metadata/types/ColumnTypes.js
FN:9,(anonymous_1)
FN:15,(anonymous_2)
FN:38,(anonymous_3)
FN:63,(anonymous_4)
FNF:4
FNH:2
FNDA:0,(anonymous_1)
FNDA:0,(anonymous_2)
FNDA:49,(anonymous_3)
FNDA:88,(anonymous_4)
DA:10,0
DA:16,0
DA:39,49
DA:40,0
DA:42,49
DA:43,49
DA:44,49
DA:46,2
DA:48,0
DA:50,47
DA:52,0
DA:54,0
DA:57,0
DA:58,0
DA:60,0
DA:64,88
DA:70,1
DA:74,1
DA:78,1
DA:82,1
DA:86,1
DA:90,1
DA:94,1
DA:98,1
DA:102,1
DA:106,1
DA:110,1
DA:114,1
DA:118,1
DA:122,1
DA:126,1
DA:131,1
DA:132,1
LF:33
LH:24
BRDA:39,1,0,0
BRDA:39,1,1,49
BRDA:42,2,0,49
BRDA:42,2,1,0
BRDA:44,3,0,2
BRDA:44,3,1,0
BRDA:44,3,2,47
BRDA:44,3,3,0
BRDA:44,3,4,0
BRDA:57,4,0,0
BRDA:57,4,1,0
BRF:11
BRH:4
end_of_record
TN:
SF:/Users/pleerock/www/opensource/nodejs/typeorm/build/es5/src/metadata/EmbeddedMetadata.js
FN:9,(anonymous_1)
FN:24,(anonymous_2)
FNF:2
FNH:0
FNDA:0,(anonymous_1)
FNDA:0,(anonymous_2)
DA:10,0
DA:11,0
DA:12,0
DA:13,0
DA:14,0
DA:15,0
DA:25,0
DA:28,1
LF:8
LH:1
BRF:0
BRH:0
end_of_record
TN:
SF:/Users/pleerock/www/opensource/nodejs/typeorm/build/es5/src/metadata-args/MetadataArgsStorage.js
FN:9,(anonymous_1)
FN:35,(anonymous_2)
FN:45,(anonymous_3)
FN:57,(anonymous_4)
FN:112,(anonymous_5)
FN:136,(anonymous_6)
FNF:6
FNH:5
FNDA:4,(anonymous_1)
FNDA:23,(anonymous_2)
FNDA:23,(anonymous_3)
FNDA:52,(anonymous_4)
FNDA:0,(anonymous_5)
FNDA:198,(anonymous_6)
DA:2,1
DA:3,1
DA:17,4
DA:18,4
DA:19,4
DA:20,4
DA:21,4
DA:22,4
DA:23,4
DA:24,4
DA:25,4
DA:26,4
DA:27,4
DA:36,23
DA:37,52
DA:38,23
DA:39,52
DA:46,23
DA:47,52
DA:48,23
DA:49,0
DA:58,52
DA:59,52
DA:60,52
DA:61,52
DA:62,52
DA:63,52
DA:64,52
DA:65,52
DA:66,52
DA:68,204
DA:69,0
DA:70,204
DA:71,6
DA:72,198
DA:75,0
DA:76,0
DA:78,0
DA:79,0
DA:81,0
DA:82,0
DA:84,0
DA:85,0
DA:87,0
DA:88,0
DA:90,0
DA:91,0
DA:93,0
DA:94,0
DA:96,0
DA:98,52
DA:113,0
DA:114,0
DA:116,0
DA:117,0
DA:118,0
DA:119,0
DA:120,0
DA:123,0
DA:124,0
DA:126,0
DA:128,0
DA:140,198
DA:143,1
LF:64
LH:36
BRDA:36,1,0,20
BRDA:36,1,1,3
BRDA:37,2,0,52
BRDA:37,2,1,5
BRDA:46,3,0,20
BRDA:46,3,1,3
BRDA:68,4,0,0
BRDA:68,4,1,204
BRDA:68,5,0,204
BRDA:68,5,1,204
BRDA:70,6,0,6
BRDA:70,6,1,198
BRDA:70,7,0,204
BRDA:70,7,1,198
BRDA:116,8,0,0
BRDA:116,8,1,0
BRDA:116,9,0,0
BRDA:116,9,1,0
BRDA:118,10,0,0
BRDA:118,10,1,0
BRDA:118,11,0,0
BRDA:118,11,1,0
BRF:22
BRH:13
end_of_record
TN:
SF:/Users/pleerock/www/opensource/nodejs/typeorm/build/es5/src/metadata-args/collection/TargetMetadataArgsCollection.js
FN:7,(anonymous_1)
FN:13,(anonymous_2)
FN:19,(anonymous_3)
FN:26,(anonymous_4)
FN:38,(anonymous_5)
FNF:5
FNH:4
FNDA:579,(anonymous_1)
FNDA:416,(anonymous_2)
FNDA:481,(anonymous_3)
FNDA:567,(anonymous_4)
FNDA:0,(anonymous_5)
DA:2,1
DA:8,579
DA:9,579
DA:10,355
DA:11,579
DA:15,416
DA:16,0
DA:17,416
DA:20,481
DA:21,8948
DA:22,0
DA:23,8948
DA:27,567
DA:28,0
DA:29,0
DA:30,0
DA:31,0
DA:33,567
DA:39,0
DA:42,1
LF:20
LH:13
BRDA:15,1,0,0
BRDA:15,1,1,416
BRDA:21,2,0,0
BRDA:21,2,1,8948
BRDA:27,3,0,0
BRDA:27,3,1,567
BRDA:28,4,0,0
BRDA:28,4,1,0
BRDA:28,5,0,0
BRDA:28,5,1,0
BRDA:30,6,0,0
BRDA:30,6,1,0
BRF:12
BRH:3
end_of_record
TN:
SF:/Users/pleerock/www/opensource/nodejs/typeorm/build/es5/src/metadata-builder/error/MetadataAlreadyExistsError.js
FN:6,(anonymous_1)
FNF:1
FNH:0
FNDA:0,(anonymous_1)
DA:7,0
DA:8,0
DA:9,0
DA:14,1
LF:4
LH:1
BRDA:10,1,0,0
BRDA:10,1,1,0
BRF:2
BRH:0
end_of_record
TN:
SF:/Users/pleerock/www/opensource/nodejs/typeorm/build/es5/src/metadata-args/collection/PropertyMetadataArgsCollection.js
FN:7,(anonymous_1)
FN:12,(anonymous_2)
FN:15,(anonymous_3)
FNF:3
FNH:1
FNDA:0,(anonymous_1)
FNDA:44,(anonymous_2)
FNDA:0,(anonymous_3)
DA:2,1
DA:8,0
DA:9,0
DA:13,46
DA:16,0
DA:19,1
LF:6
LH:3
BRF:0
BRH:0
end_of_record
TN:
SF:/Users/pleerock/www/opensource/nodejs/typeorm/build/es5/src/naming-strategy/DefaultNamingStrategy.js
FN:7,(anonymous_1)
FN:10,(anonymous_2)
FN:13,(anonymous_3)
FN:16,(anonymous_4)
FN:19,(anonymous_5)
FN:24,(anonymous_6)
FN:29,(anonymous_7)
FN:32,(anonymous_8)
FN:37,(anonymous_9)
FN:42,(anonymous_10)
FN:45,(anonymous_11)
FNF:11
FNH:8
FNDA:5876,(anonymous_1)
FNDA:13882,(anonymous_2)
FNDA:0,(anonymous_3)
FNDA:0,(anonymous_4)
FNDA:0,(anonymous_5)
FNDA:488,(anonymous_6)
FNDA:8,(anonymous_7)
FNDA:8,(anonymous_8)
FNDA:8,(anonymous_9)
FNDA:234,(anonymous_10)
FNDA:614,(anonymous_11)
DA:2,1
DA:8,5876
DA:11,13882
DA:14,0
DA:17,0
DA:20,0
DA:21,0
DA:22,0
DA:25,488
DA:26,48
DA:27,440
DA:30,8
DA:33,8
DA:34,8
DA:35,8
DA:38,8
DA:39,8
DA:40,8
DA:43,234
DA:46,614
DA:47,614
DA:50,1
LF:22
LH:17
BRDA:8,1,0,4599
BRDA:8,1,1,1277
BRDA:11,2,0,1826
BRDA:11,2,1,12056
BRDA:14,3,0,0
BRDA:14,3,1,0
BRDA:20,4,0,0
BRDA:20,4,1,0
BRDA:25,5,0,48
BRDA:25,5,1,440
BRDA:35,6,0,0
BRDA:35,6,1,8
BRDA:40,7,0,0
BRDA:40,7,1,8
BRF:14
BRH:8
end_of_record
TN:
SF:/Users/pleerock/www/opensource/nodejs/typeorm/build/es5/src/metadata-args/collection/EntityMetadataCollection.js
FN:10,(anonymous_1)
FN:13,(anonymous_2)
FN:19,(anonymous_3)
FNF:3
FNH:2
FNDA:95,(anonymous_1)
FNDA:1565,(anonymous_2)
FNDA:0,(anonymous_3)
DA:2,1
DA:11,209
DA:14,5082
DA:15,1565
DA:16,0
DA:17,1565
DA:20,0
DA:21,0
DA:22,0
DA:23,0
DA:26,1
LF:11
LH:6
BRDA:15,1,0,0
BRDA:15,1,1,1565
BRDA:21,2,0,0
BRDA:21,2,1,0
BRF:4
BRH:1
end_of_record
TN:
SF:/Users/pleerock/www/opensource/nodejs/typeorm/build/es5/src/metadata-args/error/EntityMetadataNotFound.js
FN:6,(anonymous_1)
FNF:1
FNH:0
FNDA:0,(anonymous_1)
DA:7,0
DA:8,0
DA:9,0
DA:10,0
DA:13,1
LF:5
LH:1
BRDA:9,1,0,0
BRDA:9,1,1,0
BRDA:9,2,0,0
BRDA:9,2,1,0
BRF:4
BRH:0
end_of_record
TN:
SF:/Users/pleerock/www/opensource/nodejs/typeorm/build/es5/src/connection/error/NoConnectionForRepositoryError.js
FN:6,(anonymous_1)
FNF:1
FNH:1
FNDA:4,(anonymous_1)
DA:7,4
DA:8,4
DA:9,4
DA:13,1
LF:4
LH:4
BRF:0
BRH:0
end_of_record
TN:
SF:/Users/pleerock/www/opensource/nodejs/typeorm/build/es5/src/connection/error/CannotImportAlreadyConnectedError.js
FN:6,(anonymous_1)
FNF:1
FNH:1
FNDA:16,(anonymous_1)
DA:7,16
DA:8,16
DA:9,16
DA:12,1
LF:4
LH:4
BRF:0
BRH:0
end_of_record
TN:
SF:/Users/pleerock/www/opensource/nodejs/typeorm/build/es5/src/connection/error/CannotCloseNotConnectedError.js
FN:6,(anonymous_1)
FNF:1
FNH:1
FNDA:4,(anonymous_1)
DA:7,4
DA:8,4
DA:9,4
DA:12,1
LF:4
LH:4
BRF:0
BRH:0
end_of_record
TN:
SF:/Users/pleerock/www/opensource/nodejs/typeorm/build/es5/src/connection/error/CannotConnectAlreadyConnectedError.js
FN:6,(anonymous_1)
FNF:1
FNH:1
FNDA:2,(anonymous_1)
DA:7,2
DA:8,2
DA:9,2
DA:12,1
LF:4
LH:4
BRF:0
BRH:0
end_of_record
TN:
SF:/Users/pleerock/www/opensource/nodejs/typeorm/build/es5/src/repository/ReactiveRepository.js
FN:12,(anonymous_1)
FN:22,(anonymous_2)
FN:28,(anonymous_3)
FN:34,(anonymous_4)
FN:41,(anonymous_5)
FN:47,(anonymous_6)
FN:56,(anonymous_7)
FN:62,(anonymous_8)
FN:69,(anonymous_9)
FN:75,(anonymous_10)
FN:81,(anonymous_11)
FN:95,(anonymous_12)
FN:109,(anonymous_13)
FN:123,(anonymous_14)
FN:129,(anonymous_15)
FN:135,(anonymous_16)
FN:138,(anonymous_17)
FN:141,(anonymous_18)
FN:144,(anonymous_19)
FN:147,(anonymous_20)
FN:154,(anonymous_21)
FN:161,(anonymous_22)
FN:167,(anonymous_23)
FNF:23
FNH:3
FNDA:65,(anonymous_1)
FNDA:2,(anonymous_2)
FNDA:0,(anonymous_3)
FNDA:0,(anonymous_4)
FNDA:0,(anonymous_5)
FNDA:0,(anonymous_6)
FNDA:0,(anonymous_7)
FNDA:0,(anonymous_8)
FNDA:0,(anonymous_9)
FNDA:0,(anonymous_10)
FNDA:0,(anonymous_11)
FNDA:0,(anonymous_12)
FNDA:0,(anonymous_13)
FNDA:0,(anonymous_14)
FNDA:0,(anonymous_15)
FNDA:0,(anonymous_16)
FNDA:0,(anonymous_17)
FNDA:0,(anonymous_18)
FNDA:0,(anonymous_19)
FNDA:0,(anonymous_20)
FNDA:0,(anonymous_21)
FNDA:0,(anonymous_22)
FNDA:7,(anonymous_23)
DA:2,1
DA:3,1
DA:13,65
DA:23,2
DA:29,0
DA:35,0
DA:42,0
DA:48,0
DA:57,0
DA:63,0
DA:70,0
DA:76,0
DA:82,0
DA:83,0
DA:85,0
DA:86,0
DA:89,0
DA:96,0
DA:97,0
DA:99,0
DA:100,0
DA:103,0
DA:110,0
DA:111,0
DA:113,0
DA:114,0
DA:117,0
DA:124,0
DA:130,0
DA:136,0
DA:139,0
DA:142,0
DA:145,0
DA:148,0
DA:155,0
DA:162,0
DA:168,7
DA:171,1
LF:38
LH:6
BRDA:82,1,0,0
BRDA:82,1,1,0
BRDA:82,2,0,0
BRDA:82,2,1,0
BRDA:85,3,0,0
BRDA:85,3,1,0
BRDA:96,4,0,0
BRDA:96,4,1,0
BRDA:96,5,0,0
BRDA:96,5,1,0
BRDA:99,6,0,0
BRDA:99,6,1,0
BRDA:110,7,0,0
BRDA:110,7,1,0
BRDA:110,8,0,0
BRDA:110,8,1,0
BRDA:113,9,0,0
BRDA:113,9,1,0
BRF:18
BRH:0
end_of_record
TN:
SF:/Users/pleerock/www/opensource/nodejs/typeorm/build/es5/src/connection/error/NamingStrategyNotFoundError.js
FN:6,(anonymous_1)
FNF:1
FNH:1
FNDA:4,(anonymous_1)
DA:7,4
DA:8,4
DA:9,4
DA:10,4
DA:14,1
LF:5
LH:5
BRDA:9,1,0,1
BRDA:9,1,1,3
BRF:2
BRH:2
end_of_record
TN:
SF:/Users/pleerock/www/opensource/nodejs/typeorm/build/es5/src/entity-manager/EntityManagerFactory.js
FN:12,(anonymous_1)
FN:15,(anonymous_2)
FNF:2
FNH:2
FNDA:28,(anonymous_1)
FNDA:28,(anonymous_2)
DA:2,1
DA:3,1
DA:13,28
DA:16,28
DA:19,1
LF:5
LH:5
BRF:0
BRH:0
end_of_record
TN:
SF:/Users/pleerock/www/opensource/nodejs/typeorm/build/es5/src/entity-manager/EntityManager.js
FN:10,(anonymous_1)
FN:16,(anonymous_2)
FN:27,(anonymous_3)
FN:38,(anonymous_4)
FN:41,(anonymous_5)
FN:49,(anonymous_6)
FN:56,(anonymous_7)
FN:62,(anonymous_8)
FN:71,(anonymous_9)
FN:77,(anonymous_10)
FN:80,(anonymous_11)
FN:86,(anonymous_12)
FN:95,(anonymous_13)
FN:109,(anonymous_14)
FN:123,(anonymous_15)
FN:137,(anonymous_16)
FN:143,(anonymous_17)
FN:149,(anonymous_18)
FN:160,(anonymous_19)
FN:163,(anonymous_20)
FN:166,(anonymous_21)
FN:169,(anonymous_22)
FN:176,(anonymous_23)
FN:183,(anonymous_24)
FN:189,(anonymous_25)
FN:195,(anonymous_26)
FN:201,(anonymous_27)
FN:207,(anonymous_28)
FN:213,(anonymous_29)
FN:219,(anonymous_30)
FN:225,(anonymous_31)
FN:231,(anonymous_32)
FN:237,(anonymous_33)
FNF:33
FNH:1
FNDA:28,(anonymous_1)
FNDA:0,(anonymous_2)
FNDA:0,(anonymous_3)
FNDA:0,(anonymous_4)
FNDA:0,(anonymous_5)
FNDA:0,(anonymous_6)
FNDA:0,(anonymous_7)
FNDA:0,(anonymous_8)
FNDA:0,(anonymous_9)
FNDA:0,(anonymous_10)
FNDA:0,(anonymous_11)
FNDA:0,(anonymous_12)
FNDA:0,(anonymous_13)
FNDA:0,(anonymous_14)
FNDA:0,(anonymous_15)
FNDA:0,(anonymous_16)
FNDA:0,(anonymous_17)
FNDA:0,(anonymous_18)
FNDA:0,(anonymous_19)
FNDA:0,(anonymous_20)
FNDA:0,(anonymous_21)
FNDA:0,(anonymous_22)
FNDA:0,(anonymous_23)
FNDA:0,(anonymous_24)
FNDA:0,(anonymous_25)
FNDA:0,(anonymous_26)
FNDA:0,(anonymous_27)
FNDA:0,(anonymous_28)
FNDA:0,(anonymous_29)
FNDA:0,(anonymous_30)
FNDA:0,(anonymous_31)
FNDA:0,(anonymous_32)
FNDA:0,(anonymous_33)
DA:11,28
DA:17,0
DA:18,0
DA:21,0
DA:28,0
DA:29,0
DA:32,0
DA:39,0
DA:42,0
DA:43,0
DA:44,0
DA:50,0
DA:57,0
DA:63,0
DA:72,0
DA:78,0
DA:82,0
DA:83,0
DA:84,0
DA:88,0
DA:89,0
DA:90,0
DA:96,0
DA:97,0
DA:99,0
DA:100,0
DA:103,0
DA:110,0
DA:111,0
DA:113,0
DA:114,0
DA:117,0
DA:124,0
DA:125,0
DA:127,0
DA:128,0
DA:131,0
DA:138,0
DA:144,0
DA:150,0
DA:151,0
DA:153,0
DA:155,0
DA:156,0
DA:158,0
DA:161,0
DA:164,0
DA:167,0
DA:170,0
DA:177,0
DA:184,0
DA:190,0
DA:196,0
DA:202,0
DA:208,0
DA:214,0
DA:220,0
DA:226,0
DA:232,0
DA:238,0
DA:241,1
LF:61
LH:2
BRDA:17,1,0,0
BRDA:17,1,1,0
BRDA:28,2,0,0
BRDA:28,2,1,0
BRDA:42,3,0,0
BRDA:42,3,1,0
BRDA:43,4,0,0
BRDA:43,4,1,0
BRDA:82,5,0,0
BRDA:82,5,1,0
BRDA:83,6,0,0
BRDA:83,6,1,0
BRDA:88,7,0,0
BRDA:88,7,1,0
BRDA:89,8,0,0
BRDA:89,8,1,0
BRDA:96,9,0,0
BRDA:96,9,1,0
BRDA:96,10,0,0
BRDA:96,10,1,0
BRDA:99,11,0,0
BRDA:99,11,1,0
BRDA:110,12,0,0
BRDA:110,12,1,0
BRDA:110,13,0,0
BRDA:110,13,1,0
BRDA:113,14,0,0
BRDA:113,14,1,0
BRDA:124,15,0,0
BRDA:124,15,1,0
BRDA:124,16,0,0
BRDA:124,16,1,0
BRDA:127,17,0,0
BRDA:127,17,1,0
BRF:34
BRH:0
end_of_record
TN:
SF:/Users/pleerock/www/opensource/nodejs/typeorm/build/es5/src/entity-manager/ReactiveEntityManager.js
FN:11,(anonymous_1)
FN:20,(anonymous_2)
FN:26,(anonymous_3)
FN:32,(anonymous_4)
FN:35,(anonymous_5)
FN:43,(anonymous_6)
FN:50,(anonymous_7)
FN:56,(anonymous_8)
FN:65,(anonymous_9)
FN:71,(anonymous_10)
FN:74,(anonymous_11)
FN:80,(anonymous_12)
FN:89,(anonymous_13)
FN:103,(anonymous_14)
FN:117,(anonymous_15)
FN:131,(anonymous_16)
FN:137,(anonymous_17)
FN:143,(anonymous_18)
FN:154,(anonymous_19)
FN:157,(anonymous_20)
FN:160,(anonymous_21)
FN:163,(anonymous_22)
FN:170,(anonymous_23)
FN:177,(anonymous_24)
FN:184,(anonymous_25)
FN:191,(anonymous_26)
FN:198,(anonymous_27)
FN:205,(anonymous_28)
FN:212,(anonymous_29)
FN:219,(anonymous_30)
FN:226,(anonymous_31)
FN:233,(anonymous_32)
FN:240,(anonymous_33)
FNF:33
FNH:1
FNDA:28,(anonymous_1)
FNDA:0,(anonymous_2)
FNDA:0,(anonymous_3)
FNDA:0,(anonymous_4)
FNDA:0,(anonymous_5)
FNDA:0,(anonymous_6)
FNDA:0,(anonymous_7)
FNDA:0,(anonymous_8)
FNDA:0,(anonymous_9)
FNDA:0,(anonymous_10)
FNDA:0,(anonymous_11)
FNDA:0,(anonymous_12)
FNDA:0,(anonymous_13)
FNDA:0,(anonymous_14)
FNDA:0,(anonymous_15)
FNDA:0,(anonymous_16)
FNDA:0,(anonymous_17)
FNDA:0,(anonymous_18)
FNDA:0,(anonymous_19)
FNDA:0,(anonymous_20)
FNDA:0,(anonymous_21)
FNDA:0,(anonymous_22)
FNDA:0,(anonymous_23)
FNDA:0,(anonymous_24)
FNDA:0,(anonymous_25)
FNDA:0,(anonymous_26)
FNDA:0,(anonymous_27)
FNDA:0,(anonymous_28)
FNDA:0,(anonymous_29)
FNDA:0,(anonymous_30)
FNDA:0,(anonymous_31)
FNDA:0,(anonymous_32)
FNDA:0,(anonymous_33)
DA:2,1
DA:12,28
DA:21,0
DA:27,0
DA:33,0
DA:36,0
DA:37,0
DA:38,0
DA:44,0
DA:51,0
DA:57,0
DA:66,0
DA:72,0
DA:76,0
DA:77,0
DA:78,0
DA:82,0
DA:83,0
DA:84,0
DA:90,0
DA:91,0
DA:93,0
DA:94,0
DA:97,0
DA:104,0
DA:105,0
DA:107,0
DA:108,0
DA:111,0
DA:118,0
DA:119,0
DA:121,0
DA:122,0
DA:125,0
DA:132,0
DA:138,0
DA:144,0
DA:145,0
DA:147,0
DA:149,0
DA:150,0
DA:152,0
DA:155,0
DA:158,0
DA:161,0
DA:164,0
DA:171,0
DA:178,0
DA:185,0
DA:192,0
DA:199,0
DA:206,0
DA:213,0
DA:220,0
DA:227,0
DA:234,0
DA:241,0
DA:244,1
LF:58
LH:3
BRDA:36,1,0,0
BRDA:36,1,1,0
BRDA:37,2,0,0
BRDA:37,2,1,0
BRDA:76,3,0,0
BRDA:76,3,1,0
BRDA:77,4,0,0
BRDA:77,4,1,0
BRDA:82,5,0,0
BRDA:82,5,1,0
BRDA:83,6,0,0
BRDA:83,6,1,0
BRDA:90,7,0,0
BRDA:90,7,1,0
BRDA:90,8,0,0
BRDA:90,8,1,0
BRDA:93,9,0,0
BRDA:93,9,1,0
BRDA:104,10,0,0
BRDA:104,10,1,0
BRDA:104,11,0,0
BRDA:104,11,1,0
BRDA:107,12,0,0
BRDA:107,12,1,0
BRDA:118,13,0,0
BRDA:118,13,1,0
BRDA:118,14,0,0
BRDA:118,14,1,0
BRDA:121,15,0,0
BRDA:121,15,1,0
BRF:30
BRH:0
end_of_record
TN:
SF:/Users/pleerock/www/opensource/nodejs/typeorm/build/es5/src/repository/RepositoryFactory.js
FN:12,(anonymous_1)
FN:15,(anonymous_2)
FN:18,(anonymous_3)
FN:21,(anonymous_4)
FNF:4
FNH:4
FNDA:60,(anonymous_1)
FNDA:5,(anonymous_2)
FNDA:60,(anonymous_3)
FNDA:5,(anonymous_4)
DA:2,1
DA:3,1
DA:4,1
DA:5,1
DA:13,60
DA:16,5
DA:19,60
DA:22,5
DA:25,1
LF:9
LH:9
BRF:0
BRH:0
end_of_record
TN:
SF:/Users/pleerock/www/opensource/nodejs/typeorm/build/es5/src/repository/TreeRepository.js
FN:15,(anonymous_1)
FN:24,(anonymous_2)
FN:33,(anonymous_3)
FN:41,(anonymous_4)
FN:55,(anonymous_5)
FN:63,(anonymous_6)
FN:72,(anonymous_7)
FN:80,(anonymous_8)
FN:94,(anonymous_9)
FN:109,(anonymous_10)
FN:117,(anonymous_11)
FN:127,(anonymous_12)
FNF:12
FNH:0
FNDA:0,(anonymous_1)
FNDA:0,(anonymous_2)
FNDA:0,(anonymous_3)
FNDA:0,(anonymous_4)
FNDA:0,(anonymous_5)
FNDA:0,(anonymous_6)
FNDA:0,(anonymous_7)
FNDA:0,(anonymous_8)
FNDA:0,(anonymous_9)
FNDA:0,(anonymous_10)
FNDA:0,(anonymous_11)
FNDA:0,(anonymous_12)
DA:2,1
DA:16,0
DA:17,0
DA:25,0
DA:26,0
DA:34,0
DA:43,0
DA:47,0
DA:48,0
DA:49,0
DA:56,0
DA:64,0
DA:65,0
DA:73,0
DA:82,0
DA:86,0
DA:87,0
DA:88,0
DA:95,0
DA:110,0
DA:111,0
DA:118,0
DA:119,0
DA:120,0
DA:121,0
DA:122,0
DA:123,0
DA:124,0
DA:128,0
DA:129,0
DA:130,0
DA:131,0
DA:132,0
DA:133,0
DA:134,0
DA:136,0
DA:137,0
DA:138,0
DA:142,1
LF:39
LH:2
BRDA:132,1,0,0
BRDA:132,1,1,0
BRDA:136,2,0,0
BRDA:136,2,1,0
BRF:4
BRH:0
end_of_record
TN:
SF:/Users/pleerock/www/opensource/nodejs/typeorm/build/es5/src/repository/ReactiveTreeRepository.js
FN:12,(anonymous_1)
FN:22,(anonymous_2)
FN:28,(anonymous_3)
FN:34,(anonymous_4)
FN:40,(anonymous_5)
FN:46,(anonymous_6)
FN:52,(anonymous_7)
FN:58,(anonymous_8)
FN:64,(anonymous_9)
FN:70,(anonymous_10)
FNF:10
FNH:1
FNDA:5,(anonymous_1)
FNDA:0,(anonymous_2)
FNDA:0,(anonymous_3)
FNDA:0,(anonymous_4)
FNDA:0,(anonymous_5)
FNDA:0,(anonymous_6)
FNDA:0,(anonymous_7)
FNDA:0,(anonymous_8)
FNDA:0,(anonymous_9)
FNDA:0,(anonymous_10)
DA:2,1
DA:3,1
DA:13,5
DA:14,5
DA:23,0
DA:29,0
DA:35,0
DA:41,0
DA:47,0
DA:53,0
DA:59,0
DA:65,0
DA:71,0
DA:74,1
LF:14
LH:5
BRF:0
BRH:0
end_of_record
TN:
SF:/Users/pleerock/www/opensource/nodejs/typeorm/build/es5/src/schema-creator/SchemaCreatorFactory.js
FN:9,(anonymous_1)
FNF:1
FNH:1
FNDA:77,(anonymous_1)
DA:2,1
DA:10,77
DA:13,1
LF:3
LH:3
BRF:0
BRH:0
end_of_record
TN:
SF:/Users/pleerock/www/opensource/nodejs/typeorm/build/es5/src/schema-creator/SchemaCreator.js
FN:11,(anonymous_1)
FN:21,(anonymous_2)
FN:39,(anonymous_3)
FN:42,(anonymous_4)
FN:45,(anonymous_5)
FN:48,(anonymous_6)
FN:51,(anonymous_7)
FN:54,(anonymous_8)
FN:57,(anonymous_9)
FN:60,(anonymous_10)
FN:63,(anonymous_11)
FN:66,(anonymous_12)
FN:75,(anonymous_13)
FN:86,(anonymous_14)
FN:96,(anonymous_15)
FN:108,(anonymous_16)
FN:119,(anonymous_17)
FN:130,(anonymous_18)
FN:144,(anonymous_19)
FN:156,(anonymous_20)
FN:175,(anonymous_21)
FN:191,(anonymous_22)
FNF:22
FNH:22
FNDA:77,(anonymous_1)
FNDA:77,(anonymous_2)
FNDA:77,(anonymous_3)
FNDA:77,(anonymous_4)
FNDA:77,(anonymous_5)
FNDA:77,(anonymous_6)
FNDA:77,(anonymous_7)
FNDA:77,(anonymous_8)
FNDA:77,(anonymous_9)
FNDA:77,(anonymous_10)
FNDA:77,(anonymous_11)
FNDA:77,(anonymous_12)
FNDA:359,(anonymous_13)
FNDA:359,(anonymous_14)
FNDA:359,(anonymous_15)
FNDA:359,(anonymous_16)
FNDA:359,(anonymous_17)
FNDA:359,(anonymous_18)
FNDA:359,(anonymous_19)
FNDA:359,(anonymous_20)
FNDA:359,(anonymous_21)
FNDA:85,(anonymous_22)
DA:12,77
DA:13,77
DA:22,77
DA:23,77
DA:24,77
DA:25,77
DA:26,77
DA:27,77
DA:28,77
DA:29,77
DA:30,77
DA:31,77
DA:32,77
DA:33,77
DA:40,359
DA:43,359
DA:46,359
DA:49,359
DA:52,359
DA:55,359
DA:58,359
DA:61,359
DA:64,359
DA:67,77
DA:68,359
DA:69,85
DA:70,77
DA:76,359
DA:77,359
DA:78,10
DA:79,4
DA:80,359
DA:87,359
DA:88,359
DA:89,337
DA:90,22
DA:97,359
DA:98,359
DA:99,964
DA:100,0
DA:101,0
DA:102,359
DA:109,359
DA:110,359
DA:111,2173
DA:112,5
DA:113,359
DA:120,359
DA:121,359
DA:122,964
DA:123,4
DA:124,359
DA:131,359
DA:132,359
DA:133,0
DA:134,0
DA:135,0
DA:136,0
DA:138,359
DA:145,359
DA:146,359
DA:147,305
DA:148,299
DA:149,359
DA:157,359
DA:159,359
DA:160,964
DA:161,0
DA:162,0
DA:164,359
DA:165,964
DA:166,964
DA:167,0
DA:168,359
DA:176,359
DA:178,359
DA:179,0
DA:180,0
DA:182,359
DA:183,0
DA:184,0
DA:185,359
DA:193,85
DA:194,85
DA:195,0
DA:196,85
DA:200,1
LF:87
LH:73
BRDA:88,1,0,337
BRDA:88,1,1,22
BRDA:99,2,0,964
BRDA:99,2,1,0
BRDA:134,3,0,0
BRDA:134,3,1,0
BRDA:194,4,0,0
BRDA:194,4,1,85
BRF:8
BRH:4
end_of_record
TN:
SF:/Users/pleerock/www/opensource/nodejs/typeorm/build/es5/src/connection/error/ReactiveRepositoryNotFoundError.js
FN:6,(anonymous_1)
FNF:1
FNH:0
FNDA:0,(anonymous_1)
DA:7,0
DA:8,0
DA:9,0
DA:10,0
DA:14,1
LF:5
LH:1
BRDA:9,1,0,0
BRDA:9,1,1,0
BRDA:9,2,0,0
BRDA:9,2,1,0
BRF:4
BRH:0
end_of_record
TN:
SF:/Users/pleerock/www/opensource/nodejs/typeorm/build/es5/src/connection/error/RepositoryNotTreeError.js
FN:6,(anonymous_1)
FNF:1
FNH:0
FNDA:0,(anonymous_1)
DA:7,0
DA:8,0
DA:9,0
DA:10,0
DA:13,1
LF:5
LH:1
BRDA:9,1,0,0
BRDA:9,1,1,0
[...]
end_of_record
TN:
SF:/Users/pleerock/www/opensource/nodejs/typeorm/build/es5/src/connection-manager/error/ConnectionNotFoundError.js
FN:6,(anonymous_1)
FNF:1
FNH:0
FNDA:0,(anonymous_1)
DA:7,0
DA:8,0
DA:9,0
DA:12,1
LF:4
LH:1
BRF:0
BRH:0
end_of_record
TN:
SF:/Users/pleerock/www/opensource/nodejs/typeorm/build/es5/src/driver/MysqlDriver.js
FN:12,(anonymous_1)
FN:34,(anonymous_2)
FN:40,(anonymous_3)
FN:46,(anonymous_4)
FN:60,(anonymous_5)
FN:66,(anonymous_6)
FN:81,(anonymous_7)
FN:90,(anonymous_8)
FN:96,(anonymous_9)
FN:113,(anonymous_10)
FN:128,(anonymous_11)
FNF:11
FNH:9
FNDA:28,(anonymous_1)
FNDA:0,(anonymous_2)
FNDA:0,(anonymous_3)
FNDA:3371,(anonymous_4)
FNDA:77,(anonymous_5)
FNDA:24,(anonymous_6)
FNDA:22,(anonymous_7)
FNDA:453,(anonymous_8)
FNDA:5396,(anonymous_9)
FNDA:55,(anonymous_10)
FNDA:5664,(anonymous_11)
DA:2,1
DA:3,1
DA:4,1
DA:13,28
DA:15,28
DA:16,28
DA:17,28
DA:20,0
DA:24,0
DA:26,28
DA:35,0
DA:41,0
DA:47,3371
DA:48,3371
DA:49,0
DA:50,0
DA:51,0
DA:61,77
DA:67,24
DA:74,24
DA:75,24
DA:82,22
DA:83,22
DA:84,22
DA:91,453
DA:97,5396
DA:98,5396
DA:99,5396
DA:100,5396
DA:101,0
DA:102,0
DA:103,0
DA:106,5396
DA:114,55
DA:115,55
DA:116,55
DA:118,55
DA:119,55
DA:120,55
DA:121,337
DA:122,55
DA:129,5664
DA:130,0
DA:133,1
LF:44
LH:33
BRDA:15,1,0,28
BRDA:15,1,1,0
BRDA:15,2,0,28
BRDA:15,2,1,28
BRDA:47,3,0,3371
BRDA:47,3,1,0
BRDA:47,4,0,3371
BRDA:47,4,1,3371
BRDA:49,5,0,0
BRDA:49,5,1,0
BRDA:75,6,0,0
BRDA:75,6,1,24
BRDA:84,7,0,0
BRDA:84,7,1,21
BRDA:100,8,0,0
BRDA:100,8,1,5396
BRDA:129,9,0,0
BRDA:129,9,1,5664
BRF:18
BRH:10
end_of_record
TN:
SF:/Users/pleerock/www/opensource/nodejs/typeorm/build/es5/src/schema-builder/MysqlSchemaBuilder.js
FN:8,(anonymous_1)
FN:12,(anonymous_2)
FN:36,(anonymous_3)
FN:40,(anonymous_4)
FN:44,(anonymous_5)
FN:48,(anonymous_6)
FN:56,(anonymous_7)
FN:65,(anonymous_8)
FN:70,(anonymous_9)
FN:75,(anonymous_10)
FN:90,(anonymous_11)
FN:95,(anonymous_12)
FN:99,(anonymous_13)
FN:103,(anonymous_14)
FN:107,(anonymous_15)
FN:112,(anonymous_16)
FN:116,(anonymous_17)
FN:124,(anonymous_18)
FN:127,(anonymous_19)
FN:141,(anonymous_20)
FNF:20
FNH:16
FNDA:77,(anonymous_1)
FNDA:359,(anonymous_2)
FNDA:359,(anonymous_3)
FNDA:4,(anonymous_4)
FNDA:5,(anonymous_5)
FNDA:299,(anonymous_6)
FNDA:4,(anonymous_7)
FNDA:1077,(anonymous_8)
FNDA:359,(anonymous_9)
FNDA:359,(anonymous_10)
FNDA:85,(anonymous_11)
FNDA:0,(anonymous_12)
FNDA:0,(anonymous_13)
FNDA:0,(anonymous_14)
FNDA:1077,(anonymous_15)
FNDA:0,(anonymous_16)
FNDA:337,(anonymous_17)
FNDA:4324,(anonymous_18)
FNDA:912,(anonymous_19)
FNDA:1876,(anonymous_20)
DA:2,1
DA:3,1
DA:9,77
DA:10,77
DA:13,359
DA:15,359
DA:16,359
DA:17,2171
DA:18,964
DA:19,0
DA:20,964
DA:21,964
DA:22,964
DA:23,964
DA:24,964
DA:30,0
DA:31,0
DA:32,0
DA:37,359
DA:38,359
DA:41,4
DA:42,4
DA:45,5
DA:46,5
DA:49,299
DA:52,299
DA:53,0
DA:54,299
DA:57,4
DA:58,4
DA:59,0
DA:60,0
DA:62,4
DA:63,4
DA:66,1077
DA:68,1077
DA:71,359
DA:73,359
DA:76,359
DA:77,359
DA:79,359
DA:80,359
DA:81,579
DA:82,0
DA:91,85
DA:93,85
DA:96,0
DA:97,0
DA:100,0
DA:101,0
DA:104,0
DA:105,0
DA:108,1077
DA:110,2890
DA:113,0
DA:114,0
DA:117,908
DA:118,337
DA:119,337
DA:125,4324
DA:128,912
DA:129,912
DA:130,725
DA:131,912
DA:132,254
DA:133,912
DA:134,254
DA:135,912
DA:136,0
DA:137,912
DA:138,0
DA:139,912
DA:142,1876
DA:143,1876
DA:144,1876
DA:146,0
DA:147,0
DA:149,1876
DA:151,688
DA:153,0
DA:155,0
DA:158,1184
DA:160,0
DA:162,0
DA:164,0
DA:167,4
DA:169,0
DA:170,0
DA:172,0
DA:173,0
DA:175,0
DA:176,0
DA:179,0
DA:182,0
DA:184,0
DA:186,0
DA:188,0
DA:190,0
DA:192,0
DA:195,1
LF:100
LH:62
BRDA:18,1,0,0
BRDA:18,1,1,964
BRDA:21,2,0,189
BRDA:21,2,1,775
BRDA:24,3,0,964
BRDA:24,3,1,964
BRDA:24,3,2,964
BRDA:24,3,3,964
BRDA:24,3,4,964
BRDA:38,4,0,359
BRDA:38,4,1,359
BRDA:52,5,0,0
BRDA:52,5,1,299
BRDA:58,6,0,0
BRDA:58,6,1,4
BRDA:81,7,0,579
BRDA:81,7,1,305
BRDA:93,8,0,0
BRDA:93,8,1,85
BRDA:93,9,0,85
BRDA:93,9,1,85
BRDA:100,10,0,0
BRDA:100,10,1,0
BRDA:129,11,0,725
BRDA:129,11,1,187
BRDA:131,12,0,254
BRDA:131,12,1,658
BRDA:131,13,0,912
BRDA:131,13,1,254
BRDA:133,14,0,254
BRDA:133,14,1,658
BRDA:135,15,0,0
BRDA:135,15,1,912
BRDA:137,16,0,0
BRDA:137,16,1,912
BRDA:143,17,0,1876
BRDA:143,17,1,0
BRDA:146,18,0,0
BRDA:146,18,1,0
BRDA:146,19,0,0
BRDA:146,19,1,0
BRDA:146,19,2,0
BRDA:149,20,0,688
BRDA:149,20,1,0
BRDA:149,20,2,0
BRDA:149,20,3,52
BRDA:149,20,4,1184
BRDA:149,20,5,0
BRDA:149,20,6,0
BRDA:149,20,7,0
BRDA:149,20,8,0
BRDA:149,20,9,4
BRDA:149,20,10,0
BRDA:149,20,11,0
BRDA:149,20,12,0
BRDA:149,20,13,0
BRDA:149,20,14,0
BRDA:149,20,15,0
BRDA:151,21,0,0
BRDA:151,21,1,688
BRDA:158,22,0,0
BRDA:158,22,1,1184
BRDA:160,23,0,0
BRDA:160,23,1,0
BRDA:162,24,0,0
BRDA:162,24,1,0
BRDA:169,25,0,0
BRDA:169,25,1,0
BRDA:169,26,0,0
BRDA:169,26,1,0
BRDA:172,27,0,0
BRDA:172,27,1,0
BRDA:175,28,0,0
BRDA:175,28,1,0
BRDA:190,29,0,0
BRDA:190,29,1,0
BRF:76
BRH:34
end_of_record
TN:
SF:/Users/pleerock/www/opensource/nodejs/typeorm/build/es5/src/schema-builder/SchemaBuilder.js
FNF:0
FNH:0
DA:7,1
LF:1
LH:1
BRF:0
BRH:0
end_of_record
TN:
SF:/Users/pleerock/www/opensource/nodejs/typeorm/build/es5/src/driver/error/ConnectionIsNotSetError.js
FN:6,(anonymous_1)
FNF:1
FNH:0
FNDA:0,(anonymous_1)
DA:7,0
DA:8,0
DA:9,0
DA:12,1
LF:4
LH:1
BRF:0
BRH:0
end_of_record
TN:
SF:/Users/pleerock/www/opensource/nodejs/typeorm/build/es5/src/driver/BaseDriver.js
FN:14,(anonymous_1)
FN:22,(anonymous_2)
FN:36,(anonymous_3)
FN:46,(anonymous_4)
FN:55,(anonymous_5)
FN:61,(anonymous_6)
FN:67,(anonymous_7)
FN:89,(anonymous_8)
FN:113,(anonymous_9)
FN:134,(anonymous_10)
FN:138,(anonymous_11)
FN:144,(anonymous_12)
FN:149,(anonymous_13)
FNF:13
FNH:9
FNDA:46,(anonymous_1)
FNDA:106,(anonymous_2)
FNDA:131,(anonymous_3)
FNDA:14,(anonymous_4)
FNDA:117,(anonymous_5)
FNDA:117,(anonymous_6)
FNDA:162,(anonymous_7)
FNDA:517,(anonymous_8)
FNDA:0,(anonymous_9)
FNDA:5396,(anonymous_10)
FNDA:0,(anonymous_11)
FNDA:0,(anonymous_12)
FNDA:0,(anonymous_13)
DA:2,1
DA:3,1
DA:15,46
DA:16,46
DA:17,46
DA:18,46
DA:20,46
DA:23,106
DA:24,114
DA:25,114
DA:26,12
DA:29,102
DA:37,131
DA:38,131
DA:39,204
DA:40,131
DA:41,131
DA:47,14
DA:48,14
DA:49,14
DA:50,14
DA:56,117
DA:62,117
DA:68,162
DA:70,0
DA:72,0
DA:74,0
DA:76,0
DA:78,0
DA:80,0
DA:81,0
DA:84,162
DA:90,517
DA:92,0
DA:94,0
DA:95,0
DA:96,0
DA:98,0
DA:100,0
DA:101,0
DA:102,0
DA:104,0
DA:106,0
DA:108,517
DA:114,0
DA:115,0
DA:116,0
DA:121,0
DA:125,0
DA:126,0
DA:128,0
DA:135,5396
DA:136,0
DA:139,0
DA:140,0
DA:141,0
DA:145,0
DA:147,0
DA:150,0
DA:151,0
DA:152,0
DA:153,0
DA:156,0
DA:158,0
DA:159,0
DA:161,0
DA:162,0
DA:164,0
DA:165,0
DA:167,0
DA:168,0
DA:173,1
LF:72
LH:29
BRDA:18,1,0,46
BRDA:18,1,1,0
BRDA:25,2,0,12
BRDA:25,2,1,102
BRDA:25,3,0,114
BRDA:25,3,1,103
BRDA:68,4,0,0
BRDA:68,4,1,0
BRDA:68,4,2,0
BRDA:68,4,3,0
BRDA:68,4,4,0
BRDA:68,4,5,0
BRDA:70,5,0,0
BRDA:70,5,1,0
BRDA:90,6,0,0
BRDA:90,6,1,0
BRDA:90,6,2,0
BRDA:90,6,3,0
BRDA:90,6,4,0
BRDA:90,6,5,0
BRDA:92,7,0,0
BRDA:92,7,1,0
BRDA:94,8,0,0
BRDA:94,8,1,0
BRDA:100,9,0,0
BRDA:100,9,1,0
BRDA:115,10,0,0
BRDA:115,10,1,0
BRDA:128,11,0,0
BRDA:128,11,1,0
BRDA:128,12,0,0
BRDA:128,12,1,0
BRDA:128,12,2,0
BRDA:135,13,0,0
BRDA:135,13,1,5396
BRDA:135,14,0,5396
BRDA:135,14,1,4240
BRDA:139,15,0,0
BRDA:139,15,1,0
BRDA:139,16,0,0
BRDA:139,16,1,0
BRDA:145,17,0,0
BRDA:145,17,1,0
BRDA:145,18,0,0
BRDA:145,18,1,0
BRDA:145,18,2,0
BRDA:150,19,0,0
BRDA:150,19,1,0
BRDA:152,20,0,0
BRDA:152,20,1,0
BRDA:152,21,0,0
BRDA:152,21,1,0
BRDA:152,21,2,0
BRDA:156,22,0,0
BRDA:156,22,1,0
BRDA:156,22,2,0
BRDA:156,22,3,0
BRF:57
BRH:8
end_of_record
TN:
SF:/Users/pleerock/www/opensource/nodejs/typeorm/build/es5/src/connection-manager/error/MissingDriverError.js
FN:6,(anonymous_1)
FNF:1
FNH:0
FNDA:0,(anonymous_1)
DA:7,0
DA:8,0
DA:9,0
DA:12,1
LF:4
LH:1
BRF:0
BRH:0
end_of_record
TN:
SF:/Users/pleerock/www/opensource/nodejs/typeorm/build/es5/src/driver/PostgresDriver.js
FN:12,(anonymous_1)
FN:34,(anonymous_2)
FN:40,(anonymous_3)
FN:46,(anonymous_4)
FN:60,(anonymous_5)
FN:66,(anonymous_6)
FN:81,(anonymous_7)
FN:91,(anonymous_8)
FN:97,(anonymous_9)
FN:114,(anonymous_10)
FN:129,(anonymous_11)
FNF:11
FNH:0
FNDA:0,(anonymous_1)
FNDA:0,(anonymous_2)
FNDA:0,(anonymous_3)
FNDA:0,(anonymous_4)
FNDA:0,(anonymous_5)
FNDA:0,(anonymous_6)
FNDA:0,(anonymous_7)
FNDA:0,(anonymous_8)
FNDA:0,(anonymous_9)
FNDA:0,(anonymous_10)
FNDA:0,(anonymous_11)
DA:2,1
DA:3,1
DA:4,1
DA:13,0
DA:15,0
DA:16,0
DA:17,0
DA:20,0
DA:24,0
DA:26,0
DA:35,0
DA:41,0
DA:49,0
DA:50,0
DA:51,0
DA:61,0
DA:67,0
DA:68,0
DA:75,0
DA:82,0
DA:83,0
DA:84,0
DA:85,0
DA:92,0
DA:98,0
DA:99,0
DA:100,0
DA:101,0
DA:102,0
DA:103,0
DA:104,0
DA:107,0
DA:115,0
DA:116,0
DA:117,0
DA:119,0
DA:120,0
DA:121,0
DA:122,0
DA:123,0
DA:130,0
DA:131,0
DA:134,1
LF:43
LH:4
BRDA:15,1,0,0
BRDA:15,1,1,0
BRDA:15,2,0,0
BRDA:15,2,1,0
BRDA:49,3,0,0
BRDA:49,3,1,0
BRDA:75,4,0,0
BRDA:75,4,1,0
BRDA:101,5,0,0
BRDA:101,5,1,0
BRDA:130,6,0,0
BRDA:130,6,1,0
BRF:12
BRH:0
end_of_record
TN:
SF:/Users/pleerock/www/opensource/nodejs/typeorm/build/es5/src/schema-builder/PostgresSchemaBuilder.js
FN:8,(anonymous_1)
FN:12,(anonymous_2)
FN:40,(anonymous_3)
FN:44,(anonymous_4)
FN:48,(anonymous_5)
FN:52,(anonymous_6)
FN:60,(anonymous_7)
FN:69,(anonymous_8)
FN:74,(anonymous_9)
FN:79,(anonymous_10)
FN:94,(anonymous_11)
FN:99,(anonymous_12)
FN:103,(anonymous_13)
FN:107,(anonymous_14)
FN:111,(anonymous_15)
FN:116,(anonymous_16)
FN:120,(anonymous_17)
FN:128,(anonymous_18)
FN:131,(anonymous_19)
FN:146,(anonymous_20)
FNF:20
FNH:0
FNDA:0,(anonymous_1)
FNDA:0,(anonymous_2)
FNDA:0,(anonymous_3)
FNDA:0,(anonymous_4)
FNDA:0,(anonymous_5)
FNDA:0,(anonymous_6)
FNDA:0,(anonymous_7)
FNDA:0,(anonymous_8)
FNDA:0,(anonymous_9)
FNDA:0,(anonymous_10)
FNDA:0,(anonymous_11)
FNDA:0,(anonymous_12)
FNDA:0,(anonymous_13)
FNDA:0,(anonymous_14)
FNDA:0,(anonymous_15)
FNDA:0,(anonymous_16)
FNDA:0,(anonymous_17)
FNDA:0,(anonymous_18)
FNDA:0,(anonymous_19)
FNDA:0,(anonymous_20)
DA:2,1
DA:3,1
DA:9,0
DA:10,0
DA:13,0
DA:15,0
DA:16,0
DA:17,0
DA:18,0
DA:19,0
DA:20,0
DA:21,0
DA:22,0
DA:23,0
DA:24,0
DA:28,0
DA:36,0
DA:41,0
DA:42,0
DA:45,0
DA:46,0
DA:49,0
DA:50,0
DA:53,0
DA:56,0
DA:57,0
DA:58,0
DA:61,0
DA:62,0
DA:63,0
DA:64,0
DA:66,0
DA:67,0
DA:70,0
DA:72,0
DA:75,0
DA:77,0
DA:80,0
DA:81,0
DA:83,0
DA:84,0
DA:85,0
DA:86,0
DA:95,0
DA:97,0
DA:100,0
DA:101,0
DA:104,0
DA:105,0
DA:108,0
DA:109,0
DA:112,0
DA:114,0
DA:117,0
DA:118,0
DA:121,0
DA:122,0
DA:123,0
DA:129,0
DA:132,0
DA:133,0
DA:134,0
DA:135,0
DA:136,0
DA:140,0
DA:141,0
DA:142,0
DA:143,0
DA:144,0
DA:147,0
DA:148,0
DA:149,0
DA:151,0
DA:152,0
DA:154,0
DA:156,0
DA:158,0
DA:160,0
DA:163,0
DA:165,0
DA:167,0
DA:169,0
DA:172,0
DA:174,0
DA:175,0
DA:177,0
DA:178,0
DA:180,0
DA:181,0
DA:184,0
DA:187,0
DA:189,0
DA:191,0
DA:193,0
DA:195,0
DA:197,0
DA:200,1
LF:97
LH:3
BRDA:18,1,0,0
BRDA:18,1,1,0
BRDA:21,2,0,0
BRDA:21,2,1,0
BRDA:23,3,0,0
BRDA:23,3,1,0
BRDA:28,4,0,0
BRDA:28,4,1,0
BRDA:42,5,0,0
BRDA:42,5,1,0
BRDA:56,6,0,0
BRDA:56,6,1,0
BRDA:62,7,0,0
BRDA:62,7,1,0
BRDA:85,8,0,0
BRDA:85,8,1,0
BRDA:97,9,0,0
BRDA:97,9,1,0
BRDA:97,10,0,0
BRDA:97,10,1,0
BRDA:104,11,0,0
BRDA:104,11,1,0
BRDA:133,12,0,0
BRDA:133,12,1,0
BRDA:135,13,0,0
BRDA:135,13,1,0
BRDA:135,14,0,0
BRDA:135,14,1,0
BRDA:140,15,0,0
BRDA:140,15,1,0
BRDA:142,16,0,0
BRDA:142,16,1,0
BRDA:148,17,0,0
BRDA:148,17,1,0
BRDA:151,18,0,0
BRDA:151,18,1,0
BRDA:151,19,0,0
BRDA:151,19,1,0
BRDA:151,19,2,0
BRDA:154,20,0,0
BRDA:154,20,1,0
BRDA:154,20,2,0
BRDA:154,20,3,0
BRDA:154,20,4,0
BRDA:154,20,5,0
BRDA:154,20,6,0
BRDA:154,20,7,0
BRDA:154,20,8,0
BRDA:154,20,9,0
BRDA:154,20,10,0
BRDA:154,20,11,0
BRDA:154,20,12,0
BRDA:154,20,13,0
BRDA:154,20,14,0
BRDA:154,20,15,0
BRDA:156,21,0,0
BRDA:156,21,1,0
BRDA:174,22,0,0
BRDA:174,22,1,0
BRDA:174,23,0,0
BRDA:174,23,1,0
BRDA:177,24,0,0
BRDA:177,24,1,0
BRDA:180,25,0,0
BRDA:180,25,1,0
BRDA:195,26,0,0
BRDA:195,26,1,0
BRF:67
BRH:0
end_of_record
TN:
SF:/Users/pleerock/www/opensource/nodejs/typeorm/build/es5/src/columns.js
FN:2,__export
FNF:1
FNH:1
FNDA:5,__export
DA:2,1
DA:3,5
DA:5,1
DA:6,1
DA:7,1
DA:8,1
DA:9,1
LF:7
LH:7
BRDA:3,1,0,5
BRDA:3,1,1,0
BRF:2
BRH:1
end_of_record
TN:
SF:/Users/pleerock/www/opensource/nodejs/typeorm/build/es5/src/decorator/columns/Column.js
FN:10,Column
FN:18,(anonymous_2)
FNF:2
FNH:2
FNDA:50,Column
FNDA:50,(anonymous_2)
DA:2,1
DA:3,1
DA:4,1
DA:5,1
DA:10,1
DA:11,50
DA:12,50
DA:13,1
DA:16,49
DA:18,50
DA:20,50
DA:22,50
DA:23,49
DA:25,50
DA:26,42
DA:28,50
DA:29,49
DA:31,50
DA:32,0
DA:34,50
DA:35,0
DA:37,50
DA:44,50
DA:47,1
LF:24
LH:22
BRDA:12,1,0,1
BRDA:12,1,1,49
BRDA:22,2,0,49
BRDA:22,2,1,1
BRDA:25,3,0,42
BRDA:25,3,1,8
BRDA:28,4,0,49
BRDA:28,4,1,1
BRDA:31,5,0,0
BRDA:31,5,1,50
BRDA:34,6,0,0
BRDA:34,6,1,50
BRF:12
BRH:10
end_of_record
TN:
SF:/Users/pleerock/www/opensource/nodejs/typeorm/build/es5/src/decorator/error/ColumnTypeUndefinedError.js
FN:3,(anonymous_1)
FNF:1
FNH:0
FNDA:0,(anonymous_1)
DA:4,0
DA:5,0
DA:6,0
DA:10,1
LF:4
LH:1
BRF:0
BRH:0
end_of_record
TN:
SF:/Users/pleerock/www/opensource/nodejs/typeorm/build/es5/src/decorator/error/AutoIncrementOnlyForPrimaryError.js
FN:3,(anonymous_1)
FNF:1
FNH:0
FNDA:0,(anonymous_1)
DA:4,0
DA:5,0
DA:6,0
DA:10,1
LF:4
LH:1
BRF:0
BRH:0
end_of_record
TN:
SF:/Users/pleerock/www/opensource/nodejs/typeorm/build/es5/src/decorator/columns/PrimaryColumn.js
FN:11,PrimaryColumn
FN:19,(anonymous_2)
FNF:2
FNH:2
FNDA:37,PrimaryColumn
FNDA:37,(anonymous_2)
DA:2,1
DA:3,1
DA:4,1
DA:5,1
DA:11,1
DA:12,37
DA:13,37
DA:14,37
DA:17,0
DA:19,37
DA:20,37
DA:22,37
DA:23,0
DA:25,37
DA:26,0
DA:28,37
DA:29,37
DA:31,37
DA:32,0
DA:34,37
DA:35,0
DA:37,37
DA:44,37
DA:47,1
LF:24
LH:19
BRDA:13,1,0,37
BRDA:13,1,1,0
BRDA:22,2,0,0
BRDA:22,2,1,37
BRDA:25,3,0,0
BRDA:25,3,1,37
BRDA:28,4,0,37
BRDA:28,4,1,0
BRDA:31,5,0,0
BRDA:31,5,1,37
BRDA:34,6,0,0
BRDA:34,6,1,37
BRF:12
BRH:6
end_of_record
TN:
SF:/Users/pleerock/www/opensource/nodejs/typeorm/build/es5/src/decorator/error/PrimaryColumnCannotBeNullableError.js
FN:3,(anonymous_1)
FNF:1
FNH:0
FNDA:0,(anonymous_1)
DA:4,0
DA:5,0
DA:6,0
DA:10,1
LF:4
LH:1
BRF:0
BRH:0
end_of_record
TN:
SF:/Users/pleerock/www/opensource/nodejs/typeorm/build/es5/src/decorator/columns/CreateDateColumn.js
FN:8,CreateDateColumn
FN:9,(anonymous_2)
FNF:2
FNH:0
FNDA:0,CreateDateColumn
FNDA:0,(anonymous_2)
DA:2,1
DA:3,1
DA:8,1
DA:9,0
DA:10,0
DA:12,0
DA:13,0
DA:15,0
DA:17,0
DA:24,0
DA:27,1
LF:11
LH:4
BRDA:12,1,0,0
BRDA:12,1,1,0
BRF:2
BRH:0
end_of_record
TN:
SF:/Users/pleerock/www/opensource/nodejs/typeorm/build/es5/src/decorator/columns/UpdateDateColumn.js
FN:8,UpdateDateColumn
FN:9,(anonymous_2)
FNF:2
FNH:0
FNDA:0,UpdateDateColumn
FNDA:0,(anonymous_2)
DA:2,1
DA:3,1
DA:8,1
DA:9,0
DA:10,0
DA:12,0
DA:13,0
DA:15,0
DA:17,0
DA:24,0
DA:27,1
LF:11
LH:4
BRDA:12,1,0,0
BRDA:12,1,1,0
BRF:2
BRH:0
end_of_record
TN:
SF:/Users/pleerock/www/opensource/nodejs/typeorm/build/es5/src/decorator/columns/RelationsCountColumn.js
FN:6,RelationsCountColumn
FN:7,(anonymous_2)
FNF:2
FNH:2
FNDA:1,RelationsCountColumn
FNDA:1,(anonymous_2)
DA:2,1
DA:6,1
DA:7,1
DA:11,1
DA:16,1
DA:19,1
LF:6
LH:6
BRF:0
BRH:0
end_of_record
TN:
SF:/Users/pleerock/www/opensource/nodejs/typeorm/build/es5/src/tables.js
FN:2,__export
FNF:1
FNH:1
FNDA:2,__export
DA:2,1
DA:3,2
DA:5,1
DA:6,1
LF:4
LH:4
BRDA:3,1,0,2
BRDA:3,1,1,0
BRF:2
BRH:1
end_of_record
TN:
SF:/Users/pleerock/www/opensource/nodejs/typeorm/build/es5/src/decorator/tables/Table.js
FN:7,Table
FN:8,(anonymous_2)
FNF:2
FNH:2
FNDA:36,Table
FNDA:36,(anonymous_2)
DA:2,1
DA:7,1
DA:8,36
DA:9,36
DA:16,36
DA:19,1
LF:6
LH:6
BRDA:13,1,0,0
BRDA:13,1,1,36
BRDA:13,2,0,36
BRDA:13,2,1,0
BRDA:14,3,0,0
BRDA:14,3,1,36
BRDA:14,4,0,36
BRDA:14,4,1,0
BRF:8
BRH:4
end_of_record
TN:
SF:/Users/pleerock/www/opensource/nodejs/typeorm/build/es5/src/decorator/tables/AbstractTable.js
FN:6,AbstractTable
FN:7,(anonymous_2)
FNF:2
FNH:0
FNDA:0,AbstractTable
FNDA:0,(anonymous_2)
DA:2,1
DA:6,1
DA:7,0
DA:8,0
DA:13,0
DA:16,1
LF:6
LH:3
BRF:0
BRH:0
end_of_record
TN:
SF:/Users/pleerock/www/opensource/nodejs/typeorm/build/es5/src/relations.js
FN:2,__export
FNF:1
FNH:1
FNDA:6,__export
DA:2,1
DA:3,6
DA:5,1
DA:6,1
DA:7,1
DA:8,1
DA:9,1
DA:10,1
LF:8
LH:8
BRDA:3,1,0,6
BRDA:3,1,1,0
BRF:2
BRH:1
end_of_record
TN:
SF:/Users/pleerock/www/opensource/nodejs/typeorm/build/es5/src/decorator/relations/OneToOne.js
FN:8,OneToOne
FN:16,(anonymous_2)
FNF:2
FNH:2
FNDA:13,OneToOne
FNDA:13,(anonymous_2)
DA:2,1
DA:3,1
DA:8,1
DA:9,13
DA:10,13
DA:11,1
DA:14,12
DA:16,13
DA:17,13
DA:18,5
DA:19,13
DA:20,13
DA:29,13
DA:32,1
LF:14
LH:14
BRDA:10,1,0,1
BRDA:10,1,1,12
BRDA:17,2,0,5
BRDA:17,2,1,8
BRF:4
BRH:4
end_of_record
TN:
SF:/Users/pleerock/www/opensource/nodejs/typeorm/build/es5/src/decorator/relations/OneToMany.js
FN:8,OneToMany
FN:18,(anonymous_2)
FNF:2
FNH:2
FNDA:9,OneToMany
FNDA:9,(anonymous_2)
DA:2,1
DA:3,1
DA:8,1
DA:9,9
DA:10,9
DA:11,0
DA:14,9
DA:18,9
DA:19,9
DA:20,7
DA:21,9
DA:22,9
DA:31,9
DA:34,1
LF:14
LH:13
BRDA:10,1,0,0
BRDA:10,1,1,9
BRDA:19,2,0,7
BRDA:19,2,1,2
BRF:4
BRH:3
end_of_record
TN:
SF:/Users/pleerock/www/opensource/nodejs/typeorm/build/es5/src/decorator/relations/ManyToOne.js
FN:9,ManyToOne
FN:17,(anonymous_2)
FNF:2
FNH:2
FNDA:11,ManyToOne
FNDA:11,(anonymous_2)
DA:2,1
DA:3,1
DA:9,1
DA:10,11
DA:11,11
DA:12,1
DA:15,10
DA:17,11
DA:18,11
DA:19,5
DA:20,11
DA:21,11
DA:30,11
DA:33,1
LF:14
LH:14
BRDA:11,1,0,1
BRDA:11,1,1,10
BRDA:18,2,0,5
BRDA:18,2,1,6
BRF:4
BRH:4
end_of_record
TN:
SF:/Users/pleerock/www/opensource/nodejs/typeorm/build/es5/src/decorator/relations/ManyToMany.js
FN:9,ManyToMany
FN:17,(anonymous_2)
FNF:2
FNH:2
FNDA:15,ManyToMany
FNDA:15,(anonymous_2)
DA:2,1
DA:3,1
DA:9,1
DA:10,15
DA:11,15
DA:12,1
DA:15,14
DA:17,15
DA:18,15
DA:19,8
DA:20,15
DA:21,15
DA:30,15
DA:33,1
LF:14
LH:14
BRDA:11,1,0,1
BRDA:11,1,1,14
BRDA:18,2,0,8
BRDA:18,2,1,7
BRF:4
BRH:4
end_of_record
TN:
SF:/Users/pleerock/www/opensource/nodejs/typeorm/build/es5/src/decorator/relations/JoinTable.js
FN:5,JoinTable
FN:6,(anonymous_2)
FNF:2
FNH:2
FNDA:8,JoinTable
FNDA:8,(anonymous_2)
DA:2,1
DA:5,1
DA:6,8
DA:7,8
DA:8,8
DA:15,8
DA:18,1
LF:7
LH:7
BRDA:7,1,0,8
BRDA:7,1,1,8
BRF:2
BRH:2
end_of_record
TN:
SF:/Users/pleerock/www/opensource/nodejs/typeorm/build/es5/src/decorator/relations/JoinColumn.js
FN:5,JoinColumn
FN:6,(anonymous_2)
FNF:2
FNH:2
FNDA:8,JoinColumn
FNDA:8,(anonymous_2)
DA:2,1
DA:5,1
DA:6,8
DA:7,8
DA:8,8
DA:14,8
DA:17,1
LF:7
LH:7
BRDA:7,1,0,8
BRDA:7,1,1,6
BRF:2
BRH:2
end_of_record
TN:
SF:/Users/pleerock/www/opensource/nodejs/typeorm/build/es5/src/decorator/tables/ClosureTable.js
FN:7,ClosureTable
FN:8,(anonymous_2)
FNF:2
FNH:2
FNDA:1,ClosureTable
FNDA:1,(anonymous_2)
DA:2,1
DA:7,1
DA:8,1
DA:9,1
DA:16,1
DA:19,1
LF:6
LH:6
BRDA:13,1,0,0
BRDA:13,1,1,1
BRDA:13,2,0,1
BRDA:13,2,1,0
BRDA:14,3,0,0
BRDA:14,3,1,1
BRDA:14,4,0,1
BRDA:14,4,1,0
BRF:8
BRH:4
end_of_record
TN:
SF:/Users/pleerock/www/opensource/nodejs/typeorm/build/es5/src/decorator/tree/TreeParent.js
FN:7,TreeParent
FN:8,(anonymous_2)
FNF:2
FNH:2
FNDA:1,TreeParent
FNDA:1,(anonymous_2)
DA:2,1
DA:3,1
DA:7,1
DA:8,1
DA:9,1
DA:10,1
DA:11,1
DA:12,1
DA:18,8
DA:21,1
DA:24,1
LF:11
LH:11
BRDA:9,1,0,1
BRDA:9,1,1,0
BRF:2
BRH:1
end_of_record
TN:
SF:/Users/pleerock/www/opensource/nodejs/typeorm/build/es5/src/decorator/tree/TreeChildren.js
FN:7,TreeChildren
FN:8,(anonymous_2)
FNF:2
FNH:2
FNDA:1,TreeChildren
FNDA:1,(anonymous_2)
DA:2,1
DA:3,1
DA:7,1
DA:8,1
DA:9,1
DA:10,0
DA:11,1
DA:13,1
DA:19,8
DA:22,1
DA:25,1
LF:11
LH:10
BRDA:9,1,0,0
BRDA:9,1,1,1
BRF:2
BRH:1
end_of_record
TN:
SF:/Users/pleerock/www/opensource/nodejs/typeorm/build/es5/src/decorator/tree/TreeLevelColumn.js
FN:7,TreeLevelColumn
FN:8,(anonymous_2)
FNF:2
FNH:2
FNDA:1,TreeLevelColumn
FNDA:1,(anonymous_2)
DA:2,1
DA:3,1
DA:7,1
DA:8,1
DA:9,1
DA:11,1
DA:13,1
DA:15,1
DA:22,1
DA:25,1
LF:10
LH:10
BRF:0
BRH:0
end_of_record
TN:
SF:/Users/pleerock/www/opensource/nodejs/typeorm/build/es5/src/decorator/NamingStrategy.js
FN:6,NamingStrategy
FN:7,(anonymous_2)
FNF:2
FNH:2
FNDA:2,NamingStrategy
FNDA:2,(anonymous_2)
DA:2,1
DA:6,1
DA:7,2
DA:8,2
DA:9,2
DA:13,2
DA:16,1
LF:7
LH:7
BRDA:8,1,0,2
BRDA:8,1,1,0
BRF:2
BRH:1
end_of_record
TN:
SF:/Users/pleerock/www/opensource/nodejs/typeorm/build/es5/src/decorator/listeners/EventSubscriber.js
FN:7,EntityEventSubscriber
FN:8,(anonymous_2)
FNF:2
FNH:2
FNDA:2,EntityEventSubscriber
FNDA:2,(anonymous_2)
DA:2,1
DA:7,1
DA:8,2
DA:9,2
DA:12,2
DA:15,1
LF:6
LH:6
BRF:0
BRH:0
end_of_record
